[1.446s] Invoking command in '/home/caden/Documents/rotom/src/ros2_ws/build/rotom_vision': PYTHONPATH=/home/caden/Documents/rotom/src/ros2_ws/build/rotom_vision/prefix_override:/usr/lib/python3/dist-packages/colcon_core/task/python/colcon_distutils_commands:/home/caden/Documents/rotom/src/ros2_ws/install/rotom_vision/lib/python3.10/site-packages:${PYTHONPATH} /usr/bin/python3 -W ignore:setup.py install is deprecated -W ignore:easy_install command is deprecated setup.py develop --editable --build-directory /home/caden/Documents/rotom/src/ros2_ws/build/rotom_vision/build --no-deps symlink_data
[2.006s] running develop
[2.414s] running egg_info
[2.414s] writing rotom_vision.egg-info/PKG-INFO
[2.415s] writing dependency_links to rotom_vision.egg-info/dependency_links.txt
[2.415s] writing entry points to rotom_vision.egg-info/entry_points.txt
[2.415s] writing requirements to rotom_vision.egg-info/requires.txt
[2.416s] writing top-level names to rotom_vision.egg-info/top_level.txt
[2.420s] reading manifest file 'rotom_vision.egg-info/SOURCES.txt'
[2.421s] writing manifest file 'rotom_vision.egg-info/SOURCES.txt'
[2.424s] running build_ext
[2.425s] Creating /home/caden/Documents/rotom/src/ros2_ws/install/rotom_vision/lib/python3.10/site-packages/rotom-vision.egg-link (link to .)
[2.427s] Installing aruco_tracker script to /home/caden/Documents/rotom/src/ros2_ws/install/rotom_vision/lib/rotom_vision
[2.428s] Installing marker_follower script to /home/caden/Documents/rotom/src/ros2_ws/install/rotom_vision/lib/rotom_vision
[2.428s] Installing stereo_splitter script to /home/caden/Documents/rotom/src/ros2_ws/install/rotom_vision/lib/rotom_vision
[2.429s] Installing visual_servo script to /home/caden/Documents/rotom/src/ros2_ws/install/rotom_vision/lib/rotom_vision
[2.429s] 
[2.429s] Installed /home/caden/Documents/rotom/src/ros2_ws/build/rotom_vision
[2.429s] running symlink_data
[2.520s] Invoked command in '/home/caden/Documents/rotom/src/ros2_ws/build/rotom_vision' returned '0': PYTHONPATH=/home/caden/Documents/rotom/src/ros2_ws/build/rotom_vision/prefix_override:/usr/lib/python3/dist-packages/colcon_core/task/python/colcon_distutils_commands:/home/caden/Documents/rotom/src/ros2_ws/install/rotom_vision/lib/python3.10/site-packages:${PYTHONPATH} /usr/bin/python3 -W ignore:setup.py install is deprecated -W ignore:easy_install command is deprecated setup.py develop --editable --build-directory /home/caden/Documents/rotom/src/ros2_ws/build/rotom_vision/build --no-deps symlink_data
