[1.567s] Invoking command in '/home/caden/Documents/rotom/src/ros2_ws/build/rotom_control': PYTHONPATH=/home/caden/Documents/rotom/src/ros2_ws/build/rotom_control/prefix_override:/usr/lib/python3/dist-packages/colcon_core/task/python/colcon_distutils_commands:/home/caden/Documents/rotom/src/ros2_ws/install/rotom_control/lib/python3.10/site-packages:${PYTHONPATH} /usr/bin/python3 -W ignore:setup.py install is deprecated -W ignore:easy_install command is deprecated setup.py develop --uninstall --editable --build-directory /home/caden/Documents/rotom/src/ros2_ws/build/rotom_control/build
[2.246s] running develop
[2.770s] Removing /home/caden/Documents/rotom/src/ros2_ws/install/rotom_control/lib/python3.10/site-packages/rotom-control.egg-link (link to .)
[2.881s] Invoked command in '/home/caden/Documents/rotom/src/ros2_ws/build/rotom_control' returned '0': PYTHONPATH=/home/caden/Documents/rotom/src/ros2_ws/build/rotom_control/prefix_override:/usr/lib/python3/dist-packages/colcon_core/task/python/colcon_distutils_commands:/home/caden/Documents/rotom/src/ros2_ws/install/rotom_control/lib/python3.10/site-packages:${PYTHONPATH} /usr/bin/python3 -W ignore:setup.py install is deprecated -W ignore:easy_install command is deprecated setup.py develop --uninstall --editable --build-directory /home/caden/Documents/rotom/src/ros2_ws/build/rotom_control/build
[2.885s] Invoking command in '/home/caden/Documents/rotom/src/ros2_ws/src/rotom_control': PYTHONPATH=/home/caden/Documents/rotom/src/ros2_ws/build/rotom_control/prefix_override:/usr/lib/python3/dist-packages/colcon_core/task/python/colcon_distutils_commands:/home/caden/Documents/rotom/src/ros2_ws/install/rotom_control/lib/python3.10/site-packages:${PYTHONPATH} /usr/bin/python3 -W ignore:setup.py install is deprecated -W ignore:easy_install command is deprecated setup.py egg_info --egg-base ../../build/rotom_control build --build-base /home/caden/Documents/rotom/src/ros2_ws/build/rotom_control/build install --record /home/caden/Documents/rotom/src/ros2_ws/build/rotom_control/install.log --single-version-externally-managed install_data --force
[3.434s] running egg_info
[3.435s] writing ../../build/rotom_control/rotom_control.egg-info/PKG-INFO
[3.436s] writing dependency_links to ../../build/rotom_control/rotom_control.egg-info/dependency_links.txt
[3.436s] writing entry points to ../../build/rotom_control/rotom_control.egg-info/entry_points.txt
[3.437s] writing requirements to ../../build/rotom_control/rotom_control.egg-info/requires.txt
[3.437s] writing top-level names to ../../build/rotom_control/rotom_control.egg-info/top_level.txt
[3.440s] reading manifest file '../../build/rotom_control/rotom_control.egg-info/SOURCES.txt'
[3.443s] writing manifest file '../../build/rotom_control/rotom_control.egg-info/SOURCES.txt'
[3.443s] running build
[3.444s] running build_py
[3.444s] creating /home/caden/Documents/rotom/src/ros2_ws/build/rotom_control/build
[3.444s] creating /home/caden/Documents/rotom/src/ros2_ws/build/rotom_control/build/lib
[3.445s] creating /home/caden/Documents/rotom/src/ros2_ws/build/rotom_control/build/lib/rotom_control
[3.445s] copying rotom_control/ros2_motor_bridge.py -> /home/caden/Documents/rotom/src/ros2_ws/build/rotom_control/build/lib/rotom_control
[3.445s] copying rotom_control/__init__.py -> /home/caden/Documents/rotom/src/ros2_ws/build/rotom_control/build/lib/rotom_control
[3.445s] running install
[3.445s] running install_lib
[3.446s] creating /home/caden/Documents/rotom/src/ros2_ws/install/rotom_control/lib/python3.10/site-packages/rotom_control
[3.447s] copying /home/caden/Documents/rotom/src/ros2_ws/build/rotom_control/build/lib/rotom_control/ros2_motor_bridge.py -> /home/caden/Documents/rotom/src/ros2_ws/install/rotom_control/lib/python3.10/site-packages/rotom_control
[3.447s] copying /home/caden/Documents/rotom/src/ros2_ws/build/rotom_control/build/lib/rotom_control/__init__.py -> /home/caden/Documents/rotom/src/ros2_ws/install/rotom_control/lib/python3.10/site-packages/rotom_control
[3.448s] byte-compiling /home/caden/Documents/rotom/src/ros2_ws/install/rotom_control/lib/python3.10/site-packages/rotom_control/ros2_motor_bridge.py to ros2_motor_bridge.cpython-310.pyc
[3.457s] byte-compiling /home/caden/Documents/rotom/src/ros2_ws/install/rotom_control/lib/python3.10/site-packages/rotom_control/__init__.py to __init__.cpython-310.pyc
[3.457s] running install_data
[3.458s] copying resource/rotom_control -> /home/caden/Documents/rotom/src/ros2_ws/install/rotom_control/share/ament_index/resource_index/packages
[3.458s] copying package.xml -> /home/caden/Documents/rotom/src/ros2_ws/install/rotom_control/share/rotom_control
[3.459s] copying launch/rotom_control.launch.py -> /home/caden/Documents/rotom/src/ros2_ws/install/rotom_control/share/rotom_control/launch
[3.459s] copying config/rotom_control.yaml -> /home/caden/Documents/rotom/src/ros2_ws/install/rotom_control/share/rotom_control/config
[3.459s] running install_egg_info
[3.467s] Copying ../../build/rotom_control/rotom_control.egg-info to /home/caden/Documents/rotom/src/ros2_ws/install/rotom_control/lib/python3.10/site-packages/rotom_control-0.0.1-py3.10.egg-info
[3.467s] running install_scripts
[3.511s] Installing rotom_motor_bridge script to /home/caden/Documents/rotom/src/ros2_ws/install/rotom_control/lib/rotom_control
[3.511s] writing list of installed files to '/home/caden/Documents/rotom/src/ros2_ws/build/rotom_control/install.log'
[3.590s] Invoked command in '/home/caden/Documents/rotom/src/ros2_ws/src/rotom_control' returned '0': PYTHONPATH=/home/caden/Documents/rotom/src/ros2_ws/build/rotom_control/prefix_override:/usr/lib/python3/dist-packages/colcon_core/task/python/colcon_distutils_commands:/home/caden/Documents/rotom/src/ros2_ws/install/rotom_control/lib/python3.10/site-packages:${PYTHONPATH} /usr/bin/python3 -W ignore:setup.py install is deprecated -W ignore:easy_install command is deprecated setup.py egg_info --egg-base ../../build/rotom_control build --build-base /home/caden/Documents/rotom/src/ros2_ws/build/rotom_control/build install --record /home/caden/Documents/rotom/src/ros2_ws/build/rotom_control/install.log --single-version-externally-managed install_data --force
