/home/caden/Documents/rotom/src/ros2_ws/install/rotom_description/lib/python3.10/site-packages/rotom_description/__init__.py
/home/caden/Documents/rotom/src/ros2_ws/install/rotom_description/lib/python3.10/site-packages/rotom_description/__pycache__/__init__.cpython-310.pyc
/home/caden/Documents/rotom/src/ros2_ws/install/rotom_description/share/ament_index/resource_index/packages/rotom_description
/home/caden/Documents/rotom/src/ros2_ws/install/rotom_description/share/rotom_description/package.xml
/home/caden/Documents/rotom/src/ros2_ws/install/rotom_description/share/rotom_description/launch/view_robot.launch.py
/home/caden/Documents/rotom/src/ros2_ws/install/rotom_description/share/rotom_description/urdf/rotom.urdf.xacro
/home/caden/Documents/rotom/src/ros2_ws/install/rotom_description/share/rotom_description/rviz/view_robot.rviz
/home/caden/Documents/rotom/src/ros2_ws/install/rotom_description/share/rotom_description/meshes/visual/flick2claw.stl
/home/caden/Documents/rotom/src/ros2_ws/install/rotom_description/share/rotom_description/meshes/visual/elbow2wrist.stl
/home/caden/Documents/rotom/src/ros2_ws/install/rotom_description/share/rotom_description/meshes/visual/wrist2flick.stl
/home/caden/Documents/rotom/src/ros2_ws/install/rotom_description/share/rotom_description/meshes/visual/origin2base.stl
/home/caden/Documents/rotom/src/ros2_ws/install/rotom_description/share/rotom_description/meshes/visual/base2shoulder.stl
/home/caden/Documents/rotom/src/ros2_ws/install/rotom_description/share/rotom_description/meshes/visual/EE.stl
/home/caden/Documents/rotom/src/ros2_ws/install/rotom_description/share/rotom_description/meshes/visual/shoulder2elbow.stl
/home/caden/Documents/rotom/src/ros2_ws/install/rotom_description/share/rotom_description/meshes/collision
/home/caden/Documents/rotom/src/ros2_ws/install/rotom_description/lib/python3.10/site-packages/rotom_description-0.0.0-py3.10.egg-info/requires.txt
/home/caden/Documents/rotom/src/ros2_ws/install/rotom_description/lib/python3.10/site-packages/rotom_description-0.0.0-py3.10.egg-info/PKG-INFO
/home/caden/Documents/rotom/src/ros2_ws/install/rotom_description/lib/python3.10/site-packages/rotom_description-0.0.0-py3.10.egg-info/dependency_links.txt
/home/caden/Documents/rotom/src/ros2_ws/install/rotom_description/lib/python3.10/site-packages/rotom_description-0.0.0-py3.10.egg-info/top_level.txt
/home/caden/Documents/rotom/src/ros2_ws/install/rotom_description/lib/python3.10/site-packages/rotom_description-0.0.0-py3.10.egg-info/entry_points.txt
/home/caden/Documents/rotom/src/ros2_ws/install/rotom_description/lib/python3.10/site-packages/rotom_description-0.0.0-py3.10.egg-info/SOURCES.txt
/home/caden/Documents/rotom/src/ros2_ws/install/rotom_description/lib/python3.10/site-packages/rotom_description-0.0.0-py3.10.egg-info/zip-safe
