[1.386s] Invoking command in '/home/caden/Documents/rotom/src/ros2_ws/src/rotom_description': CONDA_PROMPT_MODIFIER=(rotom) PYTHONPATH=/home/caden/Documents/rotom/src/ros2_ws/build/rotom_description/prefix_override:/usr/lib/python3/dist-packages/colcon_core/task/python/colcon_distutils_commands:/home/caden/Documents/rotom/src/ros2_ws/install/rotom_description/lib/python3.10/site-packages:${PYTHONPATH} /usr/bin/python3 -W ignore:setup.py install is deprecated -W ignore:easy_install command is deprecated setup.py egg_info --egg-base ../../build/rotom_description build --build-base /home/caden/Documents/rotom/src/ros2_ws/build/rotom_description/build install --record /home/caden/Documents/rotom/src/ros2_ws/build/rotom_description/install.log --single-version-externally-managed install_data
[1.910s] running egg_info
[1.912s] writing ../../build/rotom_description/rotom_description.egg-info/PKG-INFO
[1.913s] writing dependency_links to ../../build/rotom_description/rotom_description.egg-info/dependency_links.txt
[1.913s] writing entry points to ../../build/rotom_description/rotom_description.egg-info/entry_points.txt
[1.914s] writing requirements to ../../build/rotom_description/rotom_description.egg-info/requires.txt
[1.914s] writing top-level names to ../../build/rotom_description/rotom_description.egg-info/top_level.txt
[1.919s] reading manifest file '../../build/rotom_description/rotom_description.egg-info/SOURCES.txt'
[1.921s] writing manifest file '../../build/rotom_description/rotom_description.egg-info/SOURCES.txt'
[1.922s] running build
[1.923s] running build_py
[1.923s] running install
[1.923s] running install_lib
[1.926s] running install_data
[1.927s] copying urdf/rotom.urdf.xacro -> /home/caden/Documents/rotom/src/ros2_ws/install/rotom_description/share/rotom_description/urdf
[1.927s] running install_egg_info
[1.934s] removing '/home/caden/Documents/rotom/src/ros2_ws/install/rotom_description/lib/python3.10/site-packages/rotom_description-0.0.0-py3.10.egg-info' (and everything under it)
[1.935s] Copying ../../build/rotom_description/rotom_description.egg-info to /home/caden/Documents/rotom/src/ros2_ws/install/rotom_description/lib/python3.10/site-packages/rotom_description-0.0.0-py3.10.egg-info
[1.937s] running install_scripts
[1.982s] writing list of installed files to '/home/caden/Documents/rotom/src/ros2_ws/build/rotom_description/install.log'
[2.064s] Invoked command in '/home/caden/Documents/rotom/src/ros2_ws/src/rotom_description' returned '0': CONDA_PROMPT_MODIFIER=(rotom) PYTHONPATH=/home/caden/Documents/rotom/src/ros2_ws/build/rotom_description/prefix_override:/usr/lib/python3/dist-packages/colcon_core/task/python/colcon_distutils_commands:/home/caden/Documents/rotom/src/ros2_ws/install/rotom_description/lib/python3.10/site-packages:${PYTHONPATH} /usr/bin/python3 -W ignore:setup.py install is deprecated -W ignore:easy_install command is deprecated setup.py egg_info --egg-base ../../build/rotom_description build --build-base /home/caden/Documents/rotom/src/ros2_ws/build/rotom_description/build install --record /home/caden/Documents/rotom/src/ros2_ws/build/rotom_description/install.log --single-version-externally-managed install_data
