running egg_info
writing ../../build/rotom_control/rotom_control.egg-info/PKG-INFO
writing dependency_links to ../../build/rotom_control/rotom_control.egg-info/dependency_links.txt
writing entry points to ../../build/rotom_control/rotom_control.egg-info/entry_points.txt
writing requirements to ../../build/rotom_control/rotom_control.egg-info/requires.txt
writing top-level names to ../../build/rotom_control/rotom_control.egg-info/top_level.txt
reading manifest file '../../build/rotom_control/rotom_control.egg-info/SOURCES.txt'
writing manifest file '../../build/rotom_control/rotom_control.egg-info/SOURCES.txt'
running build
running build_py
copying rotom_control/ros2_motor_bridge.py -> /home/caden/Documents/rotom/src/ros2_ws/build/rotom_control/build/lib/rotom_control
running install
running install_lib
copying /home/caden/Documents/rotom/src/ros2_ws/build/rotom_control/build/lib/rotom_control/ros2_motor_bridge.py -> /home/caden/Documents/rotom/src/ros2_ws/install/rotom_control/lib/python3.10/site-packages/rotom_control
byte-compiling /home/caden/Documents/rotom/src/ros2_ws/install/rotom_control/lib/python3.10/site-packages/rotom_control/ros2_motor_bridge.py to ros2_motor_bridge.cpython-310.pyc
running install_data
copying config/rotom_control.yaml -> /home/caden/Documents/rotom/src/ros2_ws/install/rotom_control/share/rotom_control/config
running install_egg_info
removing '/home/caden/Documents/rotom/src/ros2_ws/install/rotom_control/lib/python3.10/site-packages/rotom_control-0.0.1-py3.10.egg-info' (and everything under it)
Copying ../../build/rotom_control/rotom_control.egg-info to /home/caden/Documents/rotom/src/ros2_ws/install/rotom_control/lib/python3.10/site-packages/rotom_control-0.0.1-py3.10.egg-info
running install_scripts
Installing rotom_motor_bridge script to /home/caden/Documents/rotom/src/ros2_ws/install/rotom_control/lib/rotom_control
writing list of installed files to '/home/caden/Documents/rotom/src/ros2_ws/build/rotom_control/install.log'
