[0.019s] Invoking command in '/home/caden/Documents/rotom/src/ros2_ws/build/rotom_moveit_config': AMENT_PREFIX_PATH=/home/caden/Documents/rotom/src/ros2_ws/install/rotom_description:/home/caden/Documents/rotom/src/ros2_ws/install/rotom_moveit_config:/opt/ros/humble CMAKE_PREFIX_PATH=${CMAKE_PREFIX_PATH}:/home/caden/Documents/rotom/src/ros2_ws/install/rotom_description:/opt/ros/humble PIXI_PROMPT=(rotom) PS1=(rotom) \[\e]0;\u@\h: \w\a\]${debian_chroot:+($debian_chroot)}\[\033[01;32m\]\u@\h\[\033[00m\]:\[\033[01;34m\]\w\[\033[00m\]\$ /usr/bin/cmake /home/caden/Documents/rotom/src/ros2_ws/src/rotom_moveit_config -DAMENT_CMAKE_SYMLINK_INSTALL=1 -DCMAKE_INSTALL_PREFIX=/home/caden/Documents/rotom/src/ros2_ws/install/rotom_moveit_config
[0.195s] -- The C compiler identification is GNU 11.4.0
[0.353s] -- The CXX compiler identification is GNU 11.4.0
[0.377s] -- Detecting C compiler ABI info
[0.529s] -- Detecting C compiler ABI info - done
[0.543s] -- Check for working C compiler: /usr/bin/cc - skipped
[0.543s] -- Detecting C compile features
[0.545s] -- Detecting C compile features - done
[0.554s] -- Detecting CXX compiler ABI info
[0.716s] -- Detecting CXX compiler ABI info - done
[0.742s] -- Check for working CXX compiler: /usr/bin/c++ - skipped
[0.742s] -- Detecting CXX compile features
[0.744s] -- Detecting CXX compile features - done
[0.756s] -- Found ament_cmake: 1.3.12 (/opt/ros/humble/share/ament_cmake/cmake)
[1.076s] -- Found Python3: /home/caden/Documents/rotom/.pixi/envs/default/bin/python3 (found version "3.10.19") found components: Interpreter 
[1.301s] -- Override CMake install command with custom implementation using symlinks instead of copying resources
[1.425s] Traceback (most recent call last):
[1.426s]   File "/opt/ros/humble/share/ament_cmake_core/cmake/core/package_xml_2_cmake.py", line 22, in <module>
[1.426s]     from catkin_pkg.package import parse_package_string
[1.426s] ModuleNotFoundError: No module named 'catkin_pkg'
[1.433s] [31mCMake Error at /opt/ros/humble/share/ament_cmake_core/cmake/core/ament_package_xml.cmake:95 (message):
[1.434s]   execute_process(/home/caden/Documents/rotom/.pixi/envs/default/bin/python3
[1.434s]   /opt/ros/humble/share/ament_cmake_core/cmake/core/package_xml_2_cmake.py
[1.435s]   /home/caden/Documents/rotom/src/ros2_ws/src/rotom_moveit_config/package.xml
[1.435s]   /home/caden/Documents/rotom/src/ros2_ws/build/rotom_moveit_config/ament_cmake_core/package.cmake)
[1.435s]   returned error code 1
[1.435s] Call Stack (most recent call first):
[1.435s]   /opt/ros/humble/share/ament_cmake_core/cmake/core/ament_package_xml.cmake:49 (_ament_package_xml)
[1.436s]   /opt/ros/humble/share/ament_cmake_core/cmake/core/ament_package.cmake:63 (ament_package_xml)
[1.436s]   CMakeLists.txt:6 (ament_package)
[1.436s] 
[1.437s] [0m
[1.437s] -- Configuring incomplete, errors occurred!
[1.437s] See also "/home/caden/Documents/rotom/src/ros2_ws/build/rotom_moveit_config/CMakeFiles/CMakeOutput.log".
[1.447s] Invoked command in '/home/caden/Documents/rotom/src/ros2_ws/build/rotom_moveit_config' returned '1': AMENT_PREFIX_PATH=/home/caden/Documents/rotom/src/ros2_ws/install/rotom_description:/home/caden/Documents/rotom/src/ros2_ws/install/rotom_moveit_config:/opt/ros/humble CMAKE_PREFIX_PATH=${CMAKE_PREFIX_PATH}:/home/caden/Documents/rotom/src/ros2_ws/install/rotom_description:/opt/ros/humble PIXI_PROMPT=(rotom) PS1=(rotom) \[\e]0;\u@\h: \w\a\]${debian_chroot:+($debian_chroot)}\[\033[01;32m\]\u@\h\[\033[00m\]:\[\033[01;34m\]\w\[\033[00m\]\$ /usr/bin/cmake /home/caden/Documents/rotom/src/ros2_ws/src/rotom_moveit_config -DAMENT_CMAKE_SYMLINK_INSTALL=1 -DCMAKE_INSTALL_PREFIX=/home/caden/Documents/rotom/src/ros2_ws/install/rotom_moveit_config
