/home/caden/Documents/rotom/src/ros2_ws/install/rotom_vision/lib/python3.10/site-packages/rotom_vision/marker_follower_node.py
/home/caden/Documents/rotom/src/ros2_ws/install/rotom_vision/lib/python3.10/site-packages/rotom_vision/__init__.py
/home/caden/Documents/rotom/src/ros2_ws/install/rotom_vision/lib/python3.10/site-packages/rotom_vision/stereo_splitter_node.py
/home/caden/Documents/rotom/src/ros2_ws/install/rotom_vision/lib/python3.10/site-packages/rotom_vision/aruco_tracker_node.py
/home/caden/Documents/rotom/src/ros2_ws/install/rotom_vision/lib/python3.10/site-packages/rotom_vision/math_utils.py
/home/caden/Documents/rotom/src/ros2_ws/install/rotom_vision/lib/python3.10/site-packages/rotom_vision/__pycache__/marker_follower_node.cpython-310.pyc
/home/caden/Documents/rotom/src/ros2_ws/install/rotom_vision/lib/python3.10/site-packages/rotom_vision/__pycache__/__init__.cpython-310.pyc
/home/caden/Documents/rotom/src/ros2_ws/install/rotom_vision/lib/python3.10/site-packages/rotom_vision/__pycache__/stereo_splitter_node.cpython-310.pyc
/home/caden/Documents/rotom/src/ros2_ws/install/rotom_vision/lib/python3.10/site-packages/rotom_vision/__pycache__/aruco_tracker_node.cpython-310.pyc
/home/caden/Documents/rotom/src/ros2_ws/install/rotom_vision/lib/python3.10/site-packages/rotom_vision/__pycache__/math_utils.cpython-310.pyc
/home/caden/Documents/rotom/src/ros2_ws/install/rotom_vision/share/ament_index/resource_index/packages/rotom_vision
/home/caden/Documents/rotom/src/ros2_ws/install/rotom_vision/share/rotom_vision/package.xml
/home/caden/Documents/rotom/src/ros2_ws/install/rotom_vision/share/rotom_vision/launch/vision_pipeline.launch.py
/home/caden/Documents/rotom/src/ros2_ws/install/rotom_vision/share/rotom_vision/config/vision_pipeline.yaml
/home/caden/Documents/rotom/src/ros2_ws/install/rotom_vision/lib/python3.10/site-packages/rotom_vision-0.0.1-py3.10.egg-info/requires.txt
/home/caden/Documents/rotom/src/ros2_ws/install/rotom_vision/lib/python3.10/site-packages/rotom_vision-0.0.1-py3.10.egg-info/PKG-INFO
/home/caden/Documents/rotom/src/ros2_ws/install/rotom_vision/lib/python3.10/site-packages/rotom_vision-0.0.1-py3.10.egg-info/dependency_links.txt
/home/caden/Documents/rotom/src/ros2_ws/install/rotom_vision/lib/python3.10/site-packages/rotom_vision-0.0.1-py3.10.egg-info/top_level.txt
/home/caden/Documents/rotom/src/ros2_ws/install/rotom_vision/lib/python3.10/site-packages/rotom_vision-0.0.1-py3.10.egg-info/entry_points.txt
/home/caden/Documents/rotom/src/ros2_ws/install/rotom_vision/lib/python3.10/site-packages/rotom_vision-0.0.1-py3.10.egg-info/SOURCES.txt
/home/caden/Documents/rotom/src/ros2_ws/install/rotom_vision/lib/python3.10/site-packages/rotom_vision-0.0.1-py3.10.egg-info/zip-safe
/home/caden/Documents/rotom/src/ros2_ws/install/rotom_vision/lib/rotom_vision/aruco_tracker
/home/caden/Documents/rotom/src/ros2_ws/install/rotom_vision/lib/rotom_vision/marker_follower
/home/caden/Documents/rotom/src/ros2_ws/install/rotom_vision/lib/rotom_vision/stereo_splitter
