running egg_info
writing ../../build/rotom_vision/rotom_vision.egg-info/PKG-INFO
writing dependency_links to ../../build/rotom_vision/rotom_vision.egg-info/dependency_links.txt
writing entry points to ../../build/rotom_vision/rotom_vision.egg-info/entry_points.txt
writing requirements to ../../build/rotom_vision/rotom_vision.egg-info/requires.txt
writing top-level names to ../../build/rotom_vision/rotom_vision.egg-info/top_level.txt
reading manifest file '../../build/rotom_vision/rotom_vision.egg-info/SOURCES.txt'
writing manifest file '../../build/rotom_vision/rotom_vision.egg-info/SOURCES.txt'
running build
running build_py
running install
running install_lib
running install_data
copying launch/vision_pipeline.launch.py -> /home/caden/Documents/rotom/src/ros2_ws/install/rotom_vision/share/rotom_vision/launch
running install_egg_info
removing '/home/caden/Documents/rotom/src/ros2_ws/install/rotom_vision/lib/python3.10/site-packages/rotom_vision-0.0.1-py3.10.egg-info' (and everything under it)
Copying ../../build/rotom_vision/rotom_vision.egg-info to /home/caden/Documents/rotom/src/ros2_ws/install/rotom_vision/lib/python3.10/site-packages/rotom_vision-0.0.1-py3.10.egg-info
running install_scripts
Installing aruco_tracker script to /home/caden/Documents/rotom/src/ros2_ws/install/rotom_vision/lib/rotom_vision
Installing marker_follower script to /home/caden/Documents/rotom/src/ros2_ws/install/rotom_vision/lib/rotom_vision
Installing stereo_splitter script to /home/caden/Documents/rotom/src/ros2_ws/install/rotom_vision/lib/rotom_vision
writing list of installed files to '/home/caden/Documents/rotom/src/ros2_ws/build/rotom_vision/install.log'
