[1.583s] Invoking command in '/home/caden/Documents/rotom/src/ros2_ws/src/rotom_vision': PYTHONPATH=/home/caden/Documents/rotom/src/ros2_ws/build/rotom_vision/prefix_override:/usr/lib/python3/dist-packages/colcon_core/task/python/colcon_distutils_commands:/home/caden/Documents/rotom/src/ros2_ws/install/rotom_vision/lib/python3.10/site-packages:${PYTHONPATH} /usr/bin/python3 -W ignore:setup.py install is deprecated -W ignore:easy_install command is deprecated setup.py egg_info --egg-base ../../build/rotom_vision build --build-base /home/caden/Documents/rotom/src/ros2_ws/build/rotom_vision/build install --record /home/caden/Documents/rotom/src/ros2_ws/build/rotom_vision/install.log --single-version-externally-managed install_data
[2.186s] running egg_info
[2.187s] writing ../../build/rotom_vision/rotom_vision.egg-info/PKG-INFO
[2.188s] writing dependency_links to ../../build/rotom_vision/rotom_vision.egg-info/dependency_links.txt
[2.188s] writing entry points to ../../build/rotom_vision/rotom_vision.egg-info/entry_points.txt
[2.188s] writing requirements to ../../build/rotom_vision/rotom_vision.egg-info/requires.txt
[2.189s] writing top-level names to ../../build/rotom_vision/rotom_vision.egg-info/top_level.txt
[2.193s] reading manifest file '../../build/rotom_vision/rotom_vision.egg-info/SOURCES.txt'
[2.195s] writing manifest file '../../build/rotom_vision/rotom_vision.egg-info/SOURCES.txt'
[2.195s] running build
[2.196s] running build_py
[2.196s] running install
[2.197s] running install_lib
[2.200s] running install_data
[2.200s] copying launch/vision_pipeline.launch.py -> /home/caden/Documents/rotom/src/ros2_ws/install/rotom_vision/share/rotom_vision/launch
[2.201s] running install_egg_info
[2.205s] removing '/home/caden/Documents/rotom/src/ros2_ws/install/rotom_vision/lib/python3.10/site-packages/rotom_vision-0.0.1-py3.10.egg-info' (and everything under it)
[2.206s] Copying ../../build/rotom_vision/rotom_vision.egg-info to /home/caden/Documents/rotom/src/ros2_ws/install/rotom_vision/lib/python3.10/site-packages/rotom_vision-0.0.1-py3.10.egg-info
[2.208s] running install_scripts
[2.256s] Installing aruco_tracker script to /home/caden/Documents/rotom/src/ros2_ws/install/rotom_vision/lib/rotom_vision
[2.256s] Installing marker_follower script to /home/caden/Documents/rotom/src/ros2_ws/install/rotom_vision/lib/rotom_vision
[2.256s] Installing stereo_splitter script to /home/caden/Documents/rotom/src/ros2_ws/install/rotom_vision/lib/rotom_vision
[2.257s] writing list of installed files to '/home/caden/Documents/rotom/src/ros2_ws/build/rotom_vision/install.log'
[2.326s] Invoked command in '/home/caden/Documents/rotom/src/ros2_ws/src/rotom_vision' returned '0': PYTHONPATH=/home/caden/Documents/rotom/src/ros2_ws/build/rotom_vision/prefix_override:/usr/lib/python3/dist-packages/colcon_core/task/python/colcon_distutils_commands:/home/caden/Documents/rotom/src/ros2_ws/install/rotom_vision/lib/python3.10/site-packages:${PYTHONPATH} /usr/bin/python3 -W ignore:setup.py install is deprecated -W ignore:easy_install command is deprecated setup.py egg_info --egg-base ../../build/rotom_vision build --build-base /home/caden/Documents/rotom/src/ros2_ws/build/rotom_vision/build install --record /home/caden/Documents/rotom/src/ros2_ws/build/rotom_vision/install.log --single-version-externally-managed install_data
