[0.338s] DEBUG:colcon:Command line arguments: ['/usr/bin/colcon', 'build', '--symlink-install', '--cmake-args', '-DPython3_EXECUTABLE=/usr/bin/python3']
[0.338s] DEBUG:colcon:Parsed command line arguments: Namespace(log_base=None, log_level=None, verb_name='build', build_base='build', install_base='install', merge_install=False, symlink_install=True, test_result_base=None, continue_on_error=False, executor='parallel', parallel_workers=6, event_handlers=None, ignore_user_meta=False, metas=['./colcon.meta'], base_paths=['.'], packages_ignore=None, packages_ignore_regex=None, paths=None, packages_up_to=None, packages_up_to_regex=None, packages_above=None, packages_above_and_dependencies=None, packages_above_depth=None, packages_select_by_dep=None, packages_skip_by_dep=None, packages_skip_up_to=None, packages_select_build_failed=False, packages_skip_build_finished=False, packages_select_test_failures=False, packages_skip_test_passed=False, packages_select=None, packages_skip=None, packages_select_regex=None, packages_skip_regex=None, packages_start=None, packages_end=None, allow_overriding=[], cmake_args=['-DPython3_EXECUTABLE=/usr/bin/python3'], cmake_target=None, cmake_target_skip_unavailable=False, cmake_clean_cache=False, cmake_clean_first=False, cmake_force_configure=False, ament_cmake_args=None, catkin_cmake_args=None, catkin_skip_building_tests=False, mixin_files=None, mixin=None, verb_parser=<colcon_mixin.mixin.mixin_argument.MixinArgumentDecorator object at 0xffff9623bd30>, verb_extension=<colcon_core.verb.build.BuildVerb object at 0xffff9623b0d0>, main=<bound method BuildVerb.main of <colcon_core.verb.build.BuildVerb object at 0xffff9623b0d0>>, mixin_verb=('build',))
[0.817s] Level 1:colcon.colcon_core.package_discovery:discover_packages(colcon_meta) check parameters
[0.817s] Level 1:colcon.colcon_core.package_discovery:discover_packages(recursive) check parameters
[0.817s] Level 1:colcon.colcon_core.package_discovery:discover_packages(ignore) check parameters
[0.817s] Level 1:colcon.colcon_core.package_discovery:discover_packages(path) check parameters
[0.817s] Level 1:colcon.colcon_core.package_discovery:discover_packages(colcon_meta) discover
[0.817s] Level 1:colcon.colcon_core.package_discovery:discover_packages(recursive) discover
[0.817s] INFO:colcon.colcon_core.package_discovery:Crawling recursively for packages in '/home/caden/Documents/rotom/src/ros2_ws'
[0.818s] Level 1:colcon.colcon_core.package_identification:_identify(.) by extensions ['ignore', 'ignore_ament_install']
[0.818s] Level 1:colcon.colcon_core.package_identification:_identify(.) by extension 'ignore'
[0.818s] Level 1:colcon.colcon_core.package_identification:_identify(.) by extension 'ignore_ament_install'
[0.818s] Level 1:colcon.colcon_core.package_identification:_identify(.) by extensions ['colcon_pkg']
[0.818s] Level 1:colcon.colcon_core.package_identification:_identify(.) by extension 'colcon_pkg'
[0.818s] Level 1:colcon.colcon_core.package_identification:_identify(.) by extensions ['colcon_meta']
[0.818s] Level 1:colcon.colcon_core.package_identification:_identify(.) by extension 'colcon_meta'
[0.818s] Level 1:colcon.colcon_core.package_identification:_identify(.) by extensions ['ros']
[0.818s] Level 1:colcon.colcon_core.package_identification:_identify(.) by extension 'ros'
[0.842s] Level 1:colcon.colcon_core.package_identification:_identify(.) by extensions ['cmake', 'python']
[0.843s] Level 1:colcon.colcon_core.package_identification:_identify(.) by extension 'cmake'
[0.843s] Level 1:colcon.colcon_core.package_identification:_identify(.) by extension 'python'
[0.843s] Level 1:colcon.colcon_core.package_identification:_identify(.) by extensions ['python_setup_py']
[0.843s] Level 1:colcon.colcon_core.package_identification:_identify(.) by extension 'python_setup_py'
[0.844s] Level 1:colcon.colcon_core.package_identification:_identify(build) by extensions ['ignore', 'ignore_ament_install']
[0.844s] Level 1:colcon.colcon_core.package_identification:_identify(build) by extension 'ignore'
[0.845s] Level 1:colcon.colcon_core.package_identification:_identify(build) ignored
[0.845s] Level 1:colcon.colcon_core.package_identification:_identify(install) by extensions ['ignore', 'ignore_ament_install']
[0.845s] Level 1:colcon.colcon_core.package_identification:_identify(install) by extension 'ignore'
[0.845s] Level 1:colcon.colcon_core.package_identification:_identify(install) ignored
[0.845s] Level 1:colcon.colcon_core.package_identification:_identify(log) by extensions ['ignore', 'ignore_ament_install']
[0.845s] Level 1:colcon.colcon_core.package_identification:_identify(log) by extension 'ignore'
[0.846s] Level 1:colcon.colcon_core.package_identification:_identify(log) ignored
[0.846s] Level 1:colcon.colcon_core.package_identification:_identify(src) by extensions ['ignore', 'ignore_ament_install']
[0.846s] Level 1:colcon.colcon_core.package_identification:_identify(src) by extension 'ignore'
[0.846s] Level 1:colcon.colcon_core.package_identification:_identify(src) by extension 'ignore_ament_install'
[0.846s] Level 1:colcon.colcon_core.package_identification:_identify(src) by extensions ['colcon_pkg']
[0.846s] Level 1:colcon.colcon_core.package_identification:_identify(src) by extension 'colcon_pkg'
[0.846s] Level 1:colcon.colcon_core.package_identification:_identify(src) by extensions ['colcon_meta']
[0.846s] Level 1:colcon.colcon_core.package_identification:_identify(src) by extension 'colcon_meta'
[0.846s] Level 1:colcon.colcon_core.package_identification:_identify(src) by extensions ['ros']
[0.846s] Level 1:colcon.colcon_core.package_identification:_identify(src) by extension 'ros'
[0.847s] Level 1:colcon.colcon_core.package_identification:_identify(src) by extensions ['cmake', 'python']
[0.847s] Level 1:colcon.colcon_core.package_identification:_identify(src) by extension 'cmake'
[0.847s] Level 1:colcon.colcon_core.package_identification:_identify(src) by extension 'python'
[0.847s] Level 1:colcon.colcon_core.package_identification:_identify(src) by extensions ['python_setup_py']
[0.847s] Level 1:colcon.colcon_core.package_identification:_identify(src) by extension 'python_setup_py'
[0.847s] Level 1:colcon.colcon_core.package_identification:_identify(src/rotom_control) by extensions ['ignore', 'ignore_ament_install']
[0.847s] Level 1:colcon.colcon_core.package_identification:_identify(src/rotom_control) by extension 'ignore'
[0.847s] Level 1:colcon.colcon_core.package_identification:_identify(src/rotom_control) by extension 'ignore_ament_install'
[0.847s] Level 1:colcon.colcon_core.package_identification:_identify(src/rotom_control) by extensions ['colcon_pkg']
[0.847s] Level 1:colcon.colcon_core.package_identification:_identify(src/rotom_control) by extension 'colcon_pkg'
[0.848s] Level 1:colcon.colcon_core.package_identification:_identify(src/rotom_control) by extensions ['colcon_meta']
[0.848s] Level 1:colcon.colcon_core.package_identification:_identify(src/rotom_control) by extension 'colcon_meta'
[0.848s] Level 1:colcon.colcon_core.package_identification:_identify(src/rotom_control) by extensions ['ros']
[0.848s] Level 1:colcon.colcon_core.package_identification:_identify(src/rotom_control) by extension 'ros'
[0.879s] DEBUG:colcon.colcon_core.package_identification:Package 'src/rotom_control' with type 'ros.ament_python' and name 'rotom_control'
[0.880s] Level 1:colcon.colcon_core.package_identification:_identify(src/rotom_description) by extensions ['ignore', 'ignore_ament_install']
[0.880s] Level 1:colcon.colcon_core.package_identification:_identify(src/rotom_description) by extension 'ignore'
[0.880s] Level 1:colcon.colcon_core.package_identification:_identify(src/rotom_description) by extension 'ignore_ament_install'
[0.880s] Level 1:colcon.colcon_core.package_identification:_identify(src/rotom_description) by extensions ['colcon_pkg']
[0.880s] Level 1:colcon.colcon_core.package_identification:_identify(src/rotom_description) by extension 'colcon_pkg'
[0.880s] Level 1:colcon.colcon_core.package_identification:_identify(src/rotom_description) by extensions ['colcon_meta']
[0.881s] Level 1:colcon.colcon_core.package_identification:_identify(src/rotom_description) by extension 'colcon_meta'
[0.881s] Level 1:colcon.colcon_core.package_identification:_identify(src/rotom_description) by extensions ['ros']
[0.881s] Level 1:colcon.colcon_core.package_identification:_identify(src/rotom_description) by extension 'ros'
[0.882s] DEBUG:colcon.colcon_core.package_identification:Package 'src/rotom_description' with type 'ros.ament_python' and name 'rotom_description'
[0.882s] Level 1:colcon.colcon_core.package_identification:_identify(src/rotom_moveit_config) by extensions ['ignore', 'ignore_ament_install']
[0.883s] Level 1:colcon.colcon_core.package_identification:_identify(src/rotom_moveit_config) by extension 'ignore'
[0.883s] Level 1:colcon.colcon_core.package_identification:_identify(src/rotom_moveit_config) by extension 'ignore_ament_install'
[0.883s] Level 1:colcon.colcon_core.package_identification:_identify(src/rotom_moveit_config) by extensions ['colcon_pkg']
[0.883s] Level 1:colcon.colcon_core.package_identification:_identify(src/rotom_moveit_config) by extension 'colcon_pkg'
[0.883s] Level 1:colcon.colcon_core.package_identification:_identify(src/rotom_moveit_config) by extensions ['colcon_meta']
[0.883s] Level 1:colcon.colcon_core.package_identification:_identify(src/rotom_moveit_config) by extension 'colcon_meta'
[0.883s] Level 1:colcon.colcon_core.package_identification:_identify(src/rotom_moveit_config) by extensions ['ros']
[0.883s] Level 1:colcon.colcon_core.package_identification:_identify(src/rotom_moveit_config) by extension 'ros'
[0.885s] DEBUG:colcon.colcon_core.package_identification:Package 'src/rotom_moveit_config' with type 'ros.ament_cmake' and name 'rotom_moveit_config'
[0.885s] Level 1:colcon.colcon_core.package_identification:_identify(src/rotom_vision) by extensions ['ignore', 'ignore_ament_install']
[0.885s] Level 1:colcon.colcon_core.package_identification:_identify(src/rotom_vision) by extension 'ignore'
[0.885s] Level 1:colcon.colcon_core.package_identification:_identify(src/rotom_vision) by extension 'ignore_ament_install'
[0.885s] Level 1:colcon.colcon_core.package_identification:_identify(src/rotom_vision) by extensions ['colcon_pkg']
[0.885s] Level 1:colcon.colcon_core.package_identification:_identify(src/rotom_vision) by extension 'colcon_pkg'
[0.886s] Level 1:colcon.colcon_core.package_identification:_identify(src/rotom_vision) by extensions ['colcon_meta']
[0.886s] Level 1:colcon.colcon_core.package_identification:_identify(src/rotom_vision) by extension 'colcon_meta'
[0.886s] Level 1:colcon.colcon_core.package_identification:_identify(src/rotom_vision) by extensions ['ros']
[0.886s] Level 1:colcon.colcon_core.package_identification:_identify(src/rotom_vision) by extension 'ros'
[0.887s] DEBUG:colcon.colcon_core.package_identification:Package 'src/rotom_vision' with type 'ros.ament_python' and name 'rotom_vision'
[0.887s] Level 1:colcon.colcon_core.package_discovery:discover_packages(recursive) using defaults
[0.887s] Level 1:colcon.colcon_core.package_discovery:discover_packages(ignore) discover
[0.887s] Level 1:colcon.colcon_core.package_discovery:discover_packages(ignore) using defaults
[0.887s] Level 1:colcon.colcon_core.package_discovery:discover_packages(path) discover
[0.887s] Level 1:colcon.colcon_core.package_discovery:discover_packages(path) using defaults
[0.931s] Level 1:colcon.colcon_core.package_discovery:discover_packages(prefix_path) check parameters
[0.931s] Level 1:colcon.colcon_core.package_discovery:discover_packages(prefix_path) discover
[0.934s] WARNING:colcon.colcon_ros.prefix_path.ament:The path '/home/caden/Documents/rotom/src/ros2_ws/install/rotom_vision' in the environment variable AMENT_PREFIX_PATH doesn't exist
[0.934s] WARNING:colcon.colcon_ros.prefix_path.ament:The path '/home/caden/Documents/rotom/src/ros2_ws/install/rotom_moveit_config' in the environment variable AMENT_PREFIX_PATH doesn't exist
[0.934s] WARNING:colcon.colcon_ros.prefix_path.ament:The path '/home/caden/Documents/rotom/src/ros2_ws/install/rotom_description' in the environment variable AMENT_PREFIX_PATH doesn't exist
[0.934s] WARNING:colcon.colcon_ros.prefix_path.ament:The path '/home/caden/Documents/rotom/src/ros2_ws/install/rotom_control' in the environment variable AMENT_PREFIX_PATH doesn't exist
[0.934s] WARNING:colcon.colcon_ros.prefix_path.catkin:The path '/home/caden/Documents/rotom/src/ros2_ws/install/rotom_moveit_config' in the environment variable CMAKE_PREFIX_PATH doesn't exist
[0.936s] DEBUG:colcon.colcon_installed_package_information.package_discovery:Found 0 installed packages in /home/caden/Documents/rotom/src/ros2_ws/install
[0.938s] DEBUG:colcon.colcon_installed_package_information.package_discovery:Found 399 installed packages in /opt/ros/humble
[0.943s] Level 1:colcon.colcon_core.package_discovery:discover_packages(prefix_path) using defaults
[1.036s] Level 5:colcon.colcon_core.verb:set package 'rotom_control' build argument 'cmake_args' from command line to '['-DPython3_EXECUTABLE=/usr/bin/python3']'
[1.037s] Level 5:colcon.colcon_core.verb:set package 'rotom_control' build argument 'cmake_target' from command line to 'None'
[1.037s] Level 5:colcon.colcon_core.verb:set package 'rotom_control' build argument 'cmake_target_skip_unavailable' from command line to 'False'
[1.037s] Level 5:colcon.colcon_core.verb:set package 'rotom_control' build argument 'cmake_clean_cache' from command line to 'False'
[1.037s] Level 5:colcon.colcon_core.verb:set package 'rotom_control' build argument 'cmake_clean_first' from command line to 'False'
[1.037s] Level 5:colcon.colcon_core.verb:set package 'rotom_control' build argument 'cmake_force_configure' from command line to 'False'
[1.037s] Level 5:colcon.colcon_core.verb:set package 'rotom_control' build argument 'ament_cmake_args' from command line to 'None'
[1.037s] Level 5:colcon.colcon_core.verb:set package 'rotom_control' build argument 'catkin_cmake_args' from command line to 'None'
[1.037s] Level 5:colcon.colcon_core.verb:set package 'rotom_control' build argument 'catkin_skip_building_tests' from command line to 'False'
[1.037s] DEBUG:colcon.colcon_core.verb:Building package 'rotom_control' with the following arguments: {'ament_cmake_args': None, 'build_base': '/home/caden/Documents/rotom/src/ros2_ws/build/rotom_control', 'catkin_cmake_args': None, 'catkin_skip_building_tests': False, 'cmake_args': ['-DPython3_EXECUTABLE=/usr/bin/python3'], 'cmake_clean_cache': False, 'cmake_clean_first': False, 'cmake_force_configure': False, 'cmake_target': None, 'cmake_target_skip_unavailable': False, 'install_base': '/home/caden/Documents/rotom/src/ros2_ws/install/rotom_control', 'merge_install': False, 'path': '/home/caden/Documents/rotom/src/ros2_ws/src/rotom_control', 'symlink_install': True, 'test_result_base': None}
[1.038s] Level 5:colcon.colcon_core.verb:set package 'rotom_description' build argument 'cmake_args' from command line to '['-DPython3_EXECUTABLE=/usr/bin/python3']'
[1.038s] Level 5:colcon.colcon_core.verb:set package 'rotom_description' build argument 'cmake_target' from command line to 'None'
[1.038s] Level 5:colcon.colcon_core.verb:set package 'rotom_description' build argument 'cmake_target_skip_unavailable' from command line to 'False'
[1.038s] Level 5:colcon.colcon_core.verb:set package 'rotom_description' build argument 'cmake_clean_cache' from command line to 'False'
[1.038s] Level 5:colcon.colcon_core.verb:set package 'rotom_description' build argument 'cmake_clean_first' from command line to 'False'
[1.038s] Level 5:colcon.colcon_core.verb:set package 'rotom_description' build argument 'cmake_force_configure' from command line to 'False'
[1.038s] Level 5:colcon.colcon_core.verb:set package 'rotom_description' build argument 'ament_cmake_args' from command line to 'None'
[1.038s] Level 5:colcon.colcon_core.verb:set package 'rotom_description' build argument 'catkin_cmake_args' from command line to 'None'
[1.038s] Level 5:colcon.colcon_core.verb:set package 'rotom_description' build argument 'catkin_skip_building_tests' from command line to 'False'
[1.038s] DEBUG:colcon.colcon_core.verb:Building package 'rotom_description' with the following arguments: {'ament_cmake_args': None, 'build_base': '/home/caden/Documents/rotom/src/ros2_ws/build/rotom_description', 'catkin_cmake_args': None, 'catkin_skip_building_tests': False, 'cmake_args': ['-DPython3_EXECUTABLE=/usr/bin/python3'], 'cmake_clean_cache': False, 'cmake_clean_first': False, 'cmake_force_configure': False, 'cmake_target': None, 'cmake_target_skip_unavailable': False, 'install_base': '/home/caden/Documents/rotom/src/ros2_ws/install/rotom_description', 'merge_install': False, 'path': '/home/caden/Documents/rotom/src/ros2_ws/src/rotom_description', 'symlink_install': True, 'test_result_base': None}
[1.039s] Level 5:colcon.colcon_core.verb:set package 'rotom_vision' build argument 'cmake_args' from command line to '['-DPython3_EXECUTABLE=/usr/bin/python3']'
[1.039s] Level 5:colcon.colcon_core.verb:set package 'rotom_vision' build argument 'cmake_target' from command line to 'None'
[1.039s] Level 5:colcon.colcon_core.verb:set package 'rotom_vision' build argument 'cmake_target_skip_unavailable' from command line to 'False'
[1.039s] Level 5:colcon.colcon_core.verb:set package 'rotom_vision' build argument 'cmake_clean_cache' from command line to 'False'
[1.039s] Level 5:colcon.colcon_core.verb:set package 'rotom_vision' build argument 'cmake_clean_first' from command line to 'False'
[1.039s] Level 5:colcon.colcon_core.verb:set package 'rotom_vision' build argument 'cmake_force_configure' from command line to 'False'
[1.039s] Level 5:colcon.colcon_core.verb:set package 'rotom_vision' build argument 'ament_cmake_args' from command line to 'None'
[1.039s] Level 5:colcon.colcon_core.verb:set package 'rotom_vision' build argument 'catkin_cmake_args' from command line to 'None'
[1.039s] Level 5:colcon.colcon_core.verb:set package 'rotom_vision' build argument 'catkin_skip_building_tests' from command line to 'False'
[1.039s] DEBUG:colcon.colcon_core.verb:Building package 'rotom_vision' with the following arguments: {'ament_cmake_args': None, 'build_base': '/home/caden/Documents/rotom/src/ros2_ws/build/rotom_vision', 'catkin_cmake_args': None, 'catkin_skip_building_tests': False, 'cmake_args': ['-DPython3_EXECUTABLE=/usr/bin/python3'], 'cmake_clean_cache': False, 'cmake_clean_first': False, 'cmake_force_configure': False, 'cmake_target': None, 'cmake_target_skip_unavailable': False, 'install_base': '/home/caden/Documents/rotom/src/ros2_ws/install/rotom_vision', 'merge_install': False, 'path': '/home/caden/Documents/rotom/src/ros2_ws/src/rotom_vision', 'symlink_install': True, 'test_result_base': None}
[1.040s] Level 5:colcon.colcon_core.verb:set package 'rotom_moveit_config' build argument 'cmake_args' from command line to '['-DPython3_EXECUTABLE=/usr/bin/python3']'
[1.040s] Level 5:colcon.colcon_core.verb:set package 'rotom_moveit_config' build argument 'cmake_target' from command line to 'None'
[1.040s] Level 5:colcon.colcon_core.verb:set package 'rotom_moveit_config' build argument 'cmake_target_skip_unavailable' from command line to 'False'
[1.040s] Level 5:colcon.colcon_core.verb:set package 'rotom_moveit_config' build argument 'cmake_clean_cache' from command line to 'False'
[1.040s] Level 5:colcon.colcon_core.verb:set package 'rotom_moveit_config' build argument 'cmake_clean_first' from command line to 'False'
[1.040s] Level 5:colcon.colcon_core.verb:set package 'rotom_moveit_config' build argument 'cmake_force_configure' from command line to 'False'
[1.040s] Level 5:colcon.colcon_core.verb:set package 'rotom_moveit_config' build argument 'ament_cmake_args' from command line to 'None'
[1.040s] Level 5:colcon.colcon_core.verb:set package 'rotom_moveit_config' build argument 'catkin_cmake_args' from command line to 'None'
[1.040s] Level 5:colcon.colcon_core.verb:set package 'rotom_moveit_config' build argument 'catkin_skip_building_tests' from command line to 'False'
[1.040s] DEBUG:colcon.colcon_core.verb:Building package 'rotom_moveit_config' with the following arguments: {'ament_cmake_args': None, 'build_base': '/home/caden/Documents/rotom/src/ros2_ws/build/rotom_moveit_config', 'catkin_cmake_args': None, 'catkin_skip_building_tests': False, 'cmake_args': ['-DPython3_EXECUTABLE=/usr/bin/python3'], 'cmake_clean_cache': False, 'cmake_clean_first': False, 'cmake_force_configure': False, 'cmake_target': None, 'cmake_target_skip_unavailable': False, 'install_base': '/home/caden/Documents/rotom/src/ros2_ws/install/rotom_moveit_config', 'merge_install': False, 'path': '/home/caden/Documents/rotom/src/ros2_ws/src/rotom_moveit_config', 'symlink_install': True, 'test_result_base': None}
[1.040s] INFO:colcon.colcon_core.executor:Executing jobs using 'parallel' executor
[1.043s] DEBUG:colcon.colcon_parallel_executor.executor.parallel:run_until_complete
[1.043s] INFO:colcon.colcon_ros.task.ament_python.build:Building ROS package in '/home/caden/Documents/rotom/src/ros2_ws/src/rotom_description' with build type 'ament_python'
[1.043s] Level 1:colcon.colcon_core.shell:create_environment_hook('rotom_description', 'ament_prefix_path')
[1.049s] INFO:colcon.colcon_core.plugin_system:Skipping extension 'colcon_core.shell.bat': Not used on non-Windows systems
[1.050s] INFO:colcon.colcon_core.shell:Creating environment hook '/home/caden/Documents/rotom/src/ros2_ws/install/rotom_description/share/rotom_description/hook/ament_prefix_path.ps1'
[1.051s] INFO:colcon.colcon_core.shell:Creating environment descriptor '/home/caden/Documents/rotom/src/ros2_ws/install/rotom_description/share/rotom_description/hook/ament_prefix_path.dsv'
[1.052s] INFO:colcon.colcon_core.shell:Creating environment hook '/home/caden/Documents/rotom/src/ros2_ws/install/rotom_description/share/rotom_description/hook/ament_prefix_path.sh'
[1.054s] INFO:colcon.colcon_core.shell:Skip shell extension 'powershell' for command environment: Not usable outside of PowerShell
[1.054s] DEBUG:colcon.colcon_core.shell:Skip shell extension 'dsv' for command environment
[1.061s] INFO:colcon.colcon_ros.task.ament_python.build:Building ROS package in '/home/caden/Documents/rotom/src/ros2_ws/src/rotom_control' with build type 'ament_python'
[1.061s] Level 1:colcon.colcon_core.shell:create_environment_hook('rotom_control', 'ament_prefix_path')
[1.061s] INFO:colcon.colcon_core.shell:Creating environment hook '/home/caden/Documents/rotom/src/ros2_ws/install/rotom_control/share/rotom_control/hook/ament_prefix_path.ps1'
[1.062s] INFO:colcon.colcon_core.shell:Creating environment descriptor '/home/caden/Documents/rotom/src/ros2_ws/install/rotom_control/share/rotom_control/hook/ament_prefix_path.dsv'
[1.063s] INFO:colcon.colcon_core.shell:Creating environment hook '/home/caden/Documents/rotom/src/ros2_ws/install/rotom_control/share/rotom_control/hook/ament_prefix_path.sh'
[1.064s] INFO:colcon.colcon_core.shell:Skip shell extension 'powershell' for command environment: Not usable outside of PowerShell
[1.064s] DEBUG:colcon.colcon_core.shell:Skip shell extension 'dsv' for command environment
[1.072s] INFO:colcon.colcon_ros.task.ament_python.build:Building ROS package in '/home/caden/Documents/rotom/src/ros2_ws/src/rotom_vision' with build type 'ament_python'
[1.072s] Level 1:colcon.colcon_core.shell:create_environment_hook('rotom_vision', 'ament_prefix_path')
[1.073s] INFO:colcon.colcon_core.shell:Creating environment hook '/home/caden/Documents/rotom/src/ros2_ws/install/rotom_vision/share/rotom_vision/hook/ament_prefix_path.ps1'
[1.077s] INFO:colcon.colcon_core.shell:Creating environment descriptor '/home/caden/Documents/rotom/src/ros2_ws/install/rotom_vision/share/rotom_vision/hook/ament_prefix_path.dsv'
[1.078s] INFO:colcon.colcon_core.shell:Creating environment hook '/home/caden/Documents/rotom/src/ros2_ws/install/rotom_vision/share/rotom_vision/hook/ament_prefix_path.sh'
[1.079s] INFO:colcon.colcon_core.shell:Skip shell extension 'powershell' for command environment: Not usable outside of PowerShell
[1.079s] DEBUG:colcon.colcon_core.shell:Skip shell extension 'dsv' for command environment
[1.647s] INFO:colcon.colcon_core.task.python.build:Building Python package in '/home/caden/Documents/rotom/src/ros2_ws/src/rotom_description'
[1.649s] INFO:colcon.colcon_core.shell:Skip shell extension 'powershell' for command environment: Not usable outside of PowerShell
[1.649s] DEBUG:colcon.colcon_core.shell:Skip shell extension 'dsv' for command environment
[2.257s] INFO:colcon.colcon_core.task.python.build:Building Python package in '/home/caden/Documents/rotom/src/ros2_ws/src/rotom_control'
[2.258s] INFO:colcon.colcon_core.shell:Skip shell extension 'powershell' for command environment: Not usable outside of PowerShell
[2.258s] DEBUG:colcon.colcon_core.shell:Skip shell extension 'dsv' for command environment
[2.834s] INFO:colcon.colcon_core.task.python.build:Building Python package in '/home/caden/Documents/rotom/src/ros2_ws/src/rotom_vision'
[2.835s] INFO:colcon.colcon_core.shell:Skip shell extension 'powershell' for command environment: Not usable outside of PowerShell
[2.835s] DEBUG:colcon.colcon_core.shell:Skip shell extension 'dsv' for command environment
[3.733s] DEBUG:colcon.colcon_core.event_handler.log_command:Invoking command in '/home/caden/Documents/rotom/src/ros2_ws/build/rotom_vision': PIXI_PROMPT=(rotom) PYTHONPATH=/home/caden/Documents/rotom/src/ros2_ws/build/rotom_vision/prefix_override:/usr/lib/python3/dist-packages/colcon_core/task/python/colcon_distutils_commands:/home/caden/Documents/rotom/src/ros2_ws/install/rotom_vision/lib/python3.10/site-packages:${PYTHONPATH} /usr/bin/python3 -W ignore:setup.py install is deprecated -W ignore:easy_install command is deprecated setup.py develop --editable --build-directory /home/caden/Documents/rotom/src/ros2_ws/build/rotom_vision/build --no-deps symlink_data
[3.754s] DEBUG:colcon.colcon_core.event_handler.log_command:Invoking command in '/home/caden/Documents/rotom/src/ros2_ws/build/rotom_control': PIXI_PROMPT=(rotom) PYTHONPATH=/home/caden/Documents/rotom/src/ros2_ws/build/rotom_control/prefix_override:/usr/lib/python3/dist-packages/colcon_core/task/python/colcon_distutils_commands:/home/caden/Documents/rotom/src/ros2_ws/install/rotom_control/lib/python3.10/site-packages:${PYTHONPATH} /usr/bin/python3 -W ignore:setup.py install is deprecated -W ignore:easy_install command is deprecated setup.py develop --editable --build-directory /home/caden/Documents/rotom/src/ros2_ws/build/rotom_control/build --no-deps symlink_data
[3.771s] DEBUG:colcon.colcon_core.event_handler.log_command:Invoking command in '/home/caden/Documents/rotom/src/ros2_ws/build/rotom_description': PIXI_PROMPT=(rotom) PYTHONPATH=/home/caden/Documents/rotom/src/ros2_ws/build/rotom_description/prefix_override:/usr/lib/python3/dist-packages/colcon_core/task/python/colcon_distutils_commands:/home/caden/Documents/rotom/src/ros2_ws/install/rotom_description/lib/python3.10/site-packages:${PYTHONPATH} /usr/bin/python3 -W ignore:setup.py install is deprecated -W ignore:easy_install command is deprecated setup.py develop --editable --build-directory /home/caden/Documents/rotom/src/ros2_ws/build/rotom_description/build --no-deps symlink_data
[4.799s] Level 1:colcon.colcon_core.shell:create_environment_hook('rotom_vision', 'pythonpath_develop')
[4.800s] INFO:colcon.colcon_core.shell:Creating environment hook '/home/caden/Documents/rotom/src/ros2_ws/build/rotom_vision/share/rotom_vision/hook/pythonpath_develop.ps1'
[4.801s] INFO:colcon.colcon_core.shell:Creating environment descriptor '/home/caden/Documents/rotom/src/ros2_ws/build/rotom_vision/share/rotom_vision/hook/pythonpath_develop.dsv'
[4.802s] DEBUG:colcon.colcon_core.event_handler.log_command:Invoked command in '/home/caden/Documents/rotom/src/ros2_ws/build/rotom_vision' returned '0': PIXI_PROMPT=(rotom) PYTHONPATH=/home/caden/Documents/rotom/src/ros2_ws/build/rotom_vision/prefix_override:/usr/lib/python3/dist-packages/colcon_core/task/python/colcon_distutils_commands:/home/caden/Documents/rotom/src/ros2_ws/install/rotom_vision/lib/python3.10/site-packages:${PYTHONPATH} /usr/bin/python3 -W ignore:setup.py install is deprecated -W ignore:easy_install command is deprecated setup.py develop --editable --build-directory /home/caden/Documents/rotom/src/ros2_ws/build/rotom_vision/build --no-deps symlink_data
[4.803s] INFO:colcon.colcon_core.shell:Creating environment hook '/home/caden/Documents/rotom/src/ros2_ws/build/rotom_vision/share/rotom_vision/hook/pythonpath_develop.sh'
[4.818s] Level 1:colcon.colcon_core.environment:checking '/home/caden/Documents/rotom/src/ros2_ws/install/rotom_vision' for CMake module files
[4.819s] Level 1:colcon.colcon_core.environment:checking '/home/caden/Documents/rotom/src/ros2_ws/install/rotom_vision' for CMake config files
[4.820s] Level 1:colcon.colcon_core.environment:checking '/home/caden/Documents/rotom/src/ros2_ws/install/rotom_vision/lib'
[4.823s] Level 1:colcon.colcon_core.environment:checking '/home/caden/Documents/rotom/src/ros2_ws/install/rotom_vision/bin'
[4.823s] Level 1:colcon.colcon_core.environment:checking '/home/caden/Documents/rotom/src/ros2_ws/install/rotom_vision/lib/pkgconfig/rotom_vision.pc'
[4.824s] Level 1:colcon.colcon_core.environment:checking '/home/caden/Documents/rotom/src/ros2_ws/install/rotom_vision/lib/python3.10/site-packages'
[4.824s] Level 1:colcon.colcon_core.shell:create_environment_hook('rotom_vision', 'pythonpath')
[4.824s] INFO:colcon.colcon_core.shell:Creating environment hook '/home/caden/Documents/rotom/src/ros2_ws/install/rotom_vision/share/rotom_vision/hook/pythonpath.ps1'
[4.826s] INFO:colcon.colcon_core.shell:Creating environment descriptor '/home/caden/Documents/rotom/src/ros2_ws/install/rotom_vision/share/rotom_vision/hook/pythonpath.dsv'
[4.827s] INFO:colcon.colcon_core.shell:Creating environment hook '/home/caden/Documents/rotom/src/ros2_ws/install/rotom_vision/share/rotom_vision/hook/pythonpath.sh'
[4.828s] Level 1:colcon.colcon_core.environment:checking '/home/caden/Documents/rotom/src/ros2_ws/install/rotom_vision/bin'
[4.829s] Level 1:colcon.colcon_core.environment:create_environment_scripts_only(rotom_vision)
[4.831s] INFO:colcon.colcon_core.shell:Creating package script '/home/caden/Documents/rotom/src/ros2_ws/install/rotom_vision/share/rotom_vision/package.ps1'
[4.835s] INFO:colcon.colcon_core.shell:Creating package descriptor '/home/caden/Documents/rotom/src/ros2_ws/install/rotom_vision/share/rotom_vision/package.dsv'
[4.840s] INFO:colcon.colcon_core.shell:Creating package script '/home/caden/Documents/rotom/src/ros2_ws/install/rotom_vision/share/rotom_vision/package.sh'
[4.847s] INFO:colcon.colcon_core.shell:Creating package script '/home/caden/Documents/rotom/src/ros2_ws/install/rotom_vision/share/rotom_vision/package.bash'
[4.851s] INFO:colcon.colcon_core.shell:Creating package script '/home/caden/Documents/rotom/src/ros2_ws/install/rotom_vision/share/rotom_vision/package.zsh'
[4.853s] Level 1:colcon.colcon_core.environment:create_file_with_runtime_dependencies(/home/caden/Documents/rotom/src/ros2_ws/install/rotom_vision/share/colcon-core/packages/rotom_vision)
[4.959s] Level 1:colcon.colcon_core.shell:create_environment_hook('rotom_control', 'pythonpath_develop')
[4.960s] INFO:colcon.colcon_core.shell:Creating environment hook '/home/caden/Documents/rotom/src/ros2_ws/build/rotom_control/share/rotom_control/hook/pythonpath_develop.ps1'
[4.960s] DEBUG:colcon.colcon_core.event_handler.log_command:Invoked command in '/home/caden/Documents/rotom/src/ros2_ws/build/rotom_control' returned '0': PIXI_PROMPT=(rotom) PYTHONPATH=/home/caden/Documents/rotom/src/ros2_ws/build/rotom_control/prefix_override:/usr/lib/python3/dist-packages/colcon_core/task/python/colcon_distutils_commands:/home/caden/Documents/rotom/src/ros2_ws/install/rotom_control/lib/python3.10/site-packages:${PYTHONPATH} /usr/bin/python3 -W ignore:setup.py install is deprecated -W ignore:easy_install command is deprecated setup.py develop --editable --build-directory /home/caden/Documents/rotom/src/ros2_ws/build/rotom_control/build --no-deps symlink_data
[4.962s] INFO:colcon.colcon_core.shell:Creating environment descriptor '/home/caden/Documents/rotom/src/ros2_ws/build/rotom_control/share/rotom_control/hook/pythonpath_develop.dsv'
[4.963s] INFO:colcon.colcon_core.shell:Creating environment hook '/home/caden/Documents/rotom/src/ros2_ws/build/rotom_control/share/rotom_control/hook/pythonpath_develop.sh'
[4.964s] Level 1:colcon.colcon_core.environment:checking '/home/caden/Documents/rotom/src/ros2_ws/install/rotom_control' for CMake module files
[4.965s] Level 1:colcon.colcon_core.environment:checking '/home/caden/Documents/rotom/src/ros2_ws/install/rotom_control' for CMake config files
[4.966s] Level 1:colcon.colcon_core.environment:checking '/home/caden/Documents/rotom/src/ros2_ws/install/rotom_control/lib'
[4.966s] Level 1:colcon.colcon_core.environment:checking '/home/caden/Documents/rotom/src/ros2_ws/install/rotom_control/bin'
[4.966s] Level 1:colcon.colcon_core.environment:checking '/home/caden/Documents/rotom/src/ros2_ws/install/rotom_control/lib/pkgconfig/rotom_control.pc'
[4.967s] Level 1:colcon.colcon_core.environment:checking '/home/caden/Documents/rotom/src/ros2_ws/install/rotom_control/lib/python3.10/site-packages'
[4.967s] Level 1:colcon.colcon_core.shell:create_environment_hook('rotom_control', 'pythonpath')
[4.967s] INFO:colcon.colcon_core.shell:Creating environment hook '/home/caden/Documents/rotom/src/ros2_ws/install/rotom_control/share/rotom_control/hook/pythonpath.ps1'
[4.968s] INFO:colcon.colcon_core.shell:Creating environment descriptor '/home/caden/Documents/rotom/src/ros2_ws/install/rotom_control/share/rotom_control/hook/pythonpath.dsv'
[4.969s] INFO:colcon.colcon_core.shell:Creating environment hook '/home/caden/Documents/rotom/src/ros2_ws/install/rotom_control/share/rotom_control/hook/pythonpath.sh'
[4.970s] Level 1:colcon.colcon_core.environment:checking '/home/caden/Documents/rotom/src/ros2_ws/install/rotom_control/bin'
[4.971s] Level 1:colcon.colcon_core.environment:create_environment_scripts_only(rotom_control)
[4.971s] INFO:colcon.colcon_core.shell:Creating package script '/home/caden/Documents/rotom/src/ros2_ws/install/rotom_control/share/rotom_control/package.ps1'
[4.973s] INFO:colcon.colcon_core.shell:Creating package descriptor '/home/caden/Documents/rotom/src/ros2_ws/install/rotom_control/share/rotom_control/package.dsv'
[4.974s] INFO:colcon.colcon_core.shell:Creating package script '/home/caden/Documents/rotom/src/ros2_ws/install/rotom_control/share/rotom_control/package.sh'
[4.975s] INFO:colcon.colcon_core.shell:Creating package script '/home/caden/Documents/rotom/src/ros2_ws/install/rotom_control/share/rotom_control/package.bash'
[4.975s] INFO:colcon.colcon_core.shell:Creating package script '/home/caden/Documents/rotom/src/ros2_ws/install/rotom_control/share/rotom_control/package.zsh'
[4.976s] Level 1:colcon.colcon_core.environment:create_file_with_runtime_dependencies(/home/caden/Documents/rotom/src/ros2_ws/install/rotom_control/share/colcon-core/packages/rotom_control)
[5.015s] Level 1:colcon.colcon_core.shell:create_environment_hook('rotom_description', 'pythonpath_develop')
[5.017s] INFO:colcon.colcon_core.shell:Creating environment hook '/home/caden/Documents/rotom/src/ros2_ws/build/rotom_description/share/rotom_description/hook/pythonpath_develop.ps1'
[5.018s] DEBUG:colcon.colcon_core.event_handler.log_command:Invoked command in '/home/caden/Documents/rotom/src/ros2_ws/build/rotom_description' returned '0': PIXI_PROMPT=(rotom) PYTHONPATH=/home/caden/Documents/rotom/src/ros2_ws/build/rotom_description/prefix_override:/usr/lib/python3/dist-packages/colcon_core/task/python/colcon_distutils_commands:/home/caden/Documents/rotom/src/ros2_ws/install/rotom_description/lib/python3.10/site-packages:${PYTHONPATH} /usr/bin/python3 -W ignore:setup.py install is deprecated -W ignore:easy_install command is deprecated setup.py develop --editable --build-directory /home/caden/Documents/rotom/src/ros2_ws/build/rotom_description/build --no-deps symlink_data
[5.019s] INFO:colcon.colcon_core.shell:Creating environment descriptor '/home/caden/Documents/rotom/src/ros2_ws/build/rotom_description/share/rotom_description/hook/pythonpath_develop.dsv'
[5.020s] INFO:colcon.colcon_core.shell:Creating environment hook '/home/caden/Documents/rotom/src/ros2_ws/build/rotom_description/share/rotom_description/hook/pythonpath_develop.sh'
[5.022s] Level 1:colcon.colcon_core.environment:checking '/home/caden/Documents/rotom/src/ros2_ws/install/rotom_description' for CMake module files
[5.023s] Level 1:colcon.colcon_core.environment:checking '/home/caden/Documents/rotom/src/ros2_ws/install/rotom_description' for CMake config files
[5.025s] Level 1:colcon.colcon_core.environment:checking '/home/caden/Documents/rotom/src/ros2_ws/install/rotom_description/lib'
[5.025s] Level 1:colcon.colcon_core.environment:checking '/home/caden/Documents/rotom/src/ros2_ws/install/rotom_description/bin'
[5.026s] Level 1:colcon.colcon_core.environment:checking '/home/caden/Documents/rotom/src/ros2_ws/install/rotom_description/lib/pkgconfig/rotom_description.pc'
[5.026s] Level 1:colcon.colcon_core.environment:checking '/home/caden/Documents/rotom/src/ros2_ws/install/rotom_description/lib/python3.10/site-packages'
[5.026s] Level 1:colcon.colcon_core.shell:create_environment_hook('rotom_description', 'pythonpath')
[5.027s] INFO:colcon.colcon_core.shell:Creating environment hook '/home/caden/Documents/rotom/src/ros2_ws/install/rotom_description/share/rotom_description/hook/pythonpath.ps1'
[5.028s] INFO:colcon.colcon_core.shell:Creating environment descriptor '/home/caden/Documents/rotom/src/ros2_ws/install/rotom_description/share/rotom_description/hook/pythonpath.dsv'
[5.029s] INFO:colcon.colcon_core.shell:Creating environment hook '/home/caden/Documents/rotom/src/ros2_ws/install/rotom_description/share/rotom_description/hook/pythonpath.sh'
[5.031s] Level 1:colcon.colcon_core.environment:checking '/home/caden/Documents/rotom/src/ros2_ws/install/rotom_description/bin'
[5.032s] Level 1:colcon.colcon_core.environment:create_environment_scripts_only(rotom_description)
[5.033s] INFO:colcon.colcon_core.shell:Creating package script '/home/caden/Documents/rotom/src/ros2_ws/install/rotom_description/share/rotom_description/package.ps1'
[5.034s] INFO:colcon.colcon_core.shell:Creating package descriptor '/home/caden/Documents/rotom/src/ros2_ws/install/rotom_description/share/rotom_description/package.dsv'
[5.036s] INFO:colcon.colcon_core.shell:Creating package script '/home/caden/Documents/rotom/src/ros2_ws/install/rotom_description/share/rotom_description/package.sh'
[5.037s] INFO:colcon.colcon_core.shell:Creating package script '/home/caden/Documents/rotom/src/ros2_ws/install/rotom_description/share/rotom_description/package.bash'
[5.039s] INFO:colcon.colcon_core.shell:Creating package script '/home/caden/Documents/rotom/src/ros2_ws/install/rotom_description/share/rotom_description/package.zsh'
[5.040s] Level 1:colcon.colcon_core.environment:create_file_with_runtime_dependencies(/home/caden/Documents/rotom/src/ros2_ws/install/rotom_description/share/colcon-core/packages/rotom_description)
[5.042s] INFO:colcon.colcon_ros.task.ament_cmake.build:Building ROS package in '/home/caden/Documents/rotom/src/ros2_ws/src/rotom_moveit_config' with build type 'ament_cmake'
[5.043s] INFO:colcon.colcon_cmake.task.cmake.build:Building CMake package in '/home/caden/Documents/rotom/src/ros2_ws/src/rotom_moveit_config'
[5.044s] INFO:colcon.colcon_core.shell:Skip shell extension 'powershell' for command environment: Not usable outside of PowerShell
[5.044s] DEBUG:colcon.colcon_core.shell:Skip shell extension 'dsv' for command environment
[5.069s] DEBUG:colcon.colcon_core.event_handler.log_command:Invoking command in '/home/caden/Documents/rotom/src/ros2_ws/build/rotom_moveit_config': AMENT_PREFIX_PATH=/home/caden/Documents/rotom/src/ros2_ws/install/rotom_description:/home/caden/Documents/rotom/src/ros2_ws/install/rotom_vision:/home/caden/Documents/rotom/src/ros2_ws/install/rotom_moveit_config:/home/caden/Documents/rotom/src/ros2_ws/install/rotom_control:/opt/ros/humble CMAKE_PREFIX_PATH=${CMAKE_PREFIX_PATH}:/home/caden/Documents/rotom/src/ros2_ws/install/rotom_vision:/home/caden/Documents/rotom/src/ros2_ws/install/rotom_description:/home/caden/Documents/rotom/src/ros2_ws/install/rotom_control:/opt/ros/humble PIXI_PROMPT=(rotom) PYTHONPATH=/home/caden/Documents/rotom/src/ros2_ws/build/rotom_description:/home/caden/Documents/rotom/src/ros2_ws/install/rotom_description/lib/python3.10/site-packages:/home/caden/Documents/rotom/src/ros2_ws/install/rotom_vision/lib/python3.10/site-packages:/home/caden/Documents/rotom/src/ros2_ws/build/rotom_control:/home/caden/Documents/rotom/src/ros2_ws/install/rotom_control/lib/python3.10/site-packages:/opt/ros/humble/lib/python3.10/site-packages:/opt/ros/humble/local/lib/python3.10/dist-packages /usr/bin/cmake /home/caden/Documents/rotom/src/ros2_ws/src/rotom_moveit_config -DPython3_EXECUTABLE=/usr/bin/python3 -DAMENT_CMAKE_SYMLINK_INSTALL=1 -DCMAKE_INSTALL_PREFIX=/home/caden/Documents/rotom/src/ros2_ws/install/rotom_moveit_config
[6.622s] DEBUG:colcon.colcon_core.event_handler.log_command:Invoked command in '/home/caden/Documents/rotom/src/ros2_ws/build/rotom_moveit_config' returned '0': AMENT_PREFIX_PATH=/home/caden/Documents/rotom/src/ros2_ws/install/rotom_description:/home/caden/Documents/rotom/src/ros2_ws/install/rotom_vision:/home/caden/Documents/rotom/src/ros2_ws/install/rotom_moveit_config:/home/caden/Documents/rotom/src/ros2_ws/install/rotom_control:/opt/ros/humble CMAKE_PREFIX_PATH=${CMAKE_PREFIX_PATH}:/home/caden/Documents/rotom/src/ros2_ws/install/rotom_vision:/home/caden/Documents/rotom/src/ros2_ws/install/rotom_description:/home/caden/Documents/rotom/src/ros2_ws/install/rotom_control:/opt/ros/humble PIXI_PROMPT=(rotom) PYTHONPATH=/home/caden/Documents/rotom/src/ros2_ws/build/rotom_description:/home/caden/Documents/rotom/src/ros2_ws/install/rotom_description/lib/python3.10/site-packages:/home/caden/Documents/rotom/src/ros2_ws/install/rotom_vision/lib/python3.10/site-packages:/home/caden/Documents/rotom/src/ros2_ws/build/rotom_control:/home/caden/Documents/rotom/src/ros2_ws/install/rotom_control/lib/python3.10/site-packages:/opt/ros/humble/lib/python3.10/site-packages:/opt/ros/humble/local/lib/python3.10/dist-packages /usr/bin/cmake /home/caden/Documents/rotom/src/ros2_ws/src/rotom_moveit_config -DPython3_EXECUTABLE=/usr/bin/python3 -DAMENT_CMAKE_SYMLINK_INSTALL=1 -DCMAKE_INSTALL_PREFIX=/home/caden/Documents/rotom/src/ros2_ws/install/rotom_moveit_config
[6.630s] DEBUG:colcon.colcon_core.event_handler.log_command:Invoking command in '/home/caden/Documents/rotom/src/ros2_ws/build/rotom_moveit_config': AMENT_PREFIX_PATH=/home/caden/Documents/rotom/src/ros2_ws/install/rotom_description:/home/caden/Documents/rotom/src/ros2_ws/install/rotom_vision:/home/caden/Documents/rotom/src/ros2_ws/install/rotom_moveit_config:/home/caden/Documents/rotom/src/ros2_ws/install/rotom_control:/opt/ros/humble CMAKE_PREFIX_PATH=${CMAKE_PREFIX_PATH}:/home/caden/Documents/rotom/src/ros2_ws/install/rotom_vision:/home/caden/Documents/rotom/src/ros2_ws/install/rotom_description:/home/caden/Documents/rotom/src/ros2_ws/install/rotom_control:/opt/ros/humble PIXI_PROMPT=(rotom) PYTHONPATH=/home/caden/Documents/rotom/src/ros2_ws/build/rotom_description:/home/caden/Documents/rotom/src/ros2_ws/install/rotom_description/lib/python3.10/site-packages:/home/caden/Documents/rotom/src/ros2_ws/install/rotom_vision/lib/python3.10/site-packages:/home/caden/Documents/rotom/src/ros2_ws/build/rotom_control:/home/caden/Documents/rotom/src/ros2_ws/install/rotom_control/lib/python3.10/site-packages:/opt/ros/humble/lib/python3.10/site-packages:/opt/ros/humble/local/lib/python3.10/dist-packages /usr/bin/cmake --build /home/caden/Documents/rotom/src/ros2_ws/build/rotom_moveit_config -- -j6 -l6
[6.703s] DEBUG:colcon.colcon_core.event_handler.log_command:Invoked command in '/home/caden/Documents/rotom/src/ros2_ws/build/rotom_moveit_config' returned '0': AMENT_PREFIX_PATH=/home/caden/Documents/rotom/src/ros2_ws/install/rotom_description:/home/caden/Documents/rotom/src/ros2_ws/install/rotom_vision:/home/caden/Documents/rotom/src/ros2_ws/install/rotom_moveit_config:/home/caden/Documents/rotom/src/ros2_ws/install/rotom_control:/opt/ros/humble CMAKE_PREFIX_PATH=${CMAKE_PREFIX_PATH}:/home/caden/Documents/rotom/src/ros2_ws/install/rotom_vision:/home/caden/Documents/rotom/src/ros2_ws/install/rotom_description:/home/caden/Documents/rotom/src/ros2_ws/install/rotom_control:/opt/ros/humble PIXI_PROMPT=(rotom) PYTHONPATH=/home/caden/Documents/rotom/src/ros2_ws/build/rotom_description:/home/caden/Documents/rotom/src/ros2_ws/install/rotom_description/lib/python3.10/site-packages:/home/caden/Documents/rotom/src/ros2_ws/install/rotom_vision/lib/python3.10/site-packages:/home/caden/Documents/rotom/src/ros2_ws/build/rotom_control:/home/caden/Documents/rotom/src/ros2_ws/install/rotom_control/lib/python3.10/site-packages:/opt/ros/humble/lib/python3.10/site-packages:/opt/ros/humble/local/lib/python3.10/dist-packages /usr/bin/cmake --build /home/caden/Documents/rotom/src/ros2_ws/build/rotom_moveit_config -- -j6 -l6
[6.731s] DEBUG:colcon.colcon_core.event_handler.log_command:Invoking command in '/home/caden/Documents/rotom/src/ros2_ws/build/rotom_moveit_config': AMENT_PREFIX_PATH=/home/caden/Documents/rotom/src/ros2_ws/install/rotom_description:/home/caden/Documents/rotom/src/ros2_ws/install/rotom_vision:/home/caden/Documents/rotom/src/ros2_ws/install/rotom_moveit_config:/home/caden/Documents/rotom/src/ros2_ws/install/rotom_control:/opt/ros/humble CMAKE_PREFIX_PATH=${CMAKE_PREFIX_PATH}:/home/caden/Documents/rotom/src/ros2_ws/install/rotom_vision:/home/caden/Documents/rotom/src/ros2_ws/install/rotom_description:/home/caden/Documents/rotom/src/ros2_ws/install/rotom_control:/opt/ros/humble PIXI_PROMPT=(rotom) PYTHONPATH=/home/caden/Documents/rotom/src/ros2_ws/build/rotom_description:/home/caden/Documents/rotom/src/ros2_ws/install/rotom_description/lib/python3.10/site-packages:/home/caden/Documents/rotom/src/ros2_ws/install/rotom_vision/lib/python3.10/site-packages:/home/caden/Documents/rotom/src/ros2_ws/build/rotom_control:/home/caden/Documents/rotom/src/ros2_ws/install/rotom_control/lib/python3.10/site-packages:/opt/ros/humble/lib/python3.10/site-packages:/opt/ros/humble/local/lib/python3.10/dist-packages /usr/bin/cmake --install /home/caden/Documents/rotom/src/ros2_ws/build/rotom_moveit_config
[7.448s] Level 1:colcon.colcon_core.environment:create_environment_scripts_only(rotom_moveit_config)
[7.449s] Level 1:colcon.colcon_core.environment:checking '/home/caden/Documents/rotom/src/ros2_ws/install/rotom_moveit_config' for CMake module files
[7.451s] DEBUG:colcon.colcon_core.event_handler.log_command:Invoked command in '/home/caden/Documents/rotom/src/ros2_ws/build/rotom_moveit_config' returned '0': AMENT_PREFIX_PATH=/home/caden/Documents/rotom/src/ros2_ws/install/rotom_description:/home/caden/Documents/rotom/src/ros2_ws/install/rotom_vision:/home/caden/Documents/rotom/src/ros2_ws/install/rotom_moveit_config:/home/caden/Documents/rotom/src/ros2_ws/install/rotom_control:/opt/ros/humble CMAKE_PREFIX_PATH=${CMAKE_PREFIX_PATH}:/home/caden/Documents/rotom/src/ros2_ws/install/rotom_vision:/home/caden/Documents/rotom/src/ros2_ws/install/rotom_description:/home/caden/Documents/rotom/src/ros2_ws/install/rotom_control:/opt/ros/humble PIXI_PROMPT=(rotom) PYTHONPATH=/home/caden/Documents/rotom/src/ros2_ws/build/rotom_description:/home/caden/Documents/rotom/src/ros2_ws/install/rotom_description/lib/python3.10/site-packages:/home/caden/Documents/rotom/src/ros2_ws/install/rotom_vision/lib/python3.10/site-packages:/home/caden/Documents/rotom/src/ros2_ws/build/rotom_control:/home/caden/Documents/rotom/src/ros2_ws/install/rotom_control/lib/python3.10/site-packages:/opt/ros/humble/lib/python3.10/site-packages:/opt/ros/humble/local/lib/python3.10/dist-packages /usr/bin/cmake --install /home/caden/Documents/rotom/src/ros2_ws/build/rotom_moveit_config
[7.452s] Level 1:colcon.colcon_core.environment:checking '/home/caden/Documents/rotom/src/ros2_ws/install/rotom_moveit_config' for CMake config files
[7.454s] Level 1:colcon.colcon_core.shell:create_environment_hook('rotom_moveit_config', 'cmake_prefix_path')
[7.455s] INFO:colcon.colcon_core.shell:Creating environment hook '/home/caden/Documents/rotom/src/ros2_ws/install/rotom_moveit_config/share/rotom_moveit_config/hook/cmake_prefix_path.ps1'
[7.457s] INFO:colcon.colcon_core.shell:Creating environment descriptor '/home/caden/Documents/rotom/src/ros2_ws/install/rotom_moveit_config/share/rotom_moveit_config/hook/cmake_prefix_path.dsv'
[7.458s] INFO:colcon.colcon_core.shell:Creating environment hook '/home/caden/Documents/rotom/src/ros2_ws/install/rotom_moveit_config/share/rotom_moveit_config/hook/cmake_prefix_path.sh'
[7.460s] Level 1:colcon.colcon_core.environment:checking '/home/caden/Documents/rotom/src/ros2_ws/install/rotom_moveit_config/bin'
[7.460s] Level 1:colcon.colcon_core.environment:checking '/home/caden/Documents/rotom/src/ros2_ws/install/rotom_moveit_config/lib/pkgconfig/rotom_moveit_config.pc'
[7.461s] Level 1:colcon.colcon_core.environment:checking '/home/caden/Documents/rotom/src/ros2_ws/install/rotom_moveit_config/lib/python3.10/site-packages'
[7.461s] Level 1:colcon.colcon_core.environment:checking '/home/caden/Documents/rotom/src/ros2_ws/install/rotom_moveit_config/bin'
[7.462s] INFO:colcon.colcon_core.shell:Creating package script '/home/caden/Documents/rotom/src/ros2_ws/install/rotom_moveit_config/share/rotom_moveit_config/package.ps1'
[7.463s] INFO:colcon.colcon_core.shell:Creating package descriptor '/home/caden/Documents/rotom/src/ros2_ws/install/rotom_moveit_config/share/rotom_moveit_config/package.dsv'
[7.465s] INFO:colcon.colcon_core.shell:Creating package script '/home/caden/Documents/rotom/src/ros2_ws/install/rotom_moveit_config/share/rotom_moveit_config/package.sh'
[7.466s] INFO:colcon.colcon_core.shell:Creating package script '/home/caden/Documents/rotom/src/ros2_ws/install/rotom_moveit_config/share/rotom_moveit_config/package.bash'
[7.468s] INFO:colcon.colcon_core.shell:Creating package script '/home/caden/Documents/rotom/src/ros2_ws/install/rotom_moveit_config/share/rotom_moveit_config/package.zsh'
[7.469s] Level 1:colcon.colcon_core.environment:create_file_with_runtime_dependencies(/home/caden/Documents/rotom/src/ros2_ws/install/rotom_moveit_config/share/colcon-core/packages/rotom_moveit_config)
[7.471s] Level 1:colcon.colcon_core.environment:create_environment_scripts_only(rotom_moveit_config)
[7.472s] Level 1:colcon.colcon_core.environment:checking '/home/caden/Documents/rotom/src/ros2_ws/install/rotom_moveit_config' for CMake module files
[7.474s] Level 1:colcon.colcon_core.environment:checking '/home/caden/Documents/rotom/src/ros2_ws/install/rotom_moveit_config' for CMake config files
[7.475s] Level 1:colcon.colcon_core.shell:create_environment_hook('rotom_moveit_config', 'cmake_prefix_path')
[7.475s] INFO:colcon.colcon_core.shell:Creating environment hook '/home/caden/Documents/rotom/src/ros2_ws/install/rotom_moveit_config/share/rotom_moveit_config/hook/cmake_prefix_path.ps1'
[7.476s] INFO:colcon.colcon_core.shell:Creating environment descriptor '/home/caden/Documents/rotom/src/ros2_ws/install/rotom_moveit_config/share/rotom_moveit_config/hook/cmake_prefix_path.dsv'
[7.477s] INFO:colcon.colcon_core.shell:Creating environment hook '/home/caden/Documents/rotom/src/ros2_ws/install/rotom_moveit_config/share/rotom_moveit_config/hook/cmake_prefix_path.sh'
[7.479s] Level 1:colcon.colcon_core.environment:checking '/home/caden/Documents/rotom/src/ros2_ws/install/rotom_moveit_config/bin'
[7.479s] Level 1:colcon.colcon_core.environment:checking '/home/caden/Documents/rotom/src/ros2_ws/install/rotom_moveit_config/lib/pkgconfig/rotom_moveit_config.pc'
[7.480s] Level 1:colcon.colcon_core.environment:checking '/home/caden/Documents/rotom/src/ros2_ws/install/rotom_moveit_config/lib/python3.10/site-packages'
[7.482s] Level 1:colcon.colcon_core.environment:checking '/home/caden/Documents/rotom/src/ros2_ws/install/rotom_moveit_config/bin'
[7.483s] INFO:colcon.colcon_core.shell:Creating package script '/home/caden/Documents/rotom/src/ros2_ws/install/rotom_moveit_config/share/rotom_moveit_config/package.ps1'
[7.485s] INFO:colcon.colcon_core.shell:Creating package descriptor '/home/caden/Documents/rotom/src/ros2_ws/install/rotom_moveit_config/share/rotom_moveit_config/package.dsv'
[7.487s] INFO:colcon.colcon_core.shell:Creating package script '/home/caden/Documents/rotom/src/ros2_ws/install/rotom_moveit_config/share/rotom_moveit_config/package.sh'
[7.488s] INFO:colcon.colcon_core.shell:Creating package script '/home/caden/Documents/rotom/src/ros2_ws/install/rotom_moveit_config/share/rotom_moveit_config/package.bash'
[7.489s] INFO:colcon.colcon_core.shell:Creating package script '/home/caden/Documents/rotom/src/ros2_ws/install/rotom_moveit_config/share/rotom_moveit_config/package.zsh'
[7.490s] Level 1:colcon.colcon_core.environment:create_file_with_runtime_dependencies(/home/caden/Documents/rotom/src/ros2_ws/install/rotom_moveit_config/share/colcon-core/packages/rotom_moveit_config)
[7.490s] DEBUG:colcon.colcon_parallel_executor.executor.parallel:closing loop
[7.491s] DEBUG:colcon.colcon_parallel_executor.executor.parallel:loop closed
[7.492s] DEBUG:colcon.colcon_parallel_executor.executor.parallel:run_until_complete finished with '0'
[7.492s] DEBUG:colcon.colcon_core.event_reactor:joining thread
[7.511s] INFO:colcon.colcon_core.plugin_system:Skipping extension 'colcon_notification.desktop_notification.terminal_notifier': Not used on non-Darwin systems
[7.511s] INFO:colcon.colcon_core.plugin_system:Skipping extension 'colcon_notification.desktop_notification.win32': Not used on non-Windows systems
[7.511s] INFO:colcon.colcon_notification.desktop_notification:Sending desktop notification using 'notify2'
[7.568s] DEBUG:colcon.colcon_core.event_reactor:joined thread
[7.569s] INFO:colcon.colcon_core.shell:Creating prefix script '/home/caden/Documents/rotom/src/ros2_ws/install/local_setup.ps1'
[7.573s] INFO:colcon.colcon_core.shell:Creating prefix util module '/home/caden/Documents/rotom/src/ros2_ws/install/_local_setup_util_ps1.py'
[7.576s] INFO:colcon.colcon_core.shell:Creating prefix chain script '/home/caden/Documents/rotom/src/ros2_ws/install/setup.ps1'
[7.580s] INFO:colcon.colcon_core.shell:Creating prefix script '/home/caden/Documents/rotom/src/ros2_ws/install/local_setup.sh'
[7.582s] INFO:colcon.colcon_core.shell:Creating prefix util module '/home/caden/Documents/rotom/src/ros2_ws/install/_local_setup_util_sh.py'
[7.584s] INFO:colcon.colcon_core.shell:Creating prefix chain script '/home/caden/Documents/rotom/src/ros2_ws/install/setup.sh'
[7.588s] INFO:colcon.colcon_core.shell:Creating prefix script '/home/caden/Documents/rotom/src/ros2_ws/install/local_setup.bash'
[7.590s] INFO:colcon.colcon_core.shell:Creating prefix chain script '/home/caden/Documents/rotom/src/ros2_ws/install/setup.bash'
[7.594s] INFO:colcon.colcon_core.shell:Creating prefix script '/home/caden/Documents/rotom/src/ros2_ws/install/local_setup.zsh'
[7.596s] INFO:colcon.colcon_core.shell:Creating prefix chain script '/home/caden/Documents/rotom/src/ros2_ws/install/setup.zsh'
