[0.047s] Invoking command in '/home/caden/Documents/rotom/src/ros2_ws/build/rotom_moveit_config': AMENT_PREFIX_PATH=/home/caden/Documents/rotom/src/ros2_ws/install/rotom_description:/home/caden/Documents/rotom/src/ros2_ws/install/rotom_moveit_config:/home/caden/Documents/rotom/src/ros2_ws/install/rotom_control:/opt/ros/humble CMAKE_PREFIX_PATH=${CMAKE_PREFIX_PATH}:/home/caden/Documents/rotom/src/ros2_ws/install/rotom_description:/home/caden/Documents/rotom/src/ros2_ws/install/rotom_control:/opt/ros/humble PIXI_PROMPT=(rotom) /usr/bin/cmake /home/caden/Documents/rotom/src/ros2_ws/src/rotom_moveit_config -DPython3_EXECUTABLE=/usr/bin/python3 -DAMENT_CMAKE_SYMLINK_INSTALL=1 -DCMAKE_INSTALL_PREFIX=/home/caden/Documents/rotom/src/ros2_ws/install/rotom_moveit_config
[0.179s] -- The C compiler identification is GNU 11.4.0
[0.317s] -- The CXX compiler identification is GNU 11.4.0
[0.345s] -- Detecting C compiler ABI info
[0.520s] -- Detecting C compiler ABI info - done
[0.551s] -- Check for working C compiler: /usr/bin/cc - skipped
[0.551s] -- Detecting C compile features
[0.552s] -- Detecting C compile features - done
[0.563s] -- Detecting CXX compiler ABI info
[0.758s] -- Detecting CXX compiler ABI info - done
[0.782s] -- Check for working CXX compiler: /usr/bin/c++ - skipped
[0.782s] -- Detecting CXX compile features
[0.784s] -- Detecting CXX compile features - done
[0.792s] -- Found ament_cmake: 1.3.12 (/opt/ros/humble/share/ament_cmake/cmake)
[1.189s] -- Found Python3: /usr/bin/python3 (found version "3.10.12") found components: Interpreter 
[1.372s] -- Override CMake install command with custom implementation using symlinks instead of copying resources
[1.638s] -- Configuring done
[1.645s] -- Generating done
[1.648s] -- Build files have been written to: /home/caden/Documents/rotom/src/ros2_ws/build/rotom_moveit_config
[1.659s] Invoked command in '/home/caden/Documents/rotom/src/ros2_ws/build/rotom_moveit_config' returned '0': AMENT_PREFIX_PATH=/home/caden/Documents/rotom/src/ros2_ws/install/rotom_description:/home/caden/Documents/rotom/src/ros2_ws/install/rotom_moveit_config:/home/caden/Documents/rotom/src/ros2_ws/install/rotom_control:/opt/ros/humble CMAKE_PREFIX_PATH=${CMAKE_PREFIX_PATH}:/home/caden/Documents/rotom/src/ros2_ws/install/rotom_description:/home/caden/Documents/rotom/src/ros2_ws/install/rotom_control:/opt/ros/humble PIXI_PROMPT=(rotom) /usr/bin/cmake /home/caden/Documents/rotom/src/ros2_ws/src/rotom_moveit_config -DPython3_EXECUTABLE=/usr/bin/python3 -DAMENT_CMAKE_SYMLINK_INSTALL=1 -DCMAKE_INSTALL_PREFIX=/home/caden/Documents/rotom/src/ros2_ws/install/rotom_moveit_config
[1.666s] Invoking command in '/home/caden/Documents/rotom/src/ros2_ws/build/rotom_moveit_config': AMENT_PREFIX_PATH=/home/caden/Documents/rotom/src/ros2_ws/install/rotom_description:/home/caden/Documents/rotom/src/ros2_ws/install/rotom_moveit_config:/home/caden/Documents/rotom/src/ros2_ws/install/rotom_control:/opt/ros/humble CMAKE_PREFIX_PATH=${CMAKE_PREFIX_PATH}:/home/caden/Documents/rotom/src/ros2_ws/install/rotom_description:/home/caden/Documents/rotom/src/ros2_ws/install/rotom_control:/opt/ros/humble PIXI_PROMPT=(rotom) /usr/bin/cmake --build /home/caden/Documents/rotom/src/ros2_ws/build/rotom_moveit_config -- -j6 -l6
[1.753s] Invoked command in '/home/caden/Documents/rotom/src/ros2_ws/build/rotom_moveit_config' returned '0': AMENT_PREFIX_PATH=/home/caden/Documents/rotom/src/ros2_ws/install/rotom_description:/home/caden/Documents/rotom/src/ros2_ws/install/rotom_moveit_config:/home/caden/Documents/rotom/src/ros2_ws/install/rotom_control:/opt/ros/humble CMAKE_PREFIX_PATH=${CMAKE_PREFIX_PATH}:/home/caden/Documents/rotom/src/ros2_ws/install/rotom_description:/home/caden/Documents/rotom/src/ros2_ws/install/rotom_control:/opt/ros/humble PIXI_PROMPT=(rotom) /usr/bin/cmake --build /home/caden/Documents/rotom/src/ros2_ws/build/rotom_moveit_config -- -j6 -l6
[1.782s] Invoking command in '/home/caden/Documents/rotom/src/ros2_ws/build/rotom_moveit_config': AMENT_PREFIX_PATH=/home/caden/Documents/rotom/src/ros2_ws/install/rotom_description:/home/caden/Documents/rotom/src/ros2_ws/install/rotom_moveit_config:/home/caden/Documents/rotom/src/ros2_ws/install/rotom_control:/opt/ros/humble CMAKE_PREFIX_PATH=${CMAKE_PREFIX_PATH}:/home/caden/Documents/rotom/src/ros2_ws/install/rotom_description:/home/caden/Documents/rotom/src/ros2_ws/install/rotom_control:/opt/ros/humble PIXI_PROMPT=(rotom) /usr/bin/cmake --install /home/caden/Documents/rotom/src/ros2_ws/build/rotom_moveit_config
[1.804s] -- Install configuration: ""
[1.805s] -- Execute custom install script
[1.807s] -- Symlinking: /home/caden/Documents/rotom/src/ros2_ws/install/rotom_moveit_config/share/ament_index/resource_index/package_run_dependencies/rotom_moveit_config
[1.828s] -- Symlinking: /home/caden/Documents/rotom/src/ros2_ws/install/rotom_moveit_config/share/ament_index/resource_index/parent_prefix_path/rotom_moveit_config
[1.849s] -- Symlinking: /home/caden/Documents/rotom/src/ros2_ws/install/rotom_moveit_config/share/rotom_moveit_config/environment/ament_prefix_path.sh
[1.874s] -- Symlinking: /home/caden/Documents/rotom/src/ros2_ws/install/rotom_moveit_config/share/rotom_moveit_config/environment/ament_prefix_path.dsv
[1.893s] -- Symlinking: /home/caden/Documents/rotom/src/ros2_ws/install/rotom_moveit_config/share/rotom_moveit_config/environment/path.sh
[1.915s] -- Symlinking: /home/caden/Documents/rotom/src/ros2_ws/install/rotom_moveit_config/share/rotom_moveit_config/environment/path.dsv
[1.934s] -- Symlinking: /home/caden/Documents/rotom/src/ros2_ws/install/rotom_moveit_config/share/rotom_moveit_config/local_setup.bash
[1.956s] -- Symlinking: /home/caden/Documents/rotom/src/ros2_ws/install/rotom_moveit_config/share/rotom_moveit_config/local_setup.sh
[1.978s] -- Symlinking: /home/caden/Documents/rotom/src/ros2_ws/install/rotom_moveit_config/share/rotom_moveit_config/local_setup.zsh
[1.997s] -- Symlinking: /home/caden/Documents/rotom/src/ros2_ws/install/rotom_moveit_config/share/rotom_moveit_config/local_setup.dsv
[2.019s] -- Symlinking: /home/caden/Documents/rotom/src/ros2_ws/install/rotom_moveit_config/share/rotom_moveit_config/package.dsv
[2.037s] -- Symlinking: /home/caden/Documents/rotom/src/ros2_ws/install/rotom_moveit_config/share/ament_index/resource_index/packages/rotom_moveit_config
[2.058s] -- Symlinking: /home/caden/Documents/rotom/src/ros2_ws/install/rotom_moveit_config/share/rotom_moveit_config/cmake/rotom_moveit_configConfig.cmake
[2.080s] -- Symlinking: /home/caden/Documents/rotom/src/ros2_ws/install/rotom_moveit_config/share/rotom_moveit_config/cmake/rotom_moveit_configConfig-version.cmake
[2.100s] -- Symlinking: /home/caden/Documents/rotom/src/ros2_ws/install/rotom_moveit_config/share/rotom_moveit_config/package.xml
[2.125s] -- Symlinking: /home/caden/Documents/rotom/src/ros2_ws/install/rotom_moveit_config/share/rotom_moveit_config/launch/__pycache__/demo.launch.cpython-310.pyc
[2.143s] -- Symlinking: /home/caden/Documents/rotom/src/ros2_ws/install/rotom_moveit_config/share/rotom_moveit_config/launch/__pycache__/move_group.launch.cpython-310.pyc
[2.168s] -- Symlinking: /home/caden/Documents/rotom/src/ros2_ws/install/rotom_moveit_config/share/rotom_moveit_config/launch/__pycache__/moveit_rviz.launch.cpython-310.pyc
[2.192s] -- Symlinking: /home/caden/Documents/rotom/src/ros2_ws/install/rotom_moveit_config/share/rotom_moveit_config/launch/demo.launch.py
[2.215s] -- Symlinking: /home/caden/Documents/rotom/src/ros2_ws/install/rotom_moveit_config/share/rotom_moveit_config/launch/move_group.launch.py
[2.232s] -- Symlinking: /home/caden/Documents/rotom/src/ros2_ws/install/rotom_moveit_config/share/rotom_moveit_config/launch/moveit_rviz.launch.py
[2.251s] -- Symlinking: /home/caden/Documents/rotom/src/ros2_ws/install/rotom_moveit_config/share/rotom_moveit_config/launch/rsp.launch.py
[2.274s] -- Symlinking: /home/caden/Documents/rotom/src/ros2_ws/install/rotom_moveit_config/share/rotom_moveit_config/launch/setup_assistant.launch.py
[2.294s] -- Symlinking: /home/caden/Documents/rotom/src/ros2_ws/install/rotom_moveit_config/share/rotom_moveit_config/launch/spawn_controllers.launch.py
[2.315s] -- Symlinking: /home/caden/Documents/rotom/src/ros2_ws/install/rotom_moveit_config/share/rotom_moveit_config/launch/static_virtual_joint_tfs.launch.py
[2.335s] -- Symlinking: /home/caden/Documents/rotom/src/ros2_ws/install/rotom_moveit_config/share/rotom_moveit_config/launch/warehouse_db.launch.py
[2.359s] -- Symlinking: /home/caden/Documents/rotom/src/ros2_ws/install/rotom_moveit_config/share/rotom_moveit_config/config/initial_positions.yaml
[2.382s] -- Symlinking: /home/caden/Documents/rotom/src/ros2_ws/install/rotom_moveit_config/share/rotom_moveit_config/config/joint_limits.yaml
[2.402s] -- Symlinking: /home/caden/Documents/rotom/src/ros2_ws/install/rotom_moveit_config/share/rotom_moveit_config/config/kinematics.yaml
[2.422s] -- Symlinking: /home/caden/Documents/rotom/src/ros2_ws/install/rotom_moveit_config/share/rotom_moveit_config/config/moveit.rviz
[2.440s] -- Symlinking: /home/caden/Documents/rotom/src/ros2_ws/install/rotom_moveit_config/share/rotom_moveit_config/config/moveit_controllers.yaml
[2.473s] -- Symlinking: /home/caden/Documents/rotom/src/ros2_ws/install/rotom_moveit_config/share/rotom_moveit_config/config/pilz_cartesian_limits.yaml
[2.494s] -- Symlinking: /home/caden/Documents/rotom/src/ros2_ws/install/rotom_moveit_config/share/rotom_moveit_config/config/ros2_controllers.yaml
[2.514s] -- Symlinking: /home/caden/Documents/rotom/src/ros2_ws/install/rotom_moveit_config/share/rotom_moveit_config/config/rotom.ros2_control.xacro
[2.535s] -- Symlinking: /home/caden/Documents/rotom/src/ros2_ws/install/rotom_moveit_config/share/rotom_moveit_config/config/rotom.srdf
[2.558s] -- Symlinking: /home/caden/Documents/rotom/src/ros2_ws/install/rotom_moveit_config/share/rotom_moveit_config/config/rotom.urdf.xacro
[2.580s] -- Symlinking: /home/caden/Documents/rotom/src/ros2_ws/install/rotom_moveit_config/share/rotom_moveit_config/.setup_assistant
[2.607s] Invoked command in '/home/caden/Documents/rotom/src/ros2_ws/build/rotom_moveit_config' returned '0': AMENT_PREFIX_PATH=/home/caden/Documents/rotom/src/ros2_ws/install/rotom_description:/home/caden/Documents/rotom/src/ros2_ws/install/rotom_moveit_config:/home/caden/Documents/rotom/src/ros2_ws/install/rotom_control:/opt/ros/humble CMAKE_PREFIX_PATH=${CMAKE_PREFIX_PATH}:/home/caden/Documents/rotom/src/ros2_ws/install/rotom_description:/home/caden/Documents/rotom/src/ros2_ws/install/rotom_control:/opt/ros/humble PIXI_PROMPT=(rotom) /usr/bin/cmake --install /home/caden/Documents/rotom/src/ros2_ws/build/rotom_moveit_config
