running develop
running egg_info
creating rotom_description.egg-info
writing rotom_description.egg-info/PKG-INFO
writing dependency_links to rotom_description.egg-info/dependency_links.txt
writing entry points to rotom_description.egg-info/entry_points.txt
writing requirements to rotom_description.egg-info/requires.txt
writing top-level names to rotom_description.egg-info/top_level.txt
writing manifest file 'rotom_description.egg-info/SOURCES.txt'
reading manifest file 'rotom_description.egg-info/SOURCES.txt'
writing manifest file 'rotom_description.egg-info/SOURCES.txt'
running build_ext
Creating /home/caden/Documents/rotom/src/ros2_ws/install/rotom_description/lib/python3.10/site-packages/rotom-description.egg-link (link to .)

Installed /home/caden/Documents/rotom/src/ros2_ws/build/rotom_description
running symlink_data
creating /home/caden/Documents/rotom/src/ros2_ws/install/rotom_description/share/ament_index
creating /home/caden/Documents/rotom/src/ros2_ws/install/rotom_description/share/ament_index/resource_index
creating /home/caden/Documents/rotom/src/ros2_ws/install/rotom_description/share/ament_index/resource_index/packages
symbolically linking /home/caden/Documents/rotom/src/ros2_ws/build/rotom_description/resource/rotom_description -> /home/caden/Documents/rotom/src/ros2_ws/install/rotom_description/share/ament_index/resource_index/packages
symbolically linking /home/caden/Documents/rotom/src/ros2_ws/build/rotom_description/package.xml -> /home/caden/Documents/rotom/src/ros2_ws/install/rotom_description/share/rotom_description
creating /home/caden/Documents/rotom/src/ros2_ws/install/rotom_description/share/rotom_description/launch
symbolically linking /home/caden/Documents/rotom/src/ros2_ws/build/rotom_description/launch/view_robot.launch.py -> /home/caden/Documents/rotom/src/ros2_ws/install/rotom_description/share/rotom_description/launch
creating /home/caden/Documents/rotom/src/ros2_ws/install/rotom_description/share/rotom_description/urdf
symbolically linking /home/caden/Documents/rotom/src/ros2_ws/build/rotom_description/urdf/rotom.urdf.xacro -> /home/caden/Documents/rotom/src/ros2_ws/install/rotom_description/share/rotom_description/urdf
creating /home/caden/Documents/rotom/src/ros2_ws/install/rotom_description/share/rotom_description/rviz
symbolically linking /home/caden/Documents/rotom/src/ros2_ws/build/rotom_description/rviz/view_robot.rviz -> /home/caden/Documents/rotom/src/ros2_ws/install/rotom_description/share/rotom_description/rviz
creating /home/caden/Documents/rotom/src/ros2_ws/install/rotom_description/share/rotom_description/meshes
creating /home/caden/Documents/rotom/src/ros2_ws/install/rotom_description/share/rotom_description/meshes/visual
symbolically linking /home/caden/Documents/rotom/src/ros2_ws/build/rotom_description/meshes/visual/flick2claw.stl -> /home/caden/Documents/rotom/src/ros2_ws/install/rotom_description/share/rotom_description/meshes/visual
symbolically linking /home/caden/Documents/rotom/src/ros2_ws/build/rotom_description/meshes/visual/elbow2wrist.stl -> /home/caden/Documents/rotom/src/ros2_ws/install/rotom_description/share/rotom_description/meshes/visual
symbolically linking /home/caden/Documents/rotom/src/ros2_ws/build/rotom_description/meshes/visual/wrist2flick.stl -> /home/caden/Documents/rotom/src/ros2_ws/install/rotom_description/share/rotom_description/meshes/visual
symbolically linking /home/caden/Documents/rotom/src/ros2_ws/build/rotom_description/meshes/visual/origin2base.stl -> /home/caden/Documents/rotom/src/ros2_ws/install/rotom_description/share/rotom_description/meshes/visual
symbolically linking /home/caden/Documents/rotom/src/ros2_ws/build/rotom_description/meshes/visual/base2shoulder.stl -> /home/caden/Documents/rotom/src/ros2_ws/install/rotom_description/share/rotom_description/meshes/visual
symbolically linking /home/caden/Documents/rotom/src/ros2_ws/build/rotom_description/meshes/visual/EE.stl -> /home/caden/Documents/rotom/src/ros2_ws/install/rotom_description/share/rotom_description/meshes/visual
symbolically linking /home/caden/Documents/rotom/src/ros2_ws/build/rotom_description/meshes/visual/shoulder2elbow.stl -> /home/caden/Documents/rotom/src/ros2_ws/install/rotom_description/share/rotom_description/meshes/visual
creating /home/caden/Documents/rotom/src/ros2_ws/install/rotom_description/share/rotom_description/meshes/collision
