[0.377s] DEBUG:colcon:Command line arguments: ['/usr/bin/colcon', 'build', '--packages-select', 'rotom_control', '--symlink-install', '--cmake-args', '-DPython3_EXECUTABLE=/usr/bin/python3']
[0.377s] DEBUG:colcon:Parsed command line arguments: Namespace(log_base=None, log_level=None, verb_name='build', build_base='build', install_base='install', merge_install=False, symlink_install=True, test_result_base=None, continue_on_error=False, executor='parallel', parallel_workers=6, event_handlers=None, ignore_user_meta=False, metas=['./colcon.meta'], base_paths=['.'], packages_ignore=None, packages_ignore_regex=None, paths=None, packages_up_to=None, packages_up_to_regex=None, packages_above=None, packages_above_and_dependencies=None, packages_above_depth=None, packages_select_by_dep=None, packages_skip_by_dep=None, packages_skip_up_to=None, packages_select_build_failed=False, packages_skip_build_finished=False, packages_select_test_failures=False, packages_skip_test_passed=False, packages_select=['rotom_control'], packages_skip=None, packages_select_regex=None, packages_skip_regex=None, packages_start=None, packages_end=None, allow_overriding=[], cmake_args=['-DPython3_EXECUTABLE=/usr/bin/python3'], cmake_target=None, cmake_target_skip_unavailable=False, cmake_clean_cache=False, cmake_clean_first=False, cmake_force_configure=False, ament_cmake_args=None, catkin_cmake_args=None, catkin_skip_building_tests=False, mixin_files=None, mixin=None, verb_parser=<colcon_mixin.mixin.mixin_argument.MixinArgumentDecorator object at 0xffffb91a7130>, verb_extension=<colcon_core.verb.build.BuildVerb object at 0xffffb91a64d0>, main=<bound method BuildVerb.main of <colcon_core.verb.build.BuildVerb object at 0xffffb91a64d0>>, mixin_verb=('build',))
[0.972s] Level 1:colcon.colcon_core.package_discovery:discover_packages(colcon_meta) check parameters
[0.973s] Level 1:colcon.colcon_core.package_discovery:discover_packages(recursive) check parameters
[0.973s] Level 1:colcon.colcon_core.package_discovery:discover_packages(ignore) check parameters
[0.973s] Level 1:colcon.colcon_core.package_discovery:discover_packages(path) check parameters
[0.973s] Level 1:colcon.colcon_core.package_discovery:discover_packages(colcon_meta) discover
[0.973s] Level 1:colcon.colcon_core.package_discovery:discover_packages(recursive) discover
[0.973s] INFO:colcon.colcon_core.package_discovery:Crawling recursively for packages in '/home/caden/Documents/rotom/src/ros2_ws'
[0.973s] Level 1:colcon.colcon_core.package_identification:_identify(.) by extensions ['ignore', 'ignore_ament_install']
[0.974s] Level 1:colcon.colcon_core.package_identification:_identify(.) by extension 'ignore'
[0.974s] Level 1:colcon.colcon_core.package_identification:_identify(.) by extension 'ignore_ament_install'
[0.974s] Level 1:colcon.colcon_core.package_identification:_identify(.) by extensions ['colcon_pkg']
[0.974s] Level 1:colcon.colcon_core.package_identification:_identify(.) by extension 'colcon_pkg'
[0.974s] Level 1:colcon.colcon_core.package_identification:_identify(.) by extensions ['colcon_meta']
[0.974s] Level 1:colcon.colcon_core.package_identification:_identify(.) by extension 'colcon_meta'
[0.974s] Level 1:colcon.colcon_core.package_identification:_identify(.) by extensions ['ros']
[0.974s] Level 1:colcon.colcon_core.package_identification:_identify(.) by extension 'ros'
[1.008s] Level 1:colcon.colcon_core.package_identification:_identify(.) by extensions ['cmake', 'python']
[1.009s] Level 1:colcon.colcon_core.package_identification:_identify(.) by extension 'cmake'
[1.009s] Level 1:colcon.colcon_core.package_identification:_identify(.) by extension 'python'
[1.009s] Level 1:colcon.colcon_core.package_identification:_identify(.) by extensions ['python_setup_py']
[1.009s] Level 1:colcon.colcon_core.package_identification:_identify(.) by extension 'python_setup_py'
[1.009s] Level 1:colcon.colcon_core.package_identification:_identify(build) by extensions ['ignore', 'ignore_ament_install']
[1.010s] Level 1:colcon.colcon_core.package_identification:_identify(build) by extension 'ignore'
[1.010s] Level 1:colcon.colcon_core.package_identification:_identify(build) ignored
[1.010s] Level 1:colcon.colcon_core.package_identification:_identify(install) by extensions ['ignore', 'ignore_ament_install']
[1.010s] Level 1:colcon.colcon_core.package_identification:_identify(install) by extension 'ignore'
[1.010s] Level 1:colcon.colcon_core.package_identification:_identify(install) ignored
[1.011s] Level 1:colcon.colcon_core.package_identification:_identify(log) by extensions ['ignore', 'ignore_ament_install']
[1.011s] Level 1:colcon.colcon_core.package_identification:_identify(log) by extension 'ignore'
[1.011s] Level 1:colcon.colcon_core.package_identification:_identify(log) ignored
[1.011s] Level 1:colcon.colcon_core.package_identification:_identify(src) by extensions ['ignore', 'ignore_ament_install']
[1.011s] Level 1:colcon.colcon_core.package_identification:_identify(src) by extension 'ignore'
[1.012s] Level 1:colcon.colcon_core.package_identification:_identify(src) by extension 'ignore_ament_install'
[1.012s] Level 1:colcon.colcon_core.package_identification:_identify(src) by extensions ['colcon_pkg']
[1.012s] Level 1:colcon.colcon_core.package_identification:_identify(src) by extension 'colcon_pkg'
[1.012s] Level 1:colcon.colcon_core.package_identification:_identify(src) by extensions ['colcon_meta']
[1.012s] Level 1:colcon.colcon_core.package_identification:_identify(src) by extension 'colcon_meta'
[1.012s] Level 1:colcon.colcon_core.package_identification:_identify(src) by extensions ['ros']
[1.012s] Level 1:colcon.colcon_core.package_identification:_identify(src) by extension 'ros'
[1.013s] Level 1:colcon.colcon_core.package_identification:_identify(src) by extensions ['cmake', 'python']
[1.013s] Level 1:colcon.colcon_core.package_identification:_identify(src) by extension 'cmake'
[1.013s] Level 1:colcon.colcon_core.package_identification:_identify(src) by extension 'python'
[1.013s] Level 1:colcon.colcon_core.package_identification:_identify(src) by extensions ['python_setup_py']
[1.013s] Level 1:colcon.colcon_core.package_identification:_identify(src) by extension 'python_setup_py'
[1.013s] Level 1:colcon.colcon_core.package_identification:_identify(src/rotom_control) by extensions ['ignore', 'ignore_ament_install']
[1.013s] Level 1:colcon.colcon_core.package_identification:_identify(src/rotom_control) by extension 'ignore'
[1.014s] Level 1:colcon.colcon_core.package_identification:_identify(src/rotom_control) by extension 'ignore_ament_install'
[1.014s] Level 1:colcon.colcon_core.package_identification:_identify(src/rotom_control) by extensions ['colcon_pkg']
[1.014s] Level 1:colcon.colcon_core.package_identification:_identify(src/rotom_control) by extension 'colcon_pkg'
[1.014s] Level 1:colcon.colcon_core.package_identification:_identify(src/rotom_control) by extensions ['colcon_meta']
[1.014s] Level 1:colcon.colcon_core.package_identification:_identify(src/rotom_control) by extension 'colcon_meta'
[1.014s] Level 1:colcon.colcon_core.package_identification:_identify(src/rotom_control) by extensions ['ros']
[1.014s] Level 1:colcon.colcon_core.package_identification:_identify(src/rotom_control) by extension 'ros'
[1.053s] DEBUG:colcon.colcon_core.package_identification:Package 'src/rotom_control' with type 'ros.ament_python' and name 'rotom_control'
[1.053s] Level 1:colcon.colcon_core.package_identification:_identify(src/rotom_description) by extensions ['ignore', 'ignore_ament_install']
[1.054s] Level 1:colcon.colcon_core.package_identification:_identify(src/rotom_description) by extension 'ignore'
[1.054s] Level 1:colcon.colcon_core.package_identification:_identify(src/rotom_description) by extension 'ignore_ament_install'
[1.054s] Level 1:colcon.colcon_core.package_identification:_identify(src/rotom_description) by extensions ['colcon_pkg']
[1.054s] Level 1:colcon.colcon_core.package_identification:_identify(src/rotom_description) by extension 'colcon_pkg'
[1.054s] Level 1:colcon.colcon_core.package_identification:_identify(src/rotom_description) by extensions ['colcon_meta']
[1.054s] Level 1:colcon.colcon_core.package_identification:_identify(src/rotom_description) by extension 'colcon_meta'
[1.054s] Level 1:colcon.colcon_core.package_identification:_identify(src/rotom_description) by extensions ['ros']
[1.055s] Level 1:colcon.colcon_core.package_identification:_identify(src/rotom_description) by extension 'ros'
[1.056s] DEBUG:colcon.colcon_core.package_identification:Package 'src/rotom_description' with type 'ros.ament_python' and name 'rotom_description'
[1.057s] Level 1:colcon.colcon_core.package_identification:_identify(src/rotom_moveit_config) by extensions ['ignore', 'ignore_ament_install']
[1.057s] Level 1:colcon.colcon_core.package_identification:_identify(src/rotom_moveit_config) by extension 'ignore'
[1.057s] Level 1:colcon.colcon_core.package_identification:_identify(src/rotom_moveit_config) by extension 'ignore_ament_install'
[1.057s] Level 1:colcon.colcon_core.package_identification:_identify(src/rotom_moveit_config) by extensions ['colcon_pkg']
[1.057s] Level 1:colcon.colcon_core.package_identification:_identify(src/rotom_moveit_config) by extension 'colcon_pkg'
[1.057s] Level 1:colcon.colcon_core.package_identification:_identify(src/rotom_moveit_config) by extensions ['colcon_meta']
[1.058s] Level 1:colcon.colcon_core.package_identification:_identify(src/rotom_moveit_config) by extension 'colcon_meta'
[1.058s] Level 1:colcon.colcon_core.package_identification:_identify(src/rotom_moveit_config) by extensions ['ros']
[1.058s] Level 1:colcon.colcon_core.package_identification:_identify(src/rotom_moveit_config) by extension 'ros'
[1.060s] DEBUG:colcon.colcon_core.package_identification:Package 'src/rotom_moveit_config' with type 'ros.ament_cmake' and name 'rotom_moveit_config'
[1.060s] Level 1:colcon.colcon_core.package_discovery:discover_packages(recursive) using defaults
[1.060s] Level 1:colcon.colcon_core.package_discovery:discover_packages(ignore) discover
[1.060s] Level 1:colcon.colcon_core.package_discovery:discover_packages(ignore) using defaults
[1.060s] Level 1:colcon.colcon_core.package_discovery:discover_packages(path) discover
[1.060s] Level 1:colcon.colcon_core.package_discovery:discover_packages(path) using defaults
[1.120s] INFO:colcon.colcon_core.package_selection:Skipping not selected package 'rotom_description' in 'src/rotom_description'
[1.120s] INFO:colcon.colcon_core.package_selection:Skipping not selected package 'rotom_moveit_config' in 'src/rotom_moveit_config'
[1.121s] Level 1:colcon.colcon_core.package_discovery:discover_packages(prefix_path) check parameters
[1.121s] Level 1:colcon.colcon_core.package_discovery:discover_packages(prefix_path) discover
[1.127s] DEBUG:colcon.colcon_installed_package_information.package_discovery:Found 3 installed packages in /home/caden/Documents/rotom/src/ros2_ws/install
[1.131s] DEBUG:colcon.colcon_installed_package_information.package_discovery:Found 384 installed packages in /opt/ros/humble
[1.136s] Level 1:colcon.colcon_core.package_discovery:discover_packages(prefix_path) using defaults
[1.262s] Level 5:colcon.colcon_core.verb:set package 'rotom_control' build argument 'cmake_args' from command line to '['-DPython3_EXECUTABLE=/usr/bin/python3']'
[1.262s] Level 5:colcon.colcon_core.verb:set package 'rotom_control' build argument 'cmake_target' from command line to 'None'
[1.263s] Level 5:colcon.colcon_core.verb:set package 'rotom_control' build argument 'cmake_target_skip_unavailable' from command line to 'False'
[1.263s] Level 5:colcon.colcon_core.verb:set package 'rotom_control' build argument 'cmake_clean_cache' from command line to 'False'
[1.263s] Level 5:colcon.colcon_core.verb:set package 'rotom_control' build argument 'cmake_clean_first' from command line to 'False'
[1.263s] Level 5:colcon.colcon_core.verb:set package 'rotom_control' build argument 'cmake_force_configure' from command line to 'False'
[1.263s] Level 5:colcon.colcon_core.verb:set package 'rotom_control' build argument 'ament_cmake_args' from command line to 'None'
[1.263s] Level 5:colcon.colcon_core.verb:set package 'rotom_control' build argument 'catkin_cmake_args' from command line to 'None'
[1.263s] Level 5:colcon.colcon_core.verb:set package 'rotom_control' build argument 'catkin_skip_building_tests' from command line to 'False'
[1.263s] DEBUG:colcon.colcon_core.verb:Building package 'rotom_control' with the following arguments: {'ament_cmake_args': None, 'build_base': '/home/caden/Documents/rotom/src/ros2_ws/build/rotom_control', 'catkin_cmake_args': None, 'catkin_skip_building_tests': False, 'cmake_args': ['-DPython3_EXECUTABLE=/usr/bin/python3'], 'cmake_clean_cache': False, 'cmake_clean_first': False, 'cmake_force_configure': False, 'cmake_target': None, 'cmake_target_skip_unavailable': False, 'install_base': '/home/caden/Documents/rotom/src/ros2_ws/install/rotom_control', 'merge_install': False, 'path': '/home/caden/Documents/rotom/src/ros2_ws/src/rotom_control', 'symlink_install': True, 'test_result_base': None}
[1.264s] INFO:colcon.colcon_core.executor:Executing jobs using 'parallel' executor
[1.267s] DEBUG:colcon.colcon_parallel_executor.executor.parallel:run_until_complete
[1.268s] INFO:colcon.colcon_ros.task.ament_python.build:Building ROS package in '/home/caden/Documents/rotom/src/ros2_ws/src/rotom_control' with build type 'ament_python'
[1.269s] Level 1:colcon.colcon_core.shell:create_environment_hook('rotom_control', 'ament_prefix_path')
[1.279s] INFO:colcon.colcon_core.plugin_system:Skipping extension 'colcon_core.shell.bat': Not used on non-Windows systems
[1.280s] INFO:colcon.colcon_core.shell:Creating environment hook '/home/caden/Documents/rotom/src/ros2_ws/install/rotom_control/share/rotom_control/hook/ament_prefix_path.ps1'
[1.282s] INFO:colcon.colcon_core.shell:Creating environment descriptor '/home/caden/Documents/rotom/src/ros2_ws/install/rotom_control/share/rotom_control/hook/ament_prefix_path.dsv'
[1.283s] INFO:colcon.colcon_core.shell:Creating environment hook '/home/caden/Documents/rotom/src/ros2_ws/install/rotom_control/share/rotom_control/hook/ament_prefix_path.sh'
[1.285s] INFO:colcon.colcon_core.shell:Skip shell extension 'powershell' for command environment: Not usable outside of PowerShell
[1.285s] DEBUG:colcon.colcon_core.shell:Skip shell extension 'dsv' for command environment
[2.025s] INFO:colcon.colcon_core.task.python.build:Building Python package in '/home/caden/Documents/rotom/src/ros2_ws/src/rotom_control'
[2.026s] INFO:colcon.colcon_core.shell:Skip shell extension 'powershell' for command environment: Not usable outside of PowerShell
[2.026s] DEBUG:colcon.colcon_core.shell:Skip shell extension 'dsv' for command environment
[3.163s] DEBUG:colcon.colcon_core.task.python.build:While undoing a previous installation files outside the Python library path are being ignored: /home/caden/Documents/rotom/src/ros2_ws/install/rotom_control/share/ament_index/resource_index/packages/rotom_control
[3.163s] DEBUG:colcon.colcon_core.task.python.build:While undoing a previous installation files outside the Python library path are being ignored: /home/caden/Documents/rotom/src/ros2_ws/install/rotom_control/share/rotom_control/package.xml
[3.163s] DEBUG:colcon.colcon_core.task.python.build:While undoing a previous installation files outside the Python library path are being ignored: /home/caden/Documents/rotom/src/ros2_ws/install/rotom_control/share/rotom_control/launch/rotom_control.launch.py
[3.163s] DEBUG:colcon.colcon_core.task.python.build:While undoing a previous installation files outside the Python library path are being ignored: /home/caden/Documents/rotom/src/ros2_ws/install/rotom_control/share/rotom_control/config/rotom_control.yaml
[3.164s] DEBUG:colcon.colcon_core.task.python.build:While undoing a previous installation files outside the Python library path are being ignored: /home/caden/Documents/rotom/src/ros2_ws/install/rotom_control/lib/rotom_control/rotom_motor_bridge
[3.169s] DEBUG:colcon.colcon_core.event_handler.log_command:Invoking command in '/home/caden/Documents/rotom/src/ros2_ws/build/rotom_control': PYTHONPATH=/home/caden/Documents/rotom/src/ros2_ws/build/rotom_control/prefix_override:/usr/lib/python3/dist-packages/colcon_core/task/python/colcon_distutils_commands:/home/caden/Documents/rotom/src/ros2_ws/install/rotom_control/lib/python3.10/site-packages:${PYTHONPATH} /usr/bin/python3 -W ignore:setup.py install is deprecated -W ignore:easy_install command is deprecated setup.py develop --editable --build-directory /home/caden/Documents/rotom/src/ros2_ws/build/rotom_control/build --no-deps symlink_data --force
[4.513s] Level 1:colcon.colcon_core.shell:create_environment_hook('rotom_control', 'pythonpath_develop')
[4.515s] INFO:colcon.colcon_core.shell:Creating environment hook '/home/caden/Documents/rotom/src/ros2_ws/build/rotom_control/share/rotom_control/hook/pythonpath_develop.ps1'
[4.516s] DEBUG:colcon.colcon_core.event_handler.log_command:Invoked command in '/home/caden/Documents/rotom/src/ros2_ws/build/rotom_control' returned '0': PYTHONPATH=/home/caden/Documents/rotom/src/ros2_ws/build/rotom_control/prefix_override:/usr/lib/python3/dist-packages/colcon_core/task/python/colcon_distutils_commands:/home/caden/Documents/rotom/src/ros2_ws/install/rotom_control/lib/python3.10/site-packages:${PYTHONPATH} /usr/bin/python3 -W ignore:setup.py install is deprecated -W ignore:easy_install command is deprecated setup.py develop --editable --build-directory /home/caden/Documents/rotom/src/ros2_ws/build/rotom_control/build --no-deps symlink_data --force
[4.520s] INFO:colcon.colcon_core.shell:Creating environment descriptor '/home/caden/Documents/rotom/src/ros2_ws/build/rotom_control/share/rotom_control/hook/pythonpath_develop.dsv'
[4.521s] INFO:colcon.colcon_core.shell:Creating environment hook '/home/caden/Documents/rotom/src/ros2_ws/build/rotom_control/share/rotom_control/hook/pythonpath_develop.sh'
[4.533s] Level 1:colcon.colcon_core.environment:checking '/home/caden/Documents/rotom/src/ros2_ws/install/rotom_control' for CMake module files
[4.535s] Level 1:colcon.colcon_core.environment:checking '/home/caden/Documents/rotom/src/ros2_ws/install/rotom_control' for CMake config files
[4.537s] Level 1:colcon.colcon_core.environment:checking '/home/caden/Documents/rotom/src/ros2_ws/install/rotom_control/lib'
[4.537s] Level 1:colcon.colcon_core.environment:checking '/home/caden/Documents/rotom/src/ros2_ws/install/rotom_control/bin'
[4.538s] Level 1:colcon.colcon_core.environment:checking '/home/caden/Documents/rotom/src/ros2_ws/install/rotom_control/lib/pkgconfig/rotom_control.pc'
[4.539s] Level 1:colcon.colcon_core.environment:checking '/home/caden/Documents/rotom/src/ros2_ws/install/rotom_control/lib/python3.10/site-packages'
[4.539s] Level 1:colcon.colcon_core.shell:create_environment_hook('rotom_control', 'pythonpath')
[4.540s] INFO:colcon.colcon_core.shell:Creating environment hook '/home/caden/Documents/rotom/src/ros2_ws/install/rotom_control/share/rotom_control/hook/pythonpath.ps1'
[4.542s] INFO:colcon.colcon_core.shell:Creating environment descriptor '/home/caden/Documents/rotom/src/ros2_ws/install/rotom_control/share/rotom_control/hook/pythonpath.dsv'
[4.543s] INFO:colcon.colcon_core.shell:Creating environment hook '/home/caden/Documents/rotom/src/ros2_ws/install/rotom_control/share/rotom_control/hook/pythonpath.sh'
[4.546s] Level 1:colcon.colcon_core.environment:checking '/home/caden/Documents/rotom/src/ros2_ws/install/rotom_control/bin'
[4.546s] Level 1:colcon.colcon_core.environment:create_environment_scripts_only(rotom_control)
[4.548s] INFO:colcon.colcon_core.shell:Creating package script '/home/caden/Documents/rotom/src/ros2_ws/install/rotom_control/share/rotom_control/package.ps1'
[4.555s] INFO:colcon.colcon_core.shell:Creating package descriptor '/home/caden/Documents/rotom/src/ros2_ws/install/rotom_control/share/rotom_control/package.dsv'
[4.558s] INFO:colcon.colcon_core.shell:Creating package script '/home/caden/Documents/rotom/src/ros2_ws/install/rotom_control/share/rotom_control/package.sh'
[4.561s] INFO:colcon.colcon_core.shell:Creating package script '/home/caden/Documents/rotom/src/ros2_ws/install/rotom_control/share/rotom_control/package.bash'
[4.563s] INFO:colcon.colcon_core.shell:Creating package script '/home/caden/Documents/rotom/src/ros2_ws/install/rotom_control/share/rotom_control/package.zsh'
[4.566s] Level 1:colcon.colcon_core.environment:create_file_with_runtime_dependencies(/home/caden/Documents/rotom/src/ros2_ws/install/rotom_control/share/colcon-core/packages/rotom_control)
[4.567s] DEBUG:colcon.colcon_parallel_executor.executor.parallel:closing loop
[4.568s] DEBUG:colcon.colcon_parallel_executor.executor.parallel:loop closed
[4.568s] DEBUG:colcon.colcon_parallel_executor.executor.parallel:run_until_complete finished with '0'
[4.568s] DEBUG:colcon.colcon_core.event_reactor:joining thread
[4.582s] INFO:colcon.colcon_core.plugin_system:Skipping extension 'colcon_notification.desktop_notification.terminal_notifier': Not used on non-Darwin systems
[4.583s] INFO:colcon.colcon_core.plugin_system:Skipping extension 'colcon_notification.desktop_notification.win32': Not used on non-Windows systems
[4.583s] INFO:colcon.colcon_notification.desktop_notification:Sending desktop notification using 'notify2'
[4.626s] DEBUG:colcon.colcon_core.event_reactor:joined thread
[4.628s] INFO:colcon.colcon_core.shell:Creating prefix script '/home/caden/Documents/rotom/src/ros2_ws/install/local_setup.ps1'
[4.633s] INFO:colcon.colcon_core.shell:Creating prefix util module '/home/caden/Documents/rotom/src/ros2_ws/install/_local_setup_util_ps1.py'
[4.638s] INFO:colcon.colcon_core.shell:Creating prefix chain script '/home/caden/Documents/rotom/src/ros2_ws/install/setup.ps1'
[4.643s] INFO:colcon.colcon_core.shell:Creating prefix script '/home/caden/Documents/rotom/src/ros2_ws/install/local_setup.sh'
[4.644s] INFO:colcon.colcon_core.shell:Creating prefix util module '/home/caden/Documents/rotom/src/ros2_ws/install/_local_setup_util_sh.py'
[4.646s] INFO:colcon.colcon_core.shell:Creating prefix chain script '/home/caden/Documents/rotom/src/ros2_ws/install/setup.sh'
[4.650s] INFO:colcon.colcon_core.shell:Creating prefix script '/home/caden/Documents/rotom/src/ros2_ws/install/local_setup.bash'
[4.652s] INFO:colcon.colcon_core.shell:Creating prefix chain script '/home/caden/Documents/rotom/src/ros2_ws/install/setup.bash'
[4.655s] INFO:colcon.colcon_core.shell:Creating prefix script '/home/caden/Documents/rotom/src/ros2_ws/install/local_setup.zsh'
[4.656s] INFO:colcon.colcon_core.shell:Creating prefix chain script '/home/caden/Documents/rotom/src/ros2_ws/install/setup.zsh'
