[2.451s] Invoking command in '/home/caden/Documents/rotom/src/ros2_ws/build/rotom_control': PIXI_PROMPT=(rotom) PYTHONPATH=/home/caden/Documents/rotom/src/ros2_ws/build/rotom_control/prefix_override:/usr/lib/python3/dist-packages/colcon_core/task/python/colcon_distutils_commands:/home/caden/Documents/rotom/src/ros2_ws/install/rotom_control/lib/python3.10/site-packages:${PYTHONPATH} /usr/bin/python3 -W ignore:setup.py install is deprecated -W ignore:easy_install command is deprecated setup.py develop --editable --build-directory /home/caden/Documents/rotom/src/ros2_ws/build/rotom_control/build --no-deps symlink_data
[3.120s] running develop
[3.611s] running egg_info
[3.612s] creating rotom_control.egg-info
[3.612s] writing rotom_control.egg-info/PKG-INFO
[3.612s] writing dependency_links to rotom_control.egg-info/dependency_links.txt
[3.612s] writing entry points to rotom_control.egg-info/entry_points.txt
[3.612s] writing requirements to rotom_control.egg-info/requires.txt
[3.612s] writing top-level names to rotom_control.egg-info/top_level.txt
[3.613s] writing manifest file 'rotom_control.egg-info/SOURCES.txt'
[3.613s] reading manifest file 'rotom_control.egg-info/SOURCES.txt'
[3.613s] writing manifest file 'rotom_control.egg-info/SOURCES.txt'
[3.617s] running build_ext
[3.617s] Creating /home/caden/Documents/rotom/src/ros2_ws/install/rotom_control/lib/python3.10/site-packages/rotom-control.egg-link (link to .)
[3.619s] Installing rotom_motor_bridge script to /home/caden/Documents/rotom/src/ros2_ws/install/rotom_control/lib/rotom_control
[3.620s] 
[3.620s] Installed /home/caden/Documents/rotom/src/ros2_ws/build/rotom_control
[3.621s] running symlink_data
[3.621s] creating /home/caden/Documents/rotom/src/ros2_ws/install/rotom_control/share/ament_index
[3.621s] creating /home/caden/Documents/rotom/src/ros2_ws/install/rotom_control/share/ament_index/resource_index
[3.621s] creating /home/caden/Documents/rotom/src/ros2_ws/install/rotom_control/share/ament_index/resource_index/packages
[3.621s] symbolically linking /home/caden/Documents/rotom/src/ros2_ws/build/rotom_control/resource/rotom_control -> /home/caden/Documents/rotom/src/ros2_ws/install/rotom_control/share/ament_index/resource_index/packages
[3.622s] symbolically linking /home/caden/Documents/rotom/src/ros2_ws/build/rotom_control/package.xml -> /home/caden/Documents/rotom/src/ros2_ws/install/rotom_control/share/rotom_control
[3.622s] creating /home/caden/Documents/rotom/src/ros2_ws/install/rotom_control/share/rotom_control/launch
[3.622s] symbolically linking /home/caden/Documents/rotom/src/ros2_ws/build/rotom_control/launch/rotom_control.launch.py -> /home/caden/Documents/rotom/src/ros2_ws/install/rotom_control/share/rotom_control/launch
[3.622s] creating /home/caden/Documents/rotom/src/ros2_ws/install/rotom_control/share/rotom_control/config
[3.622s] symbolically linking /home/caden/Documents/rotom/src/ros2_ws/build/rotom_control/config/rotom_control.yaml -> /home/caden/Documents/rotom/src/ros2_ws/install/rotom_control/share/rotom_control/config
[3.753s] Invoked command in '/home/caden/Documents/rotom/src/ros2_ws/build/rotom_control' returned '0': PIXI_PROMPT=(rotom) PYTHONPATH=/home/caden/Documents/rotom/src/ros2_ws/build/rotom_control/prefix_override:/usr/lib/python3/dist-packages/colcon_core/task/python/colcon_distutils_commands:/home/caden/Documents/rotom/src/ros2_ws/install/rotom_control/lib/python3.10/site-packages:${PYTHONPATH} /usr/bin/python3 -W ignore:setup.py install is deprecated -W ignore:easy_install command is deprecated setup.py develop --editable --build-directory /home/caden/Documents/rotom/src/ros2_ws/build/rotom_control/build --no-deps symlink_data
