[2.118s] Invoking command in '/home/caden/Documents/rotom/src/ros2_ws/build/rotom_control': CONDA_ENV_SHLVL_2_PIXI_PROMPT=(rotom) PIXI_PROMPT=(rotom) PS1=(rotom) \[\e]0;\u@\h: \w\a\]${debian_chroot:+($debian_chroot)}\[\033[01;32m\]\u@\h\[\033[00m\]:\[\033[01;34m\]\w\[\033[00m\]\$ PYTHONPATH=/home/caden/Documents/rotom/src/ros2_ws/build/rotom_control/prefix_override:/usr/lib/python3/dist-packages/colcon_core/task/python/colcon_distutils_commands:/home/caden/Documents/rotom/src/ros2_ws/install/rotom_control/lib/python3.10/site-packages:${PYTHONPATH} /usr/bin/python3 -W ignore:setup.py install is deprecated -W ignore:easy_install command is deprecated setup.py develop --editable --build-directory /home/caden/Documents/rotom/src/ros2_ws/build/rotom_control/build --no-deps symlink_data
[2.729s] running develop
[3.159s] running egg_info
[3.159s] creating rotom_control.egg-info
[3.159s] writing rotom_control.egg-info/PKG-INFO
[3.160s] writing dependency_links to rotom_control.egg-info/dependency_links.txt
[3.160s] writing entry points to rotom_control.egg-info/entry_points.txt
[3.160s] writing requirements to rotom_control.egg-info/requires.txt
[3.161s] writing top-level names to rotom_control.egg-info/top_level.txt
[3.161s] writing manifest file 'rotom_control.egg-info/SOURCES.txt'
[3.165s] reading manifest file 'rotom_control.egg-info/SOURCES.txt'
[3.166s] writing manifest file 'rotom_control.egg-info/SOURCES.txt'
[3.169s] running build_ext
[3.170s] Creating /home/caden/Documents/rotom/src/ros2_ws/install/rotom_control/lib/python3.10/site-packages/rotom-control.egg-link (link to .)
[3.172s] Installing rotom_motor_bridge script to /home/caden/Documents/rotom/src/ros2_ws/install/rotom_control/lib/rotom_control
[3.173s] 
[3.173s] Installed /home/caden/Documents/rotom/src/ros2_ws/build/rotom_control
[3.173s] running symlink_data
[3.173s] creating /home/caden/Documents/rotom/src/ros2_ws/install/rotom_control/share/ament_index
[3.173s] creating /home/caden/Documents/rotom/src/ros2_ws/install/rotom_control/share/ament_index/resource_index
[3.174s] creating /home/caden/Documents/rotom/src/ros2_ws/install/rotom_control/share/ament_index/resource_index/packages
[3.174s] symbolically linking /home/caden/Documents/rotom/src/ros2_ws/build/rotom_control/resource/rotom_control -> /home/caden/Documents/rotom/src/ros2_ws/install/rotom_control/share/ament_index/resource_index/packages
[3.174s] symbolically linking /home/caden/Documents/rotom/src/ros2_ws/build/rotom_control/package.xml -> /home/caden/Documents/rotom/src/ros2_ws/install/rotom_control/share/rotom_control
[3.174s] creating /home/caden/Documents/rotom/src/ros2_ws/install/rotom_control/share/rotom_control/launch
[3.175s] symbolically linking /home/caden/Documents/rotom/src/ros2_ws/build/rotom_control/launch/rotom_control.launch.py -> /home/caden/Documents/rotom/src/ros2_ws/install/rotom_control/share/rotom_control/launch
[3.175s] creating /home/caden/Documents/rotom/src/ros2_ws/install/rotom_control/share/rotom_control/config
[3.175s] symbolically linking /home/caden/Documents/rotom/src/ros2_ws/build/rotom_control/config/rotom_control.yaml -> /home/caden/Documents/rotom/src/ros2_ws/install/rotom_control/share/rotom_control/config
[3.264s] Invoked command in '/home/caden/Documents/rotom/src/ros2_ws/build/rotom_control' returned '0': CONDA_ENV_SHLVL_2_PIXI_PROMPT=(rotom) PIXI_PROMPT=(rotom) PS1=(rotom) \[\e]0;\u@\h: \w\a\]${debian_chroot:+($debian_chroot)}\[\033[01;32m\]\u@\h\[\033[00m\]:\[\033[01;34m\]\w\[\033[00m\]\$ PYTHONPATH=/home/caden/Documents/rotom/src/ros2_ws/build/rotom_control/prefix_override:/usr/lib/python3/dist-packages/colcon_core/task/python/colcon_distutils_commands:/home/caden/Documents/rotom/src/ros2_ws/install/rotom_control/lib/python3.10/site-packages:${PYTHONPATH} /usr/bin/python3 -W ignore:setup.py install is deprecated -W ignore:easy_install command is deprecated setup.py develop --editable --build-directory /home/caden/Documents/rotom/src/ros2_ws/build/rotom_control/build --no-deps symlink_data
