running develop
Removing /home/caden/Documents/rotom/src/ros2_ws/install/rotom_control/lib/python3.10/site-packages/rotom-control.egg-link (link to .)
running egg_info
writing ../../build/rotom_control/rotom_control.egg-info/PKG-INFO
writing dependency_links to ../../build/rotom_control/rotom_control.egg-info/dependency_links.txt
writing entry points to ../../build/rotom_control/rotom_control.egg-info/entry_points.txt
writing requirements to ../../build/rotom_control/rotom_control.egg-info/requires.txt
writing top-level names to ../../build/rotom_control/rotom_control.egg-info/top_level.txt
reading manifest file '../../build/rotom_control/rotom_control.egg-info/SOURCES.txt'
writing manifest file '../../build/rotom_control/rotom_control.egg-info/SOURCES.txt'
running build
running build_py
creating /home/caden/Documents/rotom/src/ros2_ws/build/rotom_control/build
creating /home/caden/Documents/rotom/src/ros2_ws/build/rotom_control/build/lib
creating /home/caden/Documents/rotom/src/ros2_ws/build/rotom_control/build/lib/rotom_control
copying rotom_control/ros2_motor_bridge.py -> /home/caden/Documents/rotom/src/ros2_ws/build/rotom_control/build/lib/rotom_control
copying rotom_control/__init__.py -> /home/caden/Documents/rotom/src/ros2_ws/build/rotom_control/build/lib/rotom_control
running install
running install_lib
creating /home/caden/Documents/rotom/src/ros2_ws/install/rotom_control/lib/python3.10/site-packages/rotom_control
copying /home/caden/Documents/rotom/src/ros2_ws/build/rotom_control/build/lib/rotom_control/ros2_motor_bridge.py -> /home/caden/Documents/rotom/src/ros2_ws/install/rotom_control/lib/python3.10/site-packages/rotom_control
copying /home/caden/Documents/rotom/src/ros2_ws/build/rotom_control/build/lib/rotom_control/__init__.py -> /home/caden/Documents/rotom/src/ros2_ws/install/rotom_control/lib/python3.10/site-packages/rotom_control
byte-compiling /home/caden/Documents/rotom/src/ros2_ws/install/rotom_control/lib/python3.10/site-packages/rotom_control/ros2_motor_bridge.py to ros2_motor_bridge.cpython-310.pyc
byte-compiling /home/caden/Documents/rotom/src/ros2_ws/install/rotom_control/lib/python3.10/site-packages/rotom_control/__init__.py to __init__.cpython-310.pyc
running install_data
copying resource/rotom_control -> /home/caden/Documents/rotom/src/ros2_ws/install/rotom_control/share/ament_index/resource_index/packages
copying package.xml -> /home/caden/Documents/rotom/src/ros2_ws/install/rotom_control/share/rotom_control
copying launch/rotom_control.launch.py -> /home/caden/Documents/rotom/src/ros2_ws/install/rotom_control/share/rotom_control/launch
copying config/rotom_control.yaml -> /home/caden/Documents/rotom/src/ros2_ws/install/rotom_control/share/rotom_control/config
running install_egg_info
Copying ../../build/rotom_control/rotom_control.egg-info to /home/caden/Documents/rotom/src/ros2_ws/install/rotom_control/lib/python3.10/site-packages/rotom_control-0.0.1-py3.10.egg-info
running install_scripts
Installing rotom_motor_bridge script to /home/caden/Documents/rotom/src/ros2_ws/install/rotom_control/lib/rotom_control
writing list of installed files to '/home/caden/Documents/rotom/src/ros2_ws/build/rotom_control/install.log'
