[0.261s] DEBUG:colcon:Command line arguments: ['/usr/bin/colcon', 'build', '--symlink-install']
[0.262s] DEBUG:colcon:Parsed command line arguments: Namespace(log_base=None, log_level=None, verb_name='build', build_base='build', install_base='install', merge_install=False, symlink_install=True, test_result_base=None, continue_on_error=False, executor='parallel', parallel_workers=6, event_handlers=None, ignore_user_meta=False, metas=['./colcon.meta'], base_paths=['.'], packages_ignore=None, packages_ignore_regex=None, paths=None, packages_up_to=None, packages_up_to_regex=None, packages_above=None, packages_above_and_dependencies=None, packages_above_depth=None, packages_select_by_dep=None, packages_skip_by_dep=None, packages_skip_up_to=None, packages_select_build_failed=False, packages_skip_build_finished=False, packages_select_test_failures=False, packages_skip_test_passed=False, packages_select=None, packages_skip=None, packages_select_regex=None, packages_skip_regex=None, packages_start=None, packages_end=None, allow_overriding=[], cmake_args=None, cmake_target=None, cmake_target_skip_unavailable=False, cmake_clean_cache=False, cmake_clean_first=False, cmake_force_configure=False, ament_cmake_args=None, catkin_cmake_args=None, catkin_skip_building_tests=False, mixin_files=None, mixin=None, verb_parser=<colcon_mixin.mixin.mixin_argument.MixinArgumentDecorator object at 0xffffb8e771f0>, verb_extension=<colcon_core.verb.build.BuildVerb object at 0xffffb8e76590>, main=<bound method BuildVerb.main of <colcon_core.verb.build.BuildVerb object at 0xffffb8e76590>>, mixin_verb=('build',))
[0.656s] Level 1:colcon.colcon_core.package_discovery:discover_packages(colcon_meta) check parameters
[0.656s] Level 1:colcon.colcon_core.package_discovery:discover_packages(recursive) check parameters
[0.656s] Level 1:colcon.colcon_core.package_discovery:discover_packages(ignore) check parameters
[0.656s] Level 1:colcon.colcon_core.package_discovery:discover_packages(path) check parameters
[0.656s] Level 1:colcon.colcon_core.package_discovery:discover_packages(colcon_meta) discover
[0.656s] Level 1:colcon.colcon_core.package_discovery:discover_packages(recursive) discover
[0.657s] INFO:colcon.colcon_core.package_discovery:Crawling recursively for packages in '/home/caden/Documents/rotom/src/ros2_ws'
[0.657s] Level 1:colcon.colcon_core.package_identification:_identify(.) by extensions ['ignore', 'ignore_ament_install']
[0.657s] Level 1:colcon.colcon_core.package_identification:_identify(.) by extension 'ignore'
[0.657s] Level 1:colcon.colcon_core.package_identification:_identify(.) by extension 'ignore_ament_install'
[0.657s] Level 1:colcon.colcon_core.package_identification:_identify(.) by extensions ['colcon_pkg']
[0.657s] Level 1:colcon.colcon_core.package_identification:_identify(.) by extension 'colcon_pkg'
[0.658s] Level 1:colcon.colcon_core.package_identification:_identify(.) by extensions ['colcon_meta']
[0.658s] Level 1:colcon.colcon_core.package_identification:_identify(.) by extension 'colcon_meta'
[0.658s] Level 1:colcon.colcon_core.package_identification:_identify(.) by extensions ['ros']
[0.658s] Level 1:colcon.colcon_core.package_identification:_identify(.) by extension 'ros'
[0.683s] Level 1:colcon.colcon_core.package_identification:_identify(.) by extensions ['cmake', 'python']
[0.683s] Level 1:colcon.colcon_core.package_identification:_identify(.) by extension 'cmake'
[0.683s] Level 1:colcon.colcon_core.package_identification:_identify(.) by extension 'python'
[0.683s] Level 1:colcon.colcon_core.package_identification:_identify(.) by extensions ['python_setup_py']
[0.684s] Level 1:colcon.colcon_core.package_identification:_identify(.) by extension 'python_setup_py'
[0.684s] Level 1:colcon.colcon_core.package_identification:_identify(build) by extensions ['ignore', 'ignore_ament_install']
[0.684s] Level 1:colcon.colcon_core.package_identification:_identify(build) by extension 'ignore'
[0.684s] Level 1:colcon.colcon_core.package_identification:_identify(build) ignored
[0.684s] Level 1:colcon.colcon_core.package_identification:_identify(install) by extensions ['ignore', 'ignore_ament_install']
[0.685s] Level 1:colcon.colcon_core.package_identification:_identify(install) by extension 'ignore'
[0.685s] Level 1:colcon.colcon_core.package_identification:_identify(install) ignored
[0.685s] Level 1:colcon.colcon_core.package_identification:_identify(log) by extensions ['ignore', 'ignore_ament_install']
[0.685s] Level 1:colcon.colcon_core.package_identification:_identify(log) by extension 'ignore'
[0.685s] Level 1:colcon.colcon_core.package_identification:_identify(log) ignored
[0.685s] Level 1:colcon.colcon_core.package_identification:_identify(src) by extensions ['ignore', 'ignore_ament_install']
[0.686s] Level 1:colcon.colcon_core.package_identification:_identify(src) by extension 'ignore'
[0.686s] Level 1:colcon.colcon_core.package_identification:_identify(src) by extension 'ignore_ament_install'
[0.686s] Level 1:colcon.colcon_core.package_identification:_identify(src) by extensions ['colcon_pkg']
[0.686s] Level 1:colcon.colcon_core.package_identification:_identify(src) by extension 'colcon_pkg'
[0.686s] Level 1:colcon.colcon_core.package_identification:_identify(src) by extensions ['colcon_meta']
[0.686s] Level 1:colcon.colcon_core.package_identification:_identify(src) by extension 'colcon_meta'
[0.686s] Level 1:colcon.colcon_core.package_identification:_identify(src) by extensions ['ros']
[0.686s] Level 1:colcon.colcon_core.package_identification:_identify(src) by extension 'ros'
[0.687s] Level 1:colcon.colcon_core.package_identification:_identify(src) by extensions ['cmake', 'python']
[0.687s] Level 1:colcon.colcon_core.package_identification:_identify(src) by extension 'cmake'
[0.687s] Level 1:colcon.colcon_core.package_identification:_identify(src) by extension 'python'
[0.687s] Level 1:colcon.colcon_core.package_identification:_identify(src) by extensions ['python_setup_py']
[0.687s] Level 1:colcon.colcon_core.package_identification:_identify(src) by extension 'python_setup_py'
[0.687s] Level 1:colcon.colcon_core.package_identification:_identify(src/rotom_description) by extensions ['ignore', 'ignore_ament_install']
[0.687s] Level 1:colcon.colcon_core.package_identification:_identify(src/rotom_description) by extension 'ignore'
[0.687s] Level 1:colcon.colcon_core.package_identification:_identify(src/rotom_description) by extension 'ignore_ament_install'
[0.687s] Level 1:colcon.colcon_core.package_identification:_identify(src/rotom_description) by extensions ['colcon_pkg']
[0.688s] Level 1:colcon.colcon_core.package_identification:_identify(src/rotom_description) by extension 'colcon_pkg'
[0.688s] Level 1:colcon.colcon_core.package_identification:_identify(src/rotom_description) by extensions ['colcon_meta']
[0.688s] Level 1:colcon.colcon_core.package_identification:_identify(src/rotom_description) by extension 'colcon_meta'
[0.688s] Level 1:colcon.colcon_core.package_identification:_identify(src/rotom_description) by extensions ['ros']
[0.688s] Level 1:colcon.colcon_core.package_identification:_identify(src/rotom_description) by extension 'ros'
[0.719s] DEBUG:colcon.colcon_core.package_identification:Package 'src/rotom_description' with type 'ros.ament_python' and name 'rotom_description'
[0.720s] Level 1:colcon.colcon_core.package_identification:_identify(src/rotom_moveit_config) by extensions ['ignore', 'ignore_ament_install']
[0.720s] Level 1:colcon.colcon_core.package_identification:_identify(src/rotom_moveit_config) by extension 'ignore'
[0.720s] Level 1:colcon.colcon_core.package_identification:_identify(src/rotom_moveit_config) by extension 'ignore_ament_install'
[0.720s] Level 1:colcon.colcon_core.package_identification:_identify(src/rotom_moveit_config) by extensions ['colcon_pkg']
[0.720s] Level 1:colcon.colcon_core.package_identification:_identify(src/rotom_moveit_config) by extension 'colcon_pkg'
[0.720s] Level 1:colcon.colcon_core.package_identification:_identify(src/rotom_moveit_config) by extensions ['colcon_meta']
[0.721s] Level 1:colcon.colcon_core.package_identification:_identify(src/rotom_moveit_config) by extension 'colcon_meta'
[0.721s] Level 1:colcon.colcon_core.package_identification:_identify(src/rotom_moveit_config) by extensions ['ros']
[0.721s] Level 1:colcon.colcon_core.package_identification:_identify(src/rotom_moveit_config) by extension 'ros'
[0.723s] DEBUG:colcon.colcon_core.package_identification:Package 'src/rotom_moveit_config' with type 'ros.ament_cmake' and name 'rotom_moveit_config'
[0.723s] Level 1:colcon.colcon_core.package_discovery:discover_packages(recursive) using defaults
[0.723s] Level 1:colcon.colcon_core.package_discovery:discover_packages(ignore) discover
[0.723s] Level 1:colcon.colcon_core.package_discovery:discover_packages(ignore) using defaults
[0.723s] Level 1:colcon.colcon_core.package_discovery:discover_packages(path) discover
[0.723s] Level 1:colcon.colcon_core.package_discovery:discover_packages(path) using defaults
[0.764s] Level 1:colcon.colcon_core.package_discovery:discover_packages(prefix_path) check parameters
[0.764s] Level 1:colcon.colcon_core.package_discovery:discover_packages(prefix_path) discover
[0.768s] DEBUG:colcon.colcon_installed_package_information.package_discovery:Found 2 installed packages in /home/caden/Documents/rotom/src/ros2_ws/install
[0.771s] DEBUG:colcon.colcon_installed_package_information.package_discovery:Found 384 installed packages in /opt/ros/humble
[0.775s] Level 1:colcon.colcon_core.package_discovery:discover_packages(prefix_path) using defaults
[0.876s] Level 5:colcon.colcon_core.verb:set package 'rotom_description' build argument 'cmake_args' from command line to 'None'
[0.876s] Level 5:colcon.colcon_core.verb:set package 'rotom_description' build argument 'cmake_target' from command line to 'None'
[0.876s] Level 5:colcon.colcon_core.verb:set package 'rotom_description' build argument 'cmake_target_skip_unavailable' from command line to 'False'
[0.876s] Level 5:colcon.colcon_core.verb:set package 'rotom_description' build argument 'cmake_clean_cache' from command line to 'False'
[0.877s] Level 5:colcon.colcon_core.verb:set package 'rotom_description' build argument 'cmake_clean_first' from command line to 'False'
[0.877s] Level 5:colcon.colcon_core.verb:set package 'rotom_description' build argument 'cmake_force_configure' from command line to 'False'
[0.877s] Level 5:colcon.colcon_core.verb:set package 'rotom_description' build argument 'ament_cmake_args' from command line to 'None'
[0.877s] Level 5:colcon.colcon_core.verb:set package 'rotom_description' build argument 'catkin_cmake_args' from command line to 'None'
[0.877s] Level 5:colcon.colcon_core.verb:set package 'rotom_description' build argument 'catkin_skip_building_tests' from command line to 'False'
[0.877s] DEBUG:colcon.colcon_core.verb:Building package 'rotom_description' with the following arguments: {'ament_cmake_args': None, 'build_base': '/home/caden/Documents/rotom/src/ros2_ws/build/rotom_description', 'catkin_cmake_args': None, 'catkin_skip_building_tests': False, 'cmake_args': None, 'cmake_clean_cache': False, 'cmake_clean_first': False, 'cmake_force_configure': False, 'cmake_target': None, 'cmake_target_skip_unavailable': False, 'install_base': '/home/caden/Documents/rotom/src/ros2_ws/install/rotom_description', 'merge_install': False, 'path': '/home/caden/Documents/rotom/src/ros2_ws/src/rotom_description', 'symlink_install': True, 'test_result_base': None}
[0.878s] Level 5:colcon.colcon_core.verb:set package 'rotom_moveit_config' build argument 'cmake_args' from command line to 'None'
[0.878s] Level 5:colcon.colcon_core.verb:set package 'rotom_moveit_config' build argument 'cmake_target' from command line to 'None'
[0.878s] Level 5:colcon.colcon_core.verb:set package 'rotom_moveit_config' build argument 'cmake_target_skip_unavailable' from command line to 'False'
[0.878s] Level 5:colcon.colcon_core.verb:set package 'rotom_moveit_config' build argument 'cmake_clean_cache' from command line to 'False'
[0.878s] Level 5:colcon.colcon_core.verb:set package 'rotom_moveit_config' build argument 'cmake_clean_first' from command line to 'False'
[0.878s] Level 5:colcon.colcon_core.verb:set package 'rotom_moveit_config' build argument 'cmake_force_configure' from command line to 'False'
[0.878s] Level 5:colcon.colcon_core.verb:set package 'rotom_moveit_config' build argument 'ament_cmake_args' from command line to 'None'
[0.878s] Level 5:colcon.colcon_core.verb:set package 'rotom_moveit_config' build argument 'catkin_cmake_args' from command line to 'None'
[0.878s] Level 5:colcon.colcon_core.verb:set package 'rotom_moveit_config' build argument 'catkin_skip_building_tests' from command line to 'False'
[0.878s] DEBUG:colcon.colcon_core.verb:Building package 'rotom_moveit_config' with the following arguments: {'ament_cmake_args': None, 'build_base': '/home/caden/Documents/rotom/src/ros2_ws/build/rotom_moveit_config', 'catkin_cmake_args': None, 'catkin_skip_building_tests': False, 'cmake_args': None, 'cmake_clean_cache': False, 'cmake_clean_first': False, 'cmake_force_configure': False, 'cmake_target': None, 'cmake_target_skip_unavailable': False, 'install_base': '/home/caden/Documents/rotom/src/ros2_ws/install/rotom_moveit_config', 'merge_install': False, 'path': '/home/caden/Documents/rotom/src/ros2_ws/src/rotom_moveit_config', 'symlink_install': True, 'test_result_base': None}
[0.878s] INFO:colcon.colcon_core.executor:Executing jobs using 'parallel' executor
[0.881s] DEBUG:colcon.colcon_parallel_executor.executor.parallel:run_until_complete
[0.881s] INFO:colcon.colcon_ros.task.ament_python.build:Building ROS package in '/home/caden/Documents/rotom/src/ros2_ws/src/rotom_description' with build type 'ament_python'
[0.882s] Level 1:colcon.colcon_core.shell:create_environment_hook('rotom_description', 'ament_prefix_path')
[0.886s] INFO:colcon.colcon_core.plugin_system:Skipping extension 'colcon_core.shell.bat': Not used on non-Windows systems
[0.887s] INFO:colcon.colcon_core.shell:Creating environment hook '/home/caden/Documents/rotom/src/ros2_ws/install/rotom_description/share/rotom_description/hook/ament_prefix_path.ps1'
[0.888s] INFO:colcon.colcon_core.shell:Creating environment descriptor '/home/caden/Documents/rotom/src/ros2_ws/install/rotom_description/share/rotom_description/hook/ament_prefix_path.dsv'
[0.889s] INFO:colcon.colcon_core.shell:Creating environment hook '/home/caden/Documents/rotom/src/ros2_ws/install/rotom_description/share/rotom_description/hook/ament_prefix_path.sh'
[0.891s] INFO:colcon.colcon_core.shell:Skip shell extension 'powershell' for command environment: Not usable outside of PowerShell
[0.892s] DEBUG:colcon.colcon_core.shell:Skip shell extension 'dsv' for command environment
[1.513s] INFO:colcon.colcon_core.task.python.build:Building Python package in '/home/caden/Documents/rotom/src/ros2_ws/src/rotom_description'
[1.514s] INFO:colcon.colcon_core.shell:Skip shell extension 'powershell' for command environment: Not usable outside of PowerShell
[1.514s] DEBUG:colcon.colcon_core.shell:Skip shell extension 'dsv' for command environment
[2.382s] DEBUG:colcon.colcon_core.event_handler.log_command:Invoking command in '/home/caden/Documents/rotom/src/ros2_ws/build/rotom_description': CONDA_ENV_SHLVL_2_PIXI_PROMPT=(rotom) PIXI_PROMPT=(rotom) PS1=(rotom) \[\e]0;\u@\h: \w\a\]${debian_chroot:+($debian_chroot)}\[\033[01;32m\]\u@\h\[\033[00m\]:\[\033[01;34m\]\w\[\033[00m\]\$ PYTHONPATH=/home/caden/Documents/rotom/src/ros2_ws/build/rotom_description/prefix_override:/usr/lib/python3/dist-packages/colcon_core/task/python/colcon_distutils_commands:/home/caden/Documents/rotom/src/ros2_ws/install/rotom_description/lib/python3.10/site-packages:${PYTHONPATH} /usr/bin/python3 -W ignore:setup.py install is deprecated -W ignore:easy_install command is deprecated setup.py develop --editable --build-directory /home/caden/Documents/rotom/src/ros2_ws/build/rotom_description/build --no-deps symlink_data
[3.508s] Level 1:colcon.colcon_core.shell:create_environment_hook('rotom_description', 'pythonpath_develop')
[3.509s] INFO:colcon.colcon_core.shell:Creating environment hook '/home/caden/Documents/rotom/src/ros2_ws/build/rotom_description/share/rotom_description/hook/pythonpath_develop.ps1'
[3.511s] DEBUG:colcon.colcon_core.event_handler.log_command:Invoked command in '/home/caden/Documents/rotom/src/ros2_ws/build/rotom_description' returned '0': CONDA_ENV_SHLVL_2_PIXI_PROMPT=(rotom) PIXI_PROMPT=(rotom) PS1=(rotom) \[\e]0;\u@\h: \w\a\]${debian_chroot:+($debian_chroot)}\[\033[01;32m\]\u@\h\[\033[00m\]:\[\033[01;34m\]\w\[\033[00m\]\$ PYTHONPATH=/home/caden/Documents/rotom/src/ros2_ws/build/rotom_description/prefix_override:/usr/lib/python3/dist-packages/colcon_core/task/python/colcon_distutils_commands:/home/caden/Documents/rotom/src/ros2_ws/install/rotom_description/lib/python3.10/site-packages:${PYTHONPATH} /usr/bin/python3 -W ignore:setup.py install is deprecated -W ignore:easy_install command is deprecated setup.py develop --editable --build-directory /home/caden/Documents/rotom/src/ros2_ws/build/rotom_description/build --no-deps symlink_data
[3.513s] INFO:colcon.colcon_core.shell:Creating environment descriptor '/home/caden/Documents/rotom/src/ros2_ws/build/rotom_description/share/rotom_description/hook/pythonpath_develop.dsv'
[3.514s] INFO:colcon.colcon_core.shell:Creating environment hook '/home/caden/Documents/rotom/src/ros2_ws/build/rotom_description/share/rotom_description/hook/pythonpath_develop.sh'
[3.522s] Level 1:colcon.colcon_core.environment:checking '/home/caden/Documents/rotom/src/ros2_ws/install/rotom_description' for CMake module files
[3.524s] Level 1:colcon.colcon_core.environment:checking '/home/caden/Documents/rotom/src/ros2_ws/install/rotom_description' for CMake config files
[3.527s] Level 1:colcon.colcon_core.environment:checking '/home/caden/Documents/rotom/src/ros2_ws/install/rotom_description/lib'
[3.527s] Level 1:colcon.colcon_core.environment:checking '/home/caden/Documents/rotom/src/ros2_ws/install/rotom_description/bin'
[3.528s] Level 1:colcon.colcon_core.environment:checking '/home/caden/Documents/rotom/src/ros2_ws/install/rotom_description/lib/pkgconfig/rotom_description.pc'
[3.529s] Level 1:colcon.colcon_core.environment:checking '/home/caden/Documents/rotom/src/ros2_ws/install/rotom_description/lib/python3.10/site-packages'
[3.529s] Level 1:colcon.colcon_core.shell:create_environment_hook('rotom_description', 'pythonpath')
[3.530s] INFO:colcon.colcon_core.shell:Creating environment hook '/home/caden/Documents/rotom/src/ros2_ws/install/rotom_description/share/rotom_description/hook/pythonpath.ps1'
[3.532s] INFO:colcon.colcon_core.shell:Creating environment descriptor '/home/caden/Documents/rotom/src/ros2_ws/install/rotom_description/share/rotom_description/hook/pythonpath.dsv'
[3.533s] INFO:colcon.colcon_core.shell:Creating environment hook '/home/caden/Documents/rotom/src/ros2_ws/install/rotom_description/share/rotom_description/hook/pythonpath.sh'
[3.535s] Level 1:colcon.colcon_core.environment:checking '/home/caden/Documents/rotom/src/ros2_ws/install/rotom_description/bin'
[3.535s] Level 1:colcon.colcon_core.environment:create_environment_scripts_only(rotom_description)
[3.536s] INFO:colcon.colcon_core.shell:Creating package script '/home/caden/Documents/rotom/src/ros2_ws/install/rotom_description/share/rotom_description/package.ps1'
[3.538s] INFO:colcon.colcon_core.shell:Creating package descriptor '/home/caden/Documents/rotom/src/ros2_ws/install/rotom_description/share/rotom_description/package.dsv'
[3.540s] INFO:colcon.colcon_core.shell:Creating package script '/home/caden/Documents/rotom/src/ros2_ws/install/rotom_description/share/rotom_description/package.sh'
[3.543s] INFO:colcon.colcon_core.shell:Creating package script '/home/caden/Documents/rotom/src/ros2_ws/install/rotom_description/share/rotom_description/package.bash'
[3.545s] INFO:colcon.colcon_core.shell:Creating package script '/home/caden/Documents/rotom/src/ros2_ws/install/rotom_description/share/rotom_description/package.zsh'
[3.548s] Level 1:colcon.colcon_core.environment:create_file_with_runtime_dependencies(/home/caden/Documents/rotom/src/ros2_ws/install/rotom_description/share/colcon-core/packages/rotom_description)
[3.549s] INFO:colcon.colcon_ros.task.ament_cmake.build:Building ROS package in '/home/caden/Documents/rotom/src/ros2_ws/src/rotom_moveit_config' with build type 'ament_cmake'
[3.550s] INFO:colcon.colcon_cmake.task.cmake.build:Building CMake package in '/home/caden/Documents/rotom/src/ros2_ws/src/rotom_moveit_config'
[3.550s] INFO:colcon.colcon_core.shell:Skip shell extension 'powershell' for command environment: Not usable outside of PowerShell
[3.551s] DEBUG:colcon.colcon_core.shell:Skip shell extension 'dsv' for command environment
[3.580s] DEBUG:colcon.colcon_core.event_handler.log_command:Invoking command in '/home/caden/Documents/rotom/src/ros2_ws/build/rotom_moveit_config': AMENT_PREFIX_PATH=/home/caden/Documents/rotom/src/ros2_ws/install/rotom_description:/home/caden/Documents/rotom/src/ros2_ws/install/rotom_moveit_config:/opt/ros/humble CMAKE_PREFIX_PATH=${CMAKE_PREFIX_PATH}:/home/caden/Documents/rotom/src/ros2_ws/install/rotom_description:/opt/ros/humble CONDA_ENV_SHLVL_2_PIXI_PROMPT=(rotom) PIXI_PROMPT=(rotom) PS1=(rotom) \[\e]0;\u@\h: \w\a\]${debian_chroot:+($debian_chroot)}\[\033[01;32m\]\u@\h\[\033[00m\]:\[\033[01;34m\]\w\[\033[00m\]\$ /usr/bin/cmake /home/caden/Documents/rotom/src/ros2_ws/src/rotom_moveit_config -DAMENT_CMAKE_SYMLINK_INSTALL=1 -DCMAKE_INSTALL_PREFIX=/home/caden/Documents/rotom/src/ros2_ws/install/rotom_moveit_config
[4.266s] DEBUG:colcon.colcon_core.event_handler.log_command:Invoked command in '/home/caden/Documents/rotom/src/ros2_ws/build/rotom_moveit_config' returned '0': AMENT_PREFIX_PATH=/home/caden/Documents/rotom/src/ros2_ws/install/rotom_description:/home/caden/Documents/rotom/src/ros2_ws/install/rotom_moveit_config:/opt/ros/humble CMAKE_PREFIX_PATH=${CMAKE_PREFIX_PATH}:/home/caden/Documents/rotom/src/ros2_ws/install/rotom_description:/opt/ros/humble CONDA_ENV_SHLVL_2_PIXI_PROMPT=(rotom) PIXI_PROMPT=(rotom) PS1=(rotom) \[\e]0;\u@\h: \w\a\]${debian_chroot:+($debian_chroot)}\[\033[01;32m\]\u@\h\[\033[00m\]:\[\033[01;34m\]\w\[\033[00m\]\$ /usr/bin/cmake /home/caden/Documents/rotom/src/ros2_ws/src/rotom_moveit_config -DAMENT_CMAKE_SYMLINK_INSTALL=1 -DCMAKE_INSTALL_PREFIX=/home/caden/Documents/rotom/src/ros2_ws/install/rotom_moveit_config
[4.271s] DEBUG:colcon.colcon_core.event_handler.log_command:Invoking command in '/home/caden/Documents/rotom/src/ros2_ws/build/rotom_moveit_config': AMENT_PREFIX_PATH=/home/caden/Documents/rotom/src/ros2_ws/install/rotom_description:/home/caden/Documents/rotom/src/ros2_ws/install/rotom_moveit_config:/opt/ros/humble CMAKE_PREFIX_PATH=${CMAKE_PREFIX_PATH}:/home/caden/Documents/rotom/src/ros2_ws/install/rotom_description:/opt/ros/humble CONDA_ENV_SHLVL_2_PIXI_PROMPT=(rotom) PIXI_PROMPT=(rotom) PS1=(rotom) \[\e]0;\u@\h: \w\a\]${debian_chroot:+($debian_chroot)}\[\033[01;32m\]\u@\h\[\033[00m\]:\[\033[01;34m\]\w\[\033[00m\]\$ /usr/bin/cmake --build /home/caden/Documents/rotom/src/ros2_ws/build/rotom_moveit_config -- -j6 -l6
[4.347s] DEBUG:colcon.colcon_core.event_handler.log_command:Invoked command in '/home/caden/Documents/rotom/src/ros2_ws/build/rotom_moveit_config' returned '0': AMENT_PREFIX_PATH=/home/caden/Documents/rotom/src/ros2_ws/install/rotom_description:/home/caden/Documents/rotom/src/ros2_ws/install/rotom_moveit_config:/opt/ros/humble CMAKE_PREFIX_PATH=${CMAKE_PREFIX_PATH}:/home/caden/Documents/rotom/src/ros2_ws/install/rotom_description:/opt/ros/humble CONDA_ENV_SHLVL_2_PIXI_PROMPT=(rotom) PIXI_PROMPT=(rotom) PS1=(rotom) \[\e]0;\u@\h: \w\a\]${debian_chroot:+($debian_chroot)}\[\033[01;32m\]\u@\h\[\033[00m\]:\[\033[01;34m\]\w\[\033[00m\]\$ /usr/bin/cmake --build /home/caden/Documents/rotom/src/ros2_ws/build/rotom_moveit_config -- -j6 -l6
[4.370s] DEBUG:colcon.colcon_core.event_handler.log_command:Invoking command in '/home/caden/Documents/rotom/src/ros2_ws/build/rotom_moveit_config': AMENT_PREFIX_PATH=/home/caden/Documents/rotom/src/ros2_ws/install/rotom_description:/home/caden/Documents/rotom/src/ros2_ws/install/rotom_moveit_config:/opt/ros/humble CMAKE_PREFIX_PATH=${CMAKE_PREFIX_PATH}:/home/caden/Documents/rotom/src/ros2_ws/install/rotom_description:/opt/ros/humble CONDA_ENV_SHLVL_2_PIXI_PROMPT=(rotom) PIXI_PROMPT=(rotom) PS1=(rotom) \[\e]0;\u@\h: \w\a\]${debian_chroot:+($debian_chroot)}\[\033[01;32m\]\u@\h\[\033[00m\]:\[\033[01;34m\]\w\[\033[00m\]\$ /usr/bin/cmake --install /home/caden/Documents/rotom/src/ros2_ws/build/rotom_moveit_config
[5.027s] Level 1:colcon.colcon_core.environment:create_environment_scripts_only(rotom_moveit_config)
[5.028s] Level 1:colcon.colcon_core.environment:checking '/home/caden/Documents/rotom/src/ros2_ws/install/rotom_moveit_config' for CMake module files
[5.030s] DEBUG:colcon.colcon_core.event_handler.log_command:Invoked command in '/home/caden/Documents/rotom/src/ros2_ws/build/rotom_moveit_config' returned '0': AMENT_PREFIX_PATH=/home/caden/Documents/rotom/src/ros2_ws/install/rotom_description:/home/caden/Documents/rotom/src/ros2_ws/install/rotom_moveit_config:/opt/ros/humble CMAKE_PREFIX_PATH=${CMAKE_PREFIX_PATH}:/home/caden/Documents/rotom/src/ros2_ws/install/rotom_description:/opt/ros/humble CONDA_ENV_SHLVL_2_PIXI_PROMPT=(rotom) PIXI_PROMPT=(rotom) PS1=(rotom) \[\e]0;\u@\h: \w\a\]${debian_chroot:+($debian_chroot)}\[\033[01;32m\]\u@\h\[\033[00m\]:\[\033[01;34m\]\w\[\033[00m\]\$ /usr/bin/cmake --install /home/caden/Documents/rotom/src/ros2_ws/build/rotom_moveit_config
[5.032s] Level 1:colcon.colcon_core.environment:checking '/home/caden/Documents/rotom/src/ros2_ws/install/rotom_moveit_config' for CMake config files
[5.033s] Level 1:colcon.colcon_core.shell:create_environment_hook('rotom_moveit_config', 'cmake_prefix_path')
[5.034s] INFO:colcon.colcon_core.shell:Creating environment hook '/home/caden/Documents/rotom/src/ros2_ws/install/rotom_moveit_config/share/rotom_moveit_config/hook/cmake_prefix_path.ps1'
[5.036s] INFO:colcon.colcon_core.shell:Creating environment descriptor '/home/caden/Documents/rotom/src/ros2_ws/install/rotom_moveit_config/share/rotom_moveit_config/hook/cmake_prefix_path.dsv'
[5.037s] INFO:colcon.colcon_core.shell:Creating environment hook '/home/caden/Documents/rotom/src/ros2_ws/install/rotom_moveit_config/share/rotom_moveit_config/hook/cmake_prefix_path.sh'
[5.038s] Level 1:colcon.colcon_core.environment:checking '/home/caden/Documents/rotom/src/ros2_ws/install/rotom_moveit_config/bin'
[5.038s] Level 1:colcon.colcon_core.environment:checking '/home/caden/Documents/rotom/src/ros2_ws/install/rotom_moveit_config/lib/pkgconfig/rotom_moveit_config.pc'
[5.039s] Level 1:colcon.colcon_core.environment:checking '/home/caden/Documents/rotom/src/ros2_ws/install/rotom_moveit_config/lib/python3.10/site-packages'
[5.040s] Level 1:colcon.colcon_core.environment:checking '/home/caden/Documents/rotom/src/ros2_ws/install/rotom_moveit_config/bin'
[5.041s] INFO:colcon.colcon_core.shell:Creating package script '/home/caden/Documents/rotom/src/ros2_ws/install/rotom_moveit_config/share/rotom_moveit_config/package.ps1'
[5.043s] INFO:colcon.colcon_core.shell:Creating package descriptor '/home/caden/Documents/rotom/src/ros2_ws/install/rotom_moveit_config/share/rotom_moveit_config/package.dsv'
[5.045s] INFO:colcon.colcon_core.shell:Creating package script '/home/caden/Documents/rotom/src/ros2_ws/install/rotom_moveit_config/share/rotom_moveit_config/package.sh'
[5.046s] INFO:colcon.colcon_core.shell:Creating package script '/home/caden/Documents/rotom/src/ros2_ws/install/rotom_moveit_config/share/rotom_moveit_config/package.bash'
[5.047s] INFO:colcon.colcon_core.shell:Creating package script '/home/caden/Documents/rotom/src/ros2_ws/install/rotom_moveit_config/share/rotom_moveit_config/package.zsh'
[5.048s] Level 1:colcon.colcon_core.environment:create_file_with_runtime_dependencies(/home/caden/Documents/rotom/src/ros2_ws/install/rotom_moveit_config/share/colcon-core/packages/rotom_moveit_config)
[5.049s] Level 1:colcon.colcon_core.environment:create_environment_scripts_only(rotom_moveit_config)
[5.050s] Level 1:colcon.colcon_core.environment:checking '/home/caden/Documents/rotom/src/ros2_ws/install/rotom_moveit_config' for CMake module files
[5.051s] Level 1:colcon.colcon_core.environment:checking '/home/caden/Documents/rotom/src/ros2_ws/install/rotom_moveit_config' for CMake config files
[5.052s] Level 1:colcon.colcon_core.shell:create_environment_hook('rotom_moveit_config', 'cmake_prefix_path')
[5.052s] INFO:colcon.colcon_core.shell:Creating environment hook '/home/caden/Documents/rotom/src/ros2_ws/install/rotom_moveit_config/share/rotom_moveit_config/hook/cmake_prefix_path.ps1'
[5.054s] INFO:colcon.colcon_core.shell:Creating environment descriptor '/home/caden/Documents/rotom/src/ros2_ws/install/rotom_moveit_config/share/rotom_moveit_config/hook/cmake_prefix_path.dsv'
[5.055s] INFO:colcon.colcon_core.shell:Creating environment hook '/home/caden/Documents/rotom/src/ros2_ws/install/rotom_moveit_config/share/rotom_moveit_config/hook/cmake_prefix_path.sh'
[5.057s] Level 1:colcon.colcon_core.environment:checking '/home/caden/Documents/rotom/src/ros2_ws/install/rotom_moveit_config/bin'
[5.057s] Level 1:colcon.colcon_core.environment:checking '/home/caden/Documents/rotom/src/ros2_ws/install/rotom_moveit_config/lib/pkgconfig/rotom_moveit_config.pc'
[5.058s] Level 1:colcon.colcon_core.environment:checking '/home/caden/Documents/rotom/src/ros2_ws/install/rotom_moveit_config/lib/python3.10/site-packages'
[5.060s] Level 1:colcon.colcon_core.environment:checking '/home/caden/Documents/rotom/src/ros2_ws/install/rotom_moveit_config/bin'
[5.061s] INFO:colcon.colcon_core.shell:Creating package script '/home/caden/Documents/rotom/src/ros2_ws/install/rotom_moveit_config/share/rotom_moveit_config/package.ps1'
[5.062s] INFO:colcon.colcon_core.shell:Creating package descriptor '/home/caden/Documents/rotom/src/ros2_ws/install/rotom_moveit_config/share/rotom_moveit_config/package.dsv'
[5.064s] INFO:colcon.colcon_core.shell:Creating package script '/home/caden/Documents/rotom/src/ros2_ws/install/rotom_moveit_config/share/rotom_moveit_config/package.sh'
[5.066s] INFO:colcon.colcon_core.shell:Creating package script '/home/caden/Documents/rotom/src/ros2_ws/install/rotom_moveit_config/share/rotom_moveit_config/package.bash'
[5.067s] INFO:colcon.colcon_core.shell:Creating package script '/home/caden/Documents/rotom/src/ros2_ws/install/rotom_moveit_config/share/rotom_moveit_config/package.zsh'
[5.068s] Level 1:colcon.colcon_core.environment:create_file_with_runtime_dependencies(/home/caden/Documents/rotom/src/ros2_ws/install/rotom_moveit_config/share/colcon-core/packages/rotom_moveit_config)
[5.069s] DEBUG:colcon.colcon_parallel_executor.executor.parallel:closing loop
[5.071s] DEBUG:colcon.colcon_parallel_executor.executor.parallel:loop closed
[5.071s] DEBUG:colcon.colcon_parallel_executor.executor.parallel:run_until_complete finished with '0'
[5.071s] DEBUG:colcon.colcon_core.event_reactor:joining thread
[5.088s] INFO:colcon.colcon_core.plugin_system:Skipping extension 'colcon_notification.desktop_notification.terminal_notifier': Not used on non-Darwin systems
[5.088s] INFO:colcon.colcon_core.plugin_system:Skipping extension 'colcon_notification.desktop_notification.win32': Not used on non-Windows systems
[5.088s] INFO:colcon.colcon_notification.desktop_notification:Sending desktop notification using 'notify2'
[5.124s] DEBUG:colcon.colcon_core.event_reactor:joined thread
[5.125s] INFO:colcon.colcon_core.shell:Creating prefix script '/home/caden/Documents/rotom/src/ros2_ws/install/local_setup.ps1'
[5.128s] INFO:colcon.colcon_core.shell:Creating prefix util module '/home/caden/Documents/rotom/src/ros2_ws/install/_local_setup_util_ps1.py'
[5.133s] INFO:colcon.colcon_core.shell:Creating prefix chain script '/home/caden/Documents/rotom/src/ros2_ws/install/setup.ps1'
[5.137s] INFO:colcon.colcon_core.shell:Creating prefix script '/home/caden/Documents/rotom/src/ros2_ws/install/local_setup.sh'
[5.138s] INFO:colcon.colcon_core.shell:Creating prefix util module '/home/caden/Documents/rotom/src/ros2_ws/install/_local_setup_util_sh.py'
[5.140s] INFO:colcon.colcon_core.shell:Creating prefix chain script '/home/caden/Documents/rotom/src/ros2_ws/install/setup.sh'
[5.143s] INFO:colcon.colcon_core.shell:Creating prefix script '/home/caden/Documents/rotom/src/ros2_ws/install/local_setup.bash'
[5.145s] INFO:colcon.colcon_core.shell:Creating prefix chain script '/home/caden/Documents/rotom/src/ros2_ws/install/setup.bash'
[5.149s] INFO:colcon.colcon_core.shell:Creating prefix script '/home/caden/Documents/rotom/src/ros2_ws/install/local_setup.zsh'
[5.151s] INFO:colcon.colcon_core.shell:Creating prefix chain script '/home/caden/Documents/rotom/src/ros2_ws/install/setup.zsh'
