[0.324s] DEBUG:colcon:Command line arguments: ['/usr/bin/colcon', 'build', '--symlink-install']
[0.325s] DEBUG:colcon:Parsed command line arguments: Namespace(log_base=None, log_level=None, verb_name='build', build_base='build', install_base='install', merge_install=False, symlink_install=True, test_result_base=None, continue_on_error=False, executor='parallel', parallel_workers=6, event_handlers=None, ignore_user_meta=False, metas=['./colcon.meta'], base_paths=['.'], packages_ignore=None, packages_ignore_regex=None, paths=None, packages_up_to=None, packages_up_to_regex=None, packages_above=None, packages_above_and_dependencies=None, packages_above_depth=None, packages_select_by_dep=None, packages_skip_by_dep=None, packages_skip_up_to=None, packages_select_build_failed=False, packages_skip_build_finished=False, packages_select_test_failures=False, packages_skip_test_passed=False, packages_select=None, packages_skip=None, packages_select_regex=None, packages_skip_regex=None, packages_start=None, packages_end=None, allow_overriding=[], cmake_args=None, cmake_target=None, cmake_target_skip_unavailable=False, cmake_clean_cache=False, cmake_clean_first=False, cmake_force_configure=False, ament_cmake_args=None, catkin_cmake_args=None, catkin_skip_building_tests=False, mixin_files=None, mixin=None, verb_parser=<colcon_mixin.mixin.mixin_argument.MixinArgumentDecorator object at 0xffff85e83430>, verb_extension=<colcon_core.verb.build.BuildVerb object at 0xffff85e827d0>, main=<bound method BuildVerb.main of <colcon_core.verb.build.BuildVerb object at 0xffff85e827d0>>, mixin_verb=('build',))
[0.814s] Level 1:colcon.colcon_core.package_discovery:discover_packages(colcon_meta) check parameters
[0.815s] Level 1:colcon.colcon_core.package_discovery:discover_packages(recursive) check parameters
[0.815s] Level 1:colcon.colcon_core.package_discovery:discover_packages(ignore) check parameters
[0.815s] Level 1:colcon.colcon_core.package_discovery:discover_packages(path) check parameters
[0.815s] Level 1:colcon.colcon_core.package_discovery:discover_packages(colcon_meta) discover
[0.815s] Level 1:colcon.colcon_core.package_discovery:discover_packages(recursive) discover
[0.815s] INFO:colcon.colcon_core.package_discovery:Crawling recursively for packages in '/home/caden/Documents/rotom/src/ros2_ws'
[0.816s] Level 1:colcon.colcon_core.package_identification:_identify(.) by extensions ['ignore', 'ignore_ament_install']
[0.816s] Level 1:colcon.colcon_core.package_identification:_identify(.) by extension 'ignore'
[0.816s] Level 1:colcon.colcon_core.package_identification:_identify(.) by extension 'ignore_ament_install'
[0.816s] Level 1:colcon.colcon_core.package_identification:_identify(.) by extensions ['colcon_pkg']
[0.816s] Level 1:colcon.colcon_core.package_identification:_identify(.) by extension 'colcon_pkg'
[0.816s] Level 1:colcon.colcon_core.package_identification:_identify(.) by extensions ['colcon_meta']
[0.817s] Level 1:colcon.colcon_core.package_identification:_identify(.) by extension 'colcon_meta'
[0.817s] Level 1:colcon.colcon_core.package_identification:_identify(.) by extensions ['ros']
[0.817s] Level 1:colcon.colcon_core.package_identification:_identify(.) by extension 'ros'
[0.842s] Level 1:colcon.colcon_core.package_identification:_identify(.) by extensions ['cmake', 'python']
[0.842s] Level 1:colcon.colcon_core.package_identification:_identify(.) by extension 'cmake'
[0.842s] Level 1:colcon.colcon_core.package_identification:_identify(.) by extension 'python'
[0.842s] Level 1:colcon.colcon_core.package_identification:_identify(.) by extensions ['python_setup_py']
[0.842s] Level 1:colcon.colcon_core.package_identification:_identify(.) by extension 'python_setup_py'
[0.843s] Level 1:colcon.colcon_core.package_identification:_identify(build) by extensions ['ignore', 'ignore_ament_install']
[0.843s] Level 1:colcon.colcon_core.package_identification:_identify(build) by extension 'ignore'
[0.843s] Level 1:colcon.colcon_core.package_identification:_identify(build) ignored
[0.844s] Level 1:colcon.colcon_core.package_identification:_identify(install) by extensions ['ignore', 'ignore_ament_install']
[0.844s] Level 1:colcon.colcon_core.package_identification:_identify(install) by extension 'ignore'
[0.844s] Level 1:colcon.colcon_core.package_identification:_identify(install) ignored
[0.845s] Level 1:colcon.colcon_core.package_identification:_identify(log) by extensions ['ignore', 'ignore_ament_install']
[0.845s] Level 1:colcon.colcon_core.package_identification:_identify(log) by extension 'ignore'
[0.846s] Level 1:colcon.colcon_core.package_identification:_identify(log) ignored
[0.847s] Level 1:colcon.colcon_core.package_identification:_identify(src) by extensions ['ignore', 'ignore_ament_install']
[0.847s] Level 1:colcon.colcon_core.package_identification:_identify(src) by extension 'ignore'
[0.847s] Level 1:colcon.colcon_core.package_identification:_identify(src) by extension 'ignore_ament_install'
[0.847s] Level 1:colcon.colcon_core.package_identification:_identify(src) by extensions ['colcon_pkg']
[0.847s] Level 1:colcon.colcon_core.package_identification:_identify(src) by extension 'colcon_pkg'
[0.847s] Level 1:colcon.colcon_core.package_identification:_identify(src) by extensions ['colcon_meta']
[0.847s] Level 1:colcon.colcon_core.package_identification:_identify(src) by extension 'colcon_meta'
[0.847s] Level 1:colcon.colcon_core.package_identification:_identify(src) by extensions ['ros']
[0.848s] Level 1:colcon.colcon_core.package_identification:_identify(src) by extension 'ros'
[0.848s] Level 1:colcon.colcon_core.package_identification:_identify(src) by extensions ['cmake', 'python']
[0.848s] Level 1:colcon.colcon_core.package_identification:_identify(src) by extension 'cmake'
[0.848s] Level 1:colcon.colcon_core.package_identification:_identify(src) by extension 'python'
[0.848s] Level 1:colcon.colcon_core.package_identification:_identify(src) by extensions ['python_setup_py']
[0.848s] Level 1:colcon.colcon_core.package_identification:_identify(src) by extension 'python_setup_py'
[0.848s] Level 1:colcon.colcon_core.package_identification:_identify(src/rotom_description) by extensions ['ignore', 'ignore_ament_install']
[0.849s] Level 1:colcon.colcon_core.package_identification:_identify(src/rotom_description) by extension 'ignore'
[0.849s] Level 1:colcon.colcon_core.package_identification:_identify(src/rotom_description) by extension 'ignore_ament_install'
[0.849s] Level 1:colcon.colcon_core.package_identification:_identify(src/rotom_description) by extensions ['colcon_pkg']
[0.849s] Level 1:colcon.colcon_core.package_identification:_identify(src/rotom_description) by extension 'colcon_pkg'
[0.849s] Level 1:colcon.colcon_core.package_identification:_identify(src/rotom_description) by extensions ['colcon_meta']
[0.849s] Level 1:colcon.colcon_core.package_identification:_identify(src/rotom_description) by extension 'colcon_meta'
[0.849s] Level 1:colcon.colcon_core.package_identification:_identify(src/rotom_description) by extensions ['ros']
[0.849s] Level 1:colcon.colcon_core.package_identification:_identify(src/rotom_description) by extension 'ros'
[0.882s] DEBUG:colcon.colcon_core.package_identification:Package 'src/rotom_description' with type 'ros.ament_python' and name 'rotom_description'
[0.883s] Level 1:colcon.colcon_core.package_identification:_identify(src/rotom_moveit_config) by extensions ['ignore', 'ignore_ament_install']
[0.883s] Level 1:colcon.colcon_core.package_identification:_identify(src/rotom_moveit_config) by extension 'ignore'
[0.883s] Level 1:colcon.colcon_core.package_identification:_identify(src/rotom_moveit_config) by extension 'ignore_ament_install'
[0.883s] Level 1:colcon.colcon_core.package_identification:_identify(src/rotom_moveit_config) by extensions ['colcon_pkg']
[0.884s] Level 1:colcon.colcon_core.package_identification:_identify(src/rotom_moveit_config) by extension 'colcon_pkg'
[0.884s] Level 1:colcon.colcon_core.package_identification:_identify(src/rotom_moveit_config) by extensions ['colcon_meta']
[0.884s] Level 1:colcon.colcon_core.package_identification:_identify(src/rotom_moveit_config) by extension 'colcon_meta'
[0.884s] Level 1:colcon.colcon_core.package_identification:_identify(src/rotom_moveit_config) by extensions ['ros']
[0.884s] Level 1:colcon.colcon_core.package_identification:_identify(src/rotom_moveit_config) by extension 'ros'
[0.887s] DEBUG:colcon.colcon_core.package_identification:Package 'src/rotom_moveit_config' with type 'ros.ament_cmake' and name 'rotom_moveit_config'
[0.887s] Level 1:colcon.colcon_core.package_discovery:discover_packages(recursive) using defaults
[0.887s] Level 1:colcon.colcon_core.package_discovery:discover_packages(ignore) discover
[0.887s] Level 1:colcon.colcon_core.package_discovery:discover_packages(ignore) using defaults
[0.887s] Level 1:colcon.colcon_core.package_discovery:discover_packages(path) discover
[0.887s] Level 1:colcon.colcon_core.package_discovery:discover_packages(path) using defaults
[0.933s] Level 1:colcon.colcon_core.package_discovery:discover_packages(prefix_path) check parameters
[0.933s] Level 1:colcon.colcon_core.package_discovery:discover_packages(prefix_path) discover
[0.937s] DEBUG:colcon.colcon_installed_package_information.package_discovery:Found 2 installed packages in /home/caden/Documents/rotom/src/ros2_ws/install
[0.940s] DEBUG:colcon.colcon_installed_package_information.package_discovery:Found 384 installed packages in /opt/ros/humble
[0.944s] Level 1:colcon.colcon_core.package_discovery:discover_packages(prefix_path) using defaults
[1.054s] Level 5:colcon.colcon_core.verb:set package 'rotom_description' build argument 'cmake_args' from command line to 'None'
[1.054s] Level 5:colcon.colcon_core.verb:set package 'rotom_description' build argument 'cmake_target' from command line to 'None'
[1.054s] Level 5:colcon.colcon_core.verb:set package 'rotom_description' build argument 'cmake_target_skip_unavailable' from command line to 'False'
[1.054s] Level 5:colcon.colcon_core.verb:set package 'rotom_description' build argument 'cmake_clean_cache' from command line to 'False'
[1.054s] Level 5:colcon.colcon_core.verb:set package 'rotom_description' build argument 'cmake_clean_first' from command line to 'False'
[1.054s] Level 5:colcon.colcon_core.verb:set package 'rotom_description' build argument 'cmake_force_configure' from command line to 'False'
[1.054s] Level 5:colcon.colcon_core.verb:set package 'rotom_description' build argument 'ament_cmake_args' from command line to 'None'
[1.054s] Level 5:colcon.colcon_core.verb:set package 'rotom_description' build argument 'catkin_cmake_args' from command line to 'None'
[1.054s] Level 5:colcon.colcon_core.verb:set package 'rotom_description' build argument 'catkin_skip_building_tests' from command line to 'False'
[1.054s] DEBUG:colcon.colcon_core.verb:Building package 'rotom_description' with the following arguments: {'ament_cmake_args': None, 'build_base': '/home/caden/Documents/rotom/src/ros2_ws/build/rotom_description', 'catkin_cmake_args': None, 'catkin_skip_building_tests': False, 'cmake_args': None, 'cmake_clean_cache': False, 'cmake_clean_first': False, 'cmake_force_configure': False, 'cmake_target': None, 'cmake_target_skip_unavailable': False, 'install_base': '/home/caden/Documents/rotom/src/ros2_ws/install/rotom_description', 'merge_install': False, 'path': '/home/caden/Documents/rotom/src/ros2_ws/src/rotom_description', 'symlink_install': True, 'test_result_base': None}
[1.055s] Level 5:colcon.colcon_core.verb:set package 'rotom_moveit_config' build argument 'cmake_args' from command line to 'None'
[1.055s] Level 5:colcon.colcon_core.verb:set package 'rotom_moveit_config' build argument 'cmake_target' from command line to 'None'
[1.055s] Level 5:colcon.colcon_core.verb:set package 'rotom_moveit_config' build argument 'cmake_target_skip_unavailable' from command line to 'False'
[1.055s] Level 5:colcon.colcon_core.verb:set package 'rotom_moveit_config' build argument 'cmake_clean_cache' from command line to 'False'
[1.055s] Level 5:colcon.colcon_core.verb:set package 'rotom_moveit_config' build argument 'cmake_clean_first' from command line to 'False'
[1.055s] Level 5:colcon.colcon_core.verb:set package 'rotom_moveit_config' build argument 'cmake_force_configure' from command line to 'False'
[1.056s] Level 5:colcon.colcon_core.verb:set package 'rotom_moveit_config' build argument 'ament_cmake_args' from command line to 'None'
[1.056s] Level 5:colcon.colcon_core.verb:set package 'rotom_moveit_config' build argument 'catkin_cmake_args' from command line to 'None'
[1.056s] Level 5:colcon.colcon_core.verb:set package 'rotom_moveit_config' build argument 'catkin_skip_building_tests' from command line to 'False'
[1.056s] DEBUG:colcon.colcon_core.verb:Building package 'rotom_moveit_config' with the following arguments: {'ament_cmake_args': None, 'build_base': '/home/caden/Documents/rotom/src/ros2_ws/build/rotom_moveit_config', 'catkin_cmake_args': None, 'catkin_skip_building_tests': False, 'cmake_args': None, 'cmake_clean_cache': False, 'cmake_clean_first': False, 'cmake_force_configure': False, 'cmake_target': None, 'cmake_target_skip_unavailable': False, 'install_base': '/home/caden/Documents/rotom/src/ros2_ws/install/rotom_moveit_config', 'merge_install': False, 'path': '/home/caden/Documents/rotom/src/ros2_ws/src/rotom_moveit_config', 'symlink_install': True, 'test_result_base': None}
[1.056s] INFO:colcon.colcon_core.executor:Executing jobs using 'parallel' executor
[1.058s] DEBUG:colcon.colcon_parallel_executor.executor.parallel:run_until_complete
[1.059s] INFO:colcon.colcon_ros.task.ament_python.build:Building ROS package in '/home/caden/Documents/rotom/src/ros2_ws/src/rotom_description' with build type 'ament_python'
[1.059s] Level 1:colcon.colcon_core.shell:create_environment_hook('rotom_description', 'ament_prefix_path')
[1.064s] INFO:colcon.colcon_core.plugin_system:Skipping extension 'colcon_core.shell.bat': Not used on non-Windows systems
[1.064s] INFO:colcon.colcon_core.shell:Creating environment hook '/home/caden/Documents/rotom/src/ros2_ws/install/rotom_description/share/rotom_description/hook/ament_prefix_path.ps1'
[1.066s] INFO:colcon.colcon_core.shell:Creating environment descriptor '/home/caden/Documents/rotom/src/ros2_ws/install/rotom_description/share/rotom_description/hook/ament_prefix_path.dsv'
[1.067s] INFO:colcon.colcon_core.shell:Creating environment hook '/home/caden/Documents/rotom/src/ros2_ws/install/rotom_description/share/rotom_description/hook/ament_prefix_path.sh'
[1.069s] INFO:colcon.colcon_core.shell:Skip shell extension 'powershell' for command environment: Not usable outside of PowerShell
[1.069s] DEBUG:colcon.colcon_core.shell:Skip shell extension 'dsv' for command environment
[1.743s] INFO:colcon.colcon_core.task.python.build:Building Python package in '/home/caden/Documents/rotom/src/ros2_ws/src/rotom_description'
[1.744s] INFO:colcon.colcon_core.shell:Skip shell extension 'powershell' for command environment: Not usable outside of PowerShell
[1.744s] DEBUG:colcon.colcon_core.shell:Skip shell extension 'dsv' for command environment
[2.684s] DEBUG:colcon.colcon_core.event_handler.log_command:Invoking command in '/home/caden/Documents/rotom/src/ros2_ws/build/rotom_description': PYTHONPATH=/home/caden/Documents/rotom/src/ros2_ws/build/rotom_description/prefix_override:/usr/lib/python3/dist-packages/colcon_core/task/python/colcon_distutils_commands:/home/caden/Documents/rotom/src/ros2_ws/install/rotom_description/lib/python3.10/site-packages:${PYTHONPATH} /usr/bin/python3 -W ignore:setup.py install is deprecated -W ignore:easy_install command is deprecated setup.py develop --editable --build-directory /home/caden/Documents/rotom/src/ros2_ws/build/rotom_description/build --no-deps symlink_data
[3.893s] Level 1:colcon.colcon_core.shell:create_environment_hook('rotom_description', 'pythonpath_develop')
[3.895s] INFO:colcon.colcon_core.shell:Creating environment hook '/home/caden/Documents/rotom/src/ros2_ws/build/rotom_description/share/rotom_description/hook/pythonpath_develop.ps1'
[3.896s] DEBUG:colcon.colcon_core.event_handler.log_command:Invoked command in '/home/caden/Documents/rotom/src/ros2_ws/build/rotom_description' returned '0': PYTHONPATH=/home/caden/Documents/rotom/src/ros2_ws/build/rotom_description/prefix_override:/usr/lib/python3/dist-packages/colcon_core/task/python/colcon_distutils_commands:/home/caden/Documents/rotom/src/ros2_ws/install/rotom_description/lib/python3.10/site-packages:${PYTHONPATH} /usr/bin/python3 -W ignore:setup.py install is deprecated -W ignore:easy_install command is deprecated setup.py develop --editable --build-directory /home/caden/Documents/rotom/src/ros2_ws/build/rotom_description/build --no-deps symlink_data
[3.898s] INFO:colcon.colcon_core.shell:Creating environment descriptor '/home/caden/Documents/rotom/src/ros2_ws/build/rotom_description/share/rotom_description/hook/pythonpath_develop.dsv'
[3.901s] INFO:colcon.colcon_core.shell:Creating environment hook '/home/caden/Documents/rotom/src/ros2_ws/build/rotom_description/share/rotom_description/hook/pythonpath_develop.sh'
[3.913s] Level 1:colcon.colcon_core.environment:checking '/home/caden/Documents/rotom/src/ros2_ws/install/rotom_description' for CMake module files
[3.914s] Level 1:colcon.colcon_core.environment:checking '/home/caden/Documents/rotom/src/ros2_ws/install/rotom_description' for CMake config files
[3.917s] Level 1:colcon.colcon_core.environment:checking '/home/caden/Documents/rotom/src/ros2_ws/install/rotom_description/lib'
[3.918s] Level 1:colcon.colcon_core.environment:checking '/home/caden/Documents/rotom/src/ros2_ws/install/rotom_description/bin'
[3.918s] Level 1:colcon.colcon_core.environment:checking '/home/caden/Documents/rotom/src/ros2_ws/install/rotom_description/lib/pkgconfig/rotom_description.pc'
[3.919s] Level 1:colcon.colcon_core.environment:checking '/home/caden/Documents/rotom/src/ros2_ws/install/rotom_description/lib/python3.10/site-packages'
[3.919s] Level 1:colcon.colcon_core.shell:create_environment_hook('rotom_description', 'pythonpath')
[3.920s] INFO:colcon.colcon_core.shell:Creating environment hook '/home/caden/Documents/rotom/src/ros2_ws/install/rotom_description/share/rotom_description/hook/pythonpath.ps1'
[3.922s] INFO:colcon.colcon_core.shell:Creating environment descriptor '/home/caden/Documents/rotom/src/ros2_ws/install/rotom_description/share/rotom_description/hook/pythonpath.dsv'
[3.924s] INFO:colcon.colcon_core.shell:Creating environment hook '/home/caden/Documents/rotom/src/ros2_ws/install/rotom_description/share/rotom_description/hook/pythonpath.sh'
[3.927s] Level 1:colcon.colcon_core.environment:checking '/home/caden/Documents/rotom/src/ros2_ws/install/rotom_description/bin'
[3.927s] Level 1:colcon.colcon_core.environment:create_environment_scripts_only(rotom_description)
[3.928s] INFO:colcon.colcon_core.shell:Creating package script '/home/caden/Documents/rotom/src/ros2_ws/install/rotom_description/share/rotom_description/package.ps1'
[3.931s] INFO:colcon.colcon_core.shell:Creating package descriptor '/home/caden/Documents/rotom/src/ros2_ws/install/rotom_description/share/rotom_description/package.dsv'
[3.933s] INFO:colcon.colcon_core.shell:Creating package script '/home/caden/Documents/rotom/src/ros2_ws/install/rotom_description/share/rotom_description/package.sh'
[3.935s] INFO:colcon.colcon_core.shell:Creating package script '/home/caden/Documents/rotom/src/ros2_ws/install/rotom_description/share/rotom_description/package.bash'
[3.937s] INFO:colcon.colcon_core.shell:Creating package script '/home/caden/Documents/rotom/src/ros2_ws/install/rotom_description/share/rotom_description/package.zsh'
[3.940s] Level 1:colcon.colcon_core.environment:create_file_with_runtime_dependencies(/home/caden/Documents/rotom/src/ros2_ws/install/rotom_description/share/colcon-core/packages/rotom_description)
[3.942s] INFO:colcon.colcon_ros.task.ament_cmake.build:Building ROS package in '/home/caden/Documents/rotom/src/ros2_ws/src/rotom_moveit_config' with build type 'ament_cmake'
[3.943s] INFO:colcon.colcon_cmake.task.cmake.build:Building CMake package in '/home/caden/Documents/rotom/src/ros2_ws/src/rotom_moveit_config'
[3.944s] INFO:colcon.colcon_core.shell:Skip shell extension 'powershell' for command environment: Not usable outside of PowerShell
[3.944s] DEBUG:colcon.colcon_core.shell:Skip shell extension 'dsv' for command environment
[3.970s] DEBUG:colcon.colcon_core.event_handler.log_command:Invoking command in '/home/caden/Documents/rotom/src/ros2_ws/build/rotom_moveit_config': AMENT_PREFIX_PATH=/home/caden/Documents/rotom/src/ros2_ws/install/rotom_description:/home/caden/Documents/rotom/src/ros2_ws/install/rotom_moveit_config:/opt/ros/humble CMAKE_PREFIX_PATH=${CMAKE_PREFIX_PATH}:/home/caden/Documents/rotom/src/ros2_ws/install/rotom_description:/opt/ros/humble /usr/bin/cmake --build /home/caden/Documents/rotom/src/ros2_ws/build/rotom_moveit_config -- -j6 -l6
[4.065s] DEBUG:colcon.colcon_core.event_handler.log_command:Invoked command in '/home/caden/Documents/rotom/src/ros2_ws/build/rotom_moveit_config' returned '0': AMENT_PREFIX_PATH=/home/caden/Documents/rotom/src/ros2_ws/install/rotom_description:/home/caden/Documents/rotom/src/ros2_ws/install/rotom_moveit_config:/opt/ros/humble CMAKE_PREFIX_PATH=${CMAKE_PREFIX_PATH}:/home/caden/Documents/rotom/src/ros2_ws/install/rotom_description:/opt/ros/humble /usr/bin/cmake --build /home/caden/Documents/rotom/src/ros2_ws/build/rotom_moveit_config -- -j6 -l6
[4.090s] DEBUG:colcon.colcon_core.event_handler.log_command:Invoking command in '/home/caden/Documents/rotom/src/ros2_ws/build/rotom_moveit_config': AMENT_PREFIX_PATH=/home/caden/Documents/rotom/src/ros2_ws/install/rotom_description:/home/caden/Documents/rotom/src/ros2_ws/install/rotom_moveit_config:/opt/ros/humble CMAKE_PREFIX_PATH=${CMAKE_PREFIX_PATH}:/home/caden/Documents/rotom/src/ros2_ws/install/rotom_description:/opt/ros/humble /usr/bin/cmake --install /home/caden/Documents/rotom/src/ros2_ws/build/rotom_moveit_config
[4.145s] Level 1:colcon.colcon_core.environment:create_environment_scripts_only(rotom_moveit_config)
[4.146s] DEBUG:colcon.colcon_core.event_handler.log_command:Invoked command in '/home/caden/Documents/rotom/src/ros2_ws/build/rotom_moveit_config' returned '0': AMENT_PREFIX_PATH=/home/caden/Documents/rotom/src/ros2_ws/install/rotom_description:/home/caden/Documents/rotom/src/ros2_ws/install/rotom_moveit_config:/opt/ros/humble CMAKE_PREFIX_PATH=${CMAKE_PREFIX_PATH}:/home/caden/Documents/rotom/src/ros2_ws/install/rotom_description:/opt/ros/humble /usr/bin/cmake --install /home/caden/Documents/rotom/src/ros2_ws/build/rotom_moveit_config
[4.147s] Level 1:colcon.colcon_core.environment:checking '/home/caden/Documents/rotom/src/ros2_ws/install/rotom_moveit_config' for CMake module files
[4.149s] Level 1:colcon.colcon_core.environment:checking '/home/caden/Documents/rotom/src/ros2_ws/install/rotom_moveit_config' for CMake config files
[4.150s] Level 1:colcon.colcon_core.shell:create_environment_hook('rotom_moveit_config', 'cmake_prefix_path')
[4.151s] INFO:colcon.colcon_core.shell:Creating environment hook '/home/caden/Documents/rotom/src/ros2_ws/install/rotom_moveit_config/share/rotom_moveit_config/hook/cmake_prefix_path.ps1'
[4.152s] INFO:colcon.colcon_core.shell:Creating environment descriptor '/home/caden/Documents/rotom/src/ros2_ws/install/rotom_moveit_config/share/rotom_moveit_config/hook/cmake_prefix_path.dsv'
[4.153s] INFO:colcon.colcon_core.shell:Creating environment hook '/home/caden/Documents/rotom/src/ros2_ws/install/rotom_moveit_config/share/rotom_moveit_config/hook/cmake_prefix_path.sh'
[4.154s] Level 1:colcon.colcon_core.environment:checking '/home/caden/Documents/rotom/src/ros2_ws/install/rotom_moveit_config/bin'
[4.155s] Level 1:colcon.colcon_core.environment:checking '/home/caden/Documents/rotom/src/ros2_ws/install/rotom_moveit_config/lib/pkgconfig/rotom_moveit_config.pc'
[4.155s] Level 1:colcon.colcon_core.environment:checking '/home/caden/Documents/rotom/src/ros2_ws/install/rotom_moveit_config/lib/python3.10/site-packages'
[4.156s] Level 1:colcon.colcon_core.environment:checking '/home/caden/Documents/rotom/src/ros2_ws/install/rotom_moveit_config/bin'
[4.157s] INFO:colcon.colcon_core.shell:Creating package script '/home/caden/Documents/rotom/src/ros2_ws/install/rotom_moveit_config/share/rotom_moveit_config/package.ps1'
[4.158s] INFO:colcon.colcon_core.shell:Creating package descriptor '/home/caden/Documents/rotom/src/ros2_ws/install/rotom_moveit_config/share/rotom_moveit_config/package.dsv'
[4.159s] INFO:colcon.colcon_core.shell:Creating package script '/home/caden/Documents/rotom/src/ros2_ws/install/rotom_moveit_config/share/rotom_moveit_config/package.sh'
[4.160s] INFO:colcon.colcon_core.shell:Creating package script '/home/caden/Documents/rotom/src/ros2_ws/install/rotom_moveit_config/share/rotom_moveit_config/package.bash'
[4.161s] INFO:colcon.colcon_core.shell:Creating package script '/home/caden/Documents/rotom/src/ros2_ws/install/rotom_moveit_config/share/rotom_moveit_config/package.zsh'
[4.162s] Level 1:colcon.colcon_core.environment:create_file_with_runtime_dependencies(/home/caden/Documents/rotom/src/ros2_ws/install/rotom_moveit_config/share/colcon-core/packages/rotom_moveit_config)
[4.163s] Level 1:colcon.colcon_core.environment:create_environment_scripts_only(rotom_moveit_config)
[4.164s] Level 1:colcon.colcon_core.environment:checking '/home/caden/Documents/rotom/src/ros2_ws/install/rotom_moveit_config' for CMake module files
[4.165s] Level 1:colcon.colcon_core.environment:checking '/home/caden/Documents/rotom/src/ros2_ws/install/rotom_moveit_config' for CMake config files
[4.166s] Level 1:colcon.colcon_core.shell:create_environment_hook('rotom_moveit_config', 'cmake_prefix_path')
[4.166s] INFO:colcon.colcon_core.shell:Creating environment hook '/home/caden/Documents/rotom/src/ros2_ws/install/rotom_moveit_config/share/rotom_moveit_config/hook/cmake_prefix_path.ps1'
[4.167s] INFO:colcon.colcon_core.shell:Creating environment descriptor '/home/caden/Documents/rotom/src/ros2_ws/install/rotom_moveit_config/share/rotom_moveit_config/hook/cmake_prefix_path.dsv'
[4.168s] INFO:colcon.colcon_core.shell:Creating environment hook '/home/caden/Documents/rotom/src/ros2_ws/install/rotom_moveit_config/share/rotom_moveit_config/hook/cmake_prefix_path.sh'
[4.169s] Level 1:colcon.colcon_core.environment:checking '/home/caden/Documents/rotom/src/ros2_ws/install/rotom_moveit_config/bin'
[4.169s] Level 1:colcon.colcon_core.environment:checking '/home/caden/Documents/rotom/src/ros2_ws/install/rotom_moveit_config/lib/pkgconfig/rotom_moveit_config.pc'
[4.170s] Level 1:colcon.colcon_core.environment:checking '/home/caden/Documents/rotom/src/ros2_ws/install/rotom_moveit_config/lib/python3.10/site-packages'
[4.171s] Level 1:colcon.colcon_core.environment:checking '/home/caden/Documents/rotom/src/ros2_ws/install/rotom_moveit_config/bin'
[4.171s] INFO:colcon.colcon_core.shell:Creating package script '/home/caden/Documents/rotom/src/ros2_ws/install/rotom_moveit_config/share/rotom_moveit_config/package.ps1'
[4.172s] INFO:colcon.colcon_core.shell:Creating package descriptor '/home/caden/Documents/rotom/src/ros2_ws/install/rotom_moveit_config/share/rotom_moveit_config/package.dsv'
[4.173s] INFO:colcon.colcon_core.shell:Creating package script '/home/caden/Documents/rotom/src/ros2_ws/install/rotom_moveit_config/share/rotom_moveit_config/package.sh'
[4.174s] INFO:colcon.colcon_core.shell:Creating package script '/home/caden/Documents/rotom/src/ros2_ws/install/rotom_moveit_config/share/rotom_moveit_config/package.bash'
[4.175s] INFO:colcon.colcon_core.shell:Creating package script '/home/caden/Documents/rotom/src/ros2_ws/install/rotom_moveit_config/share/rotom_moveit_config/package.zsh'
[4.176s] Level 1:colcon.colcon_core.environment:create_file_with_runtime_dependencies(/home/caden/Documents/rotom/src/ros2_ws/install/rotom_moveit_config/share/colcon-core/packages/rotom_moveit_config)
[4.178s] DEBUG:colcon.colcon_parallel_executor.executor.parallel:closing loop
[4.178s] DEBUG:colcon.colcon_parallel_executor.executor.parallel:loop closed
[4.179s] DEBUG:colcon.colcon_parallel_executor.executor.parallel:run_until_complete finished with '0'
[4.179s] DEBUG:colcon.colcon_core.event_reactor:joining thread
[4.195s] INFO:colcon.colcon_core.plugin_system:Skipping extension 'colcon_notification.desktop_notification.terminal_notifier': Not used on non-Darwin systems
[4.195s] INFO:colcon.colcon_core.plugin_system:Skipping extension 'colcon_notification.desktop_notification.win32': Not used on non-Windows systems
[4.196s] INFO:colcon.colcon_notification.desktop_notification:Sending desktop notification using 'notify2'
[4.225s] DEBUG:colcon.colcon_core.event_reactor:joined thread
[4.227s] INFO:colcon.colcon_core.shell:Creating prefix script '/home/caden/Documents/rotom/src/ros2_ws/install/local_setup.ps1'
[4.231s] INFO:colcon.colcon_core.shell:Creating prefix util module '/home/caden/Documents/rotom/src/ros2_ws/install/_local_setup_util_ps1.py'
[4.236s] INFO:colcon.colcon_core.shell:Creating prefix chain script '/home/caden/Documents/rotom/src/ros2_ws/install/setup.ps1'
[4.239s] INFO:colcon.colcon_core.shell:Creating prefix script '/home/caden/Documents/rotom/src/ros2_ws/install/local_setup.sh'
[4.243s] INFO:colcon.colcon_core.shell:Creating prefix util module '/home/caden/Documents/rotom/src/ros2_ws/install/_local_setup_util_sh.py'
[4.245s] INFO:colcon.colcon_core.shell:Creating prefix chain script '/home/caden/Documents/rotom/src/ros2_ws/install/setup.sh'
[4.249s] INFO:colcon.colcon_core.shell:Creating prefix script '/home/caden/Documents/rotom/src/ros2_ws/install/local_setup.bash'
[4.251s] INFO:colcon.colcon_core.shell:Creating prefix chain script '/home/caden/Documents/rotom/src/ros2_ws/install/setup.bash'
[4.254s] INFO:colcon.colcon_core.shell:Creating prefix script '/home/caden/Documents/rotom/src/ros2_ws/install/local_setup.zsh'
[4.256s] INFO:colcon.colcon_core.shell:Creating prefix chain script '/home/caden/Documents/rotom/src/ros2_ws/install/setup.zsh'
