[1.354s] Invoking command in '/home/caden/Documents/rotom/src/ros2_ws/src/rotom_description': CONDA_PROMPT_MODIFIER=(rotom) PYTHONPATH=/home/caden/Documents/rotom/src/ros2_ws/build/rotom_description/prefix_override:/usr/lib/python3/dist-packages/colcon_core/task/python/colcon_distutils_commands:/home/caden/Documents/rotom/src/ros2_ws/install/rotom_description/lib/python3.10/site-packages:${PYTHONPATH} /usr/bin/python3 -W ignore:setup.py install is deprecated -W ignore:easy_install command is deprecated setup.py egg_info --egg-base ../../build/rotom_description build --build-base /home/caden/Documents/rotom/src/ros2_ws/build/rotom_description/build install --record /home/caden/Documents/rotom/src/ros2_ws/build/rotom_description/install.log --single-version-externally-managed install_data
[1.839s] running egg_info
[1.841s] writing ../../build/rotom_description/rotom_description.egg-info/PKG-INFO
[1.842s] writing dependency_links to ../../build/rotom_description/rotom_description.egg-info/dependency_links.txt
[1.843s] writing entry points to ../../build/rotom_description/rotom_description.egg-info/entry_points.txt
[1.843s] writing requirements to ../../build/rotom_description/rotom_description.egg-info/requires.txt
[1.844s] writing top-level names to ../../build/rotom_description/rotom_description.egg-info/top_level.txt
[1.845s] reading manifest file '../../build/rotom_description/rotom_description.egg-info/SOURCES.txt'
[1.847s] writing manifest file '../../build/rotom_description/rotom_description.egg-info/SOURCES.txt'
[1.848s] running build
[1.848s] running build_py
[1.848s] running install
[1.848s] running install_lib
[1.850s] running install_data
[1.851s] copying urdf/rotom.urdf.xacro -> /home/caden/Documents/rotom/src/ros2_ws/install/rotom_description/share/rotom_description/urdf
[1.852s] running install_egg_info
[1.857s] removing '/home/caden/Documents/rotom/src/ros2_ws/install/rotom_description/lib/python3.10/site-packages/rotom_description-0.0.0-py3.10.egg-info' (and everything under it)
[1.858s] Copying ../../build/rotom_description/rotom_description.egg-info to /home/caden/Documents/rotom/src/ros2_ws/install/rotom_description/lib/python3.10/site-packages/rotom_description-0.0.0-py3.10.egg-info
[1.861s] running install_scripts
[1.902s] writing list of installed files to '/home/caden/Documents/rotom/src/ros2_ws/build/rotom_description/install.log'
[1.971s] Invoked command in '/home/caden/Documents/rotom/src/ros2_ws/src/rotom_description' returned '0': CONDA_PROMPT_MODIFIER=(rotom) PYTHONPATH=/home/caden/Documents/rotom/src/ros2_ws/build/rotom_description/prefix_override:/usr/lib/python3/dist-packages/colcon_core/task/python/colcon_distutils_commands:/home/caden/Documents/rotom/src/ros2_ws/install/rotom_description/lib/python3.10/site-packages:${PYTHONPATH} /usr/bin/python3 -W ignore:setup.py install is deprecated -W ignore:easy_install command is deprecated setup.py egg_info --egg-base ../../build/rotom_description build --build-base /home/caden/Documents/rotom/src/ros2_ws/build/rotom_description/build install --record /home/caden/Documents/rotom/src/ros2_ws/build/rotom_description/install.log --single-version-externally-managed install_data
