[0.337s] DEBUG:colcon:Command line arguments: ['/usr/bin/colcon', 'build', '--symlink-install', '--cmake-args', '-DPython3_EXECUTABLE=/usr/bin/python3']
[0.337s] DEBUG:colcon:Parsed command line arguments: Namespace(log_base=None, log_level=None, verb_name='build', build_base='build', install_base='install', merge_install=False, symlink_install=True, test_result_base=None, continue_on_error=False, executor='parallel', parallel_workers=6, event_handlers=None, ignore_user_meta=False, metas=['./colcon.meta'], base_paths=['.'], packages_ignore=None, packages_ignore_regex=None, paths=None, packages_up_to=None, packages_up_to_regex=None, packages_above=None, packages_above_and_dependencies=None, packages_above_depth=None, packages_select_by_dep=None, packages_skip_by_dep=None, packages_skip_up_to=None, packages_select_build_failed=False, packages_skip_build_finished=False, packages_select_test_failures=False, packages_skip_test_passed=False, packages_select=None, packages_skip=None, packages_select_regex=None, packages_skip_regex=None, packages_start=None, packages_end=None, allow_overriding=[], cmake_args=['-DPython3_EXECUTABLE=/usr/bin/python3'], cmake_target=None, cmake_target_skip_unavailable=False, cmake_clean_cache=False, cmake_clean_first=False, cmake_force_configure=False, ament_cmake_args=None, catkin_cmake_args=None, catkin_skip_building_tests=False, mixin_files=None, mixin=None, verb_parser=<colcon_mixin.mixin.mixin_argument.MixinArgumentDecorator object at 0xffff8173f7f0>, verb_extension=<colcon_core.verb.build.BuildVerb object at 0xffff8173eb90>, main=<bound method BuildVerb.main of <colcon_core.verb.build.BuildVerb object at 0xffff8173eb90>>, mixin_verb=('build',))
[0.794s] Level 1:colcon.colcon_core.package_discovery:discover_packages(colcon_meta) check parameters
[0.795s] Level 1:colcon.colcon_core.package_discovery:discover_packages(recursive) check parameters
[0.795s] Level 1:colcon.colcon_core.package_discovery:discover_packages(ignore) check parameters
[0.795s] Level 1:colcon.colcon_core.package_discovery:discover_packages(path) check parameters
[0.795s] Level 1:colcon.colcon_core.package_discovery:discover_packages(colcon_meta) discover
[0.795s] Level 1:colcon.colcon_core.package_discovery:discover_packages(recursive) discover
[0.795s] INFO:colcon.colcon_core.package_discovery:Crawling recursively for packages in '/home/caden/Documents/rotom/src/ros2_ws'
[0.796s] Level 1:colcon.colcon_core.package_identification:_identify(.) by extensions ['ignore', 'ignore_ament_install']
[0.796s] Level 1:colcon.colcon_core.package_identification:_identify(.) by extension 'ignore'
[0.796s] Level 1:colcon.colcon_core.package_identification:_identify(.) by extension 'ignore_ament_install'
[0.797s] Level 1:colcon.colcon_core.package_identification:_identify(.) by extensions ['colcon_pkg']
[0.797s] Level 1:colcon.colcon_core.package_identification:_identify(.) by extension 'colcon_pkg'
[0.797s] Level 1:colcon.colcon_core.package_identification:_identify(.) by extensions ['colcon_meta']
[0.797s] Level 1:colcon.colcon_core.package_identification:_identify(.) by extension 'colcon_meta'
[0.797s] Level 1:colcon.colcon_core.package_identification:_identify(.) by extensions ['ros']
[0.797s] Level 1:colcon.colcon_core.package_identification:_identify(.) by extension 'ros'
[0.853s] Level 1:colcon.colcon_core.package_identification:_identify(.) by extensions ['cmake', 'python']
[0.853s] Level 1:colcon.colcon_core.package_identification:_identify(.) by extension 'cmake'
[0.853s] Level 1:colcon.colcon_core.package_identification:_identify(.) by extension 'python'
[0.853s] Level 1:colcon.colcon_core.package_identification:_identify(.) by extensions ['python_setup_py']
[0.853s] Level 1:colcon.colcon_core.package_identification:_identify(.) by extension 'python_setup_py'
[0.854s] Level 1:colcon.colcon_core.package_identification:_identify(build) by extensions ['ignore', 'ignore_ament_install']
[0.854s] Level 1:colcon.colcon_core.package_identification:_identify(build) by extension 'ignore'
[0.854s] Level 1:colcon.colcon_core.package_identification:_identify(build) ignored
[0.854s] Level 1:colcon.colcon_core.package_identification:_identify(install) by extensions ['ignore', 'ignore_ament_install']
[0.855s] Level 1:colcon.colcon_core.package_identification:_identify(install) by extension 'ignore'
[0.855s] Level 1:colcon.colcon_core.package_identification:_identify(install) ignored
[0.855s] Level 1:colcon.colcon_core.package_identification:_identify(log) by extensions ['ignore', 'ignore_ament_install']
[0.855s] Level 1:colcon.colcon_core.package_identification:_identify(log) by extension 'ignore'
[0.855s] Level 1:colcon.colcon_core.package_identification:_identify(log) ignored
[0.855s] Level 1:colcon.colcon_core.package_identification:_identify(src) by extensions ['ignore', 'ignore_ament_install']
[0.856s] Level 1:colcon.colcon_core.package_identification:_identify(src) by extension 'ignore'
[0.856s] Level 1:colcon.colcon_core.package_identification:_identify(src) by extension 'ignore_ament_install'
[0.856s] Level 1:colcon.colcon_core.package_identification:_identify(src) by extensions ['colcon_pkg']
[0.856s] Level 1:colcon.colcon_core.package_identification:_identify(src) by extension 'colcon_pkg'
[0.856s] Level 1:colcon.colcon_core.package_identification:_identify(src) by extensions ['colcon_meta']
[0.856s] Level 1:colcon.colcon_core.package_identification:_identify(src) by extension 'colcon_meta'
[0.856s] Level 1:colcon.colcon_core.package_identification:_identify(src) by extensions ['ros']
[0.856s] Level 1:colcon.colcon_core.package_identification:_identify(src) by extension 'ros'
[0.857s] Level 1:colcon.colcon_core.package_identification:_identify(src) by extensions ['cmake', 'python']
[0.857s] Level 1:colcon.colcon_core.package_identification:_identify(src) by extension 'cmake'
[0.857s] Level 1:colcon.colcon_core.package_identification:_identify(src) by extension 'python'
[0.857s] Level 1:colcon.colcon_core.package_identification:_identify(src) by extensions ['python_setup_py']
[0.857s] Level 1:colcon.colcon_core.package_identification:_identify(src) by extension 'python_setup_py'
[0.857s] Level 1:colcon.colcon_core.package_identification:_identify(src/rotom_control) by extensions ['ignore', 'ignore_ament_install']
[0.857s] Level 1:colcon.colcon_core.package_identification:_identify(src/rotom_control) by extension 'ignore'
[0.858s] Level 1:colcon.colcon_core.package_identification:_identify(src/rotom_control) by extension 'ignore_ament_install'
[0.858s] Level 1:colcon.colcon_core.package_identification:_identify(src/rotom_control) by extensions ['colcon_pkg']
[0.858s] Level 1:colcon.colcon_core.package_identification:_identify(src/rotom_control) by extension 'colcon_pkg'
[0.858s] Level 1:colcon.colcon_core.package_identification:_identify(src/rotom_control) by extensions ['colcon_meta']
[0.858s] Level 1:colcon.colcon_core.package_identification:_identify(src/rotom_control) by extension 'colcon_meta'
[0.858s] Level 1:colcon.colcon_core.package_identification:_identify(src/rotom_control) by extensions ['ros']
[0.858s] Level 1:colcon.colcon_core.package_identification:_identify(src/rotom_control) by extension 'ros'
[0.864s] DEBUG:colcon.colcon_core.package_identification:Package 'src/rotom_control' with type 'ros.ament_python' and name 'rotom_control'
[0.865s] Level 1:colcon.colcon_core.package_identification:_identify(src/rotom_description) by extensions ['ignore', 'ignore_ament_install']
[0.865s] Level 1:colcon.colcon_core.package_identification:_identify(src/rotom_description) by extension 'ignore'
[0.865s] Level 1:colcon.colcon_core.package_identification:_identify(src/rotom_description) by extension 'ignore_ament_install'
[0.865s] Level 1:colcon.colcon_core.package_identification:_identify(src/rotom_description) by extensions ['colcon_pkg']
[0.865s] Level 1:colcon.colcon_core.package_identification:_identify(src/rotom_description) by extension 'colcon_pkg'
[0.865s] Level 1:colcon.colcon_core.package_identification:_identify(src/rotom_description) by extensions ['colcon_meta']
[0.866s] Level 1:colcon.colcon_core.package_identification:_identify(src/rotom_description) by extension 'colcon_meta'
[0.866s] Level 1:colcon.colcon_core.package_identification:_identify(src/rotom_description) by extensions ['ros']
[0.866s] Level 1:colcon.colcon_core.package_identification:_identify(src/rotom_description) by extension 'ros'
[0.868s] DEBUG:colcon.colcon_core.package_identification:Package 'src/rotom_description' with type 'ros.ament_python' and name 'rotom_description'
[0.868s] Level 1:colcon.colcon_core.package_identification:_identify(src/rotom_moveit_config) by extensions ['ignore', 'ignore_ament_install']
[0.869s] Level 1:colcon.colcon_core.package_identification:_identify(src/rotom_moveit_config) by extension 'ignore'
[0.869s] Level 1:colcon.colcon_core.package_identification:_identify(src/rotom_moveit_config) by extension 'ignore_ament_install'
[0.869s] Level 1:colcon.colcon_core.package_identification:_identify(src/rotom_moveit_config) by extensions ['colcon_pkg']
[0.869s] Level 1:colcon.colcon_core.package_identification:_identify(src/rotom_moveit_config) by extension 'colcon_pkg'
[0.869s] Level 1:colcon.colcon_core.package_identification:_identify(src/rotom_moveit_config) by extensions ['colcon_meta']
[0.869s] Level 1:colcon.colcon_core.package_identification:_identify(src/rotom_moveit_config) by extension 'colcon_meta'
[0.869s] Level 1:colcon.colcon_core.package_identification:_identify(src/rotom_moveit_config) by extensions ['ros']
[0.869s] Level 1:colcon.colcon_core.package_identification:_identify(src/rotom_moveit_config) by extension 'ros'
[0.871s] DEBUG:colcon.colcon_core.package_identification:Package 'src/rotom_moveit_config' with type 'ros.ament_cmake' and name 'rotom_moveit_config'
[0.871s] Level 1:colcon.colcon_core.package_discovery:discover_packages(recursive) using defaults
[0.871s] Level 1:colcon.colcon_core.package_discovery:discover_packages(ignore) discover
[0.872s] Level 1:colcon.colcon_core.package_discovery:discover_packages(ignore) using defaults
[0.872s] Level 1:colcon.colcon_core.package_discovery:discover_packages(path) discover
[0.872s] Level 1:colcon.colcon_core.package_discovery:discover_packages(path) using defaults
[0.923s] Level 1:colcon.colcon_core.package_discovery:discover_packages(prefix_path) check parameters
[0.923s] Level 1:colcon.colcon_core.package_discovery:discover_packages(prefix_path) discover
[0.926s] WARNING:colcon.colcon_ros.prefix_path.ament:The path '/home/caden/Documents/rotom/src/ros2_ws/install/rotom_moveit_config' in the environment variable AMENT_PREFIX_PATH doesn't exist
[0.926s] WARNING:colcon.colcon_ros.prefix_path.ament:The path '/home/caden/Documents/rotom/src/ros2_ws/install/rotom_description' in the environment variable AMENT_PREFIX_PATH doesn't exist
[0.926s] WARNING:colcon.colcon_ros.prefix_path.ament:The path '/home/caden/Documents/rotom/src/ros2_ws/install/rotom_control' in the environment variable AMENT_PREFIX_PATH doesn't exist
[0.927s] WARNING:colcon.colcon_ros.prefix_path.catkin:The path '/home/caden/Documents/rotom/src/ros2_ws/install/rotom_moveit_config' in the environment variable CMAKE_PREFIX_PATH doesn't exist
[0.928s] DEBUG:colcon.colcon_installed_package_information.package_discovery:Found 0 installed packages in /home/caden/Documents/rotom/src/ros2_ws/install
[0.932s] DEBUG:colcon.colcon_installed_package_information.package_discovery:Found 384 installed packages in /opt/ros/humble
[0.937s] Level 1:colcon.colcon_core.package_discovery:discover_packages(prefix_path) using defaults
[1.058s] Level 5:colcon.colcon_core.verb:set package 'rotom_control' build argument 'cmake_args' from command line to '['-DPython3_EXECUTABLE=/usr/bin/python3']'
[1.058s] Level 5:colcon.colcon_core.verb:set package 'rotom_control' build argument 'cmake_target' from command line to 'None'
[1.058s] Level 5:colcon.colcon_core.verb:set package 'rotom_control' build argument 'cmake_target_skip_unavailable' from command line to 'False'
[1.058s] Level 5:colcon.colcon_core.verb:set package 'rotom_control' build argument 'cmake_clean_cache' from command line to 'False'
[1.058s] Level 5:colcon.colcon_core.verb:set package 'rotom_control' build argument 'cmake_clean_first' from command line to 'False'
[1.058s] Level 5:colcon.colcon_core.verb:set package 'rotom_control' build argument 'cmake_force_configure' from command line to 'False'
[1.058s] Level 5:colcon.colcon_core.verb:set package 'rotom_control' build argument 'ament_cmake_args' from command line to 'None'
[1.058s] Level 5:colcon.colcon_core.verb:set package 'rotom_control' build argument 'catkin_cmake_args' from command line to 'None'
[1.058s] Level 5:colcon.colcon_core.verb:set package 'rotom_control' build argument 'catkin_skip_building_tests' from command line to 'False'
[1.058s] DEBUG:colcon.colcon_core.verb:Building package 'rotom_control' with the following arguments: {'ament_cmake_args': None, 'build_base': '/home/caden/Documents/rotom/src/ros2_ws/build/rotom_control', 'catkin_cmake_args': None, 'catkin_skip_building_tests': False, 'cmake_args': ['-DPython3_EXECUTABLE=/usr/bin/python3'], 'cmake_clean_cache': False, 'cmake_clean_first': False, 'cmake_force_configure': False, 'cmake_target': None, 'cmake_target_skip_unavailable': False, 'install_base': '/home/caden/Documents/rotom/src/ros2_ws/install/rotom_control', 'merge_install': False, 'path': '/home/caden/Documents/rotom/src/ros2_ws/src/rotom_control', 'symlink_install': True, 'test_result_base': None}
[1.059s] Level 5:colcon.colcon_core.verb:set package 'rotom_description' build argument 'cmake_args' from command line to '['-DPython3_EXECUTABLE=/usr/bin/python3']'
[1.059s] Level 5:colcon.colcon_core.verb:set package 'rotom_description' build argument 'cmake_target' from command line to 'None'
[1.059s] Level 5:colcon.colcon_core.verb:set package 'rotom_description' build argument 'cmake_target_skip_unavailable' from command line to 'False'
[1.059s] Level 5:colcon.colcon_core.verb:set package 'rotom_description' build argument 'cmake_clean_cache' from command line to 'False'
[1.059s] Level 5:colcon.colcon_core.verb:set package 'rotom_description' build argument 'cmake_clean_first' from command line to 'False'
[1.060s] Level 5:colcon.colcon_core.verb:set package 'rotom_description' build argument 'cmake_force_configure' from command line to 'False'
[1.060s] Level 5:colcon.colcon_core.verb:set package 'rotom_description' build argument 'ament_cmake_args' from command line to 'None'
[1.060s] Level 5:colcon.colcon_core.verb:set package 'rotom_description' build argument 'catkin_cmake_args' from command line to 'None'
[1.060s] Level 5:colcon.colcon_core.verb:set package 'rotom_description' build argument 'catkin_skip_building_tests' from command line to 'False'
[1.060s] DEBUG:colcon.colcon_core.verb:Building package 'rotom_description' with the following arguments: {'ament_cmake_args': None, 'build_base': '/home/caden/Documents/rotom/src/ros2_ws/build/rotom_description', 'catkin_cmake_args': None, 'catkin_skip_building_tests': False, 'cmake_args': ['-DPython3_EXECUTABLE=/usr/bin/python3'], 'cmake_clean_cache': False, 'cmake_clean_first': False, 'cmake_force_configure': False, 'cmake_target': None, 'cmake_target_skip_unavailable': False, 'install_base': '/home/caden/Documents/rotom/src/ros2_ws/install/rotom_description', 'merge_install': False, 'path': '/home/caden/Documents/rotom/src/ros2_ws/src/rotom_description', 'symlink_install': True, 'test_result_base': None}
[1.060s] Level 5:colcon.colcon_core.verb:set package 'rotom_moveit_config' build argument 'cmake_args' from command line to '['-DPython3_EXECUTABLE=/usr/bin/python3']'
[1.061s] Level 5:colcon.colcon_core.verb:set package 'rotom_moveit_config' build argument 'cmake_target' from command line to 'None'
[1.061s] Level 5:colcon.colcon_core.verb:set package 'rotom_moveit_config' build argument 'cmake_target_skip_unavailable' from command line to 'False'
[1.061s] Level 5:colcon.colcon_core.verb:set package 'rotom_moveit_config' build argument 'cmake_clean_cache' from command line to 'False'
[1.061s] Level 5:colcon.colcon_core.verb:set package 'rotom_moveit_config' build argument 'cmake_clean_first' from command line to 'False'
[1.061s] Level 5:colcon.colcon_core.verb:set package 'rotom_moveit_config' build argument 'cmake_force_configure' from command line to 'False'
[1.061s] Level 5:colcon.colcon_core.verb:set package 'rotom_moveit_config' build argument 'ament_cmake_args' from command line to 'None'
[1.061s] Level 5:colcon.colcon_core.verb:set package 'rotom_moveit_config' build argument 'catkin_cmake_args' from command line to 'None'
[1.061s] Level 5:colcon.colcon_core.verb:set package 'rotom_moveit_config' build argument 'catkin_skip_building_tests' from command line to 'False'
[1.061s] DEBUG:colcon.colcon_core.verb:Building package 'rotom_moveit_config' with the following arguments: {'ament_cmake_args': None, 'build_base': '/home/caden/Documents/rotom/src/ros2_ws/build/rotom_moveit_config', 'catkin_cmake_args': None, 'catkin_skip_building_tests': False, 'cmake_args': ['-DPython3_EXECUTABLE=/usr/bin/python3'], 'cmake_clean_cache': False, 'cmake_clean_first': False, 'cmake_force_configure': False, 'cmake_target': None, 'cmake_target_skip_unavailable': False, 'install_base': '/home/caden/Documents/rotom/src/ros2_ws/install/rotom_moveit_config', 'merge_install': False, 'path': '/home/caden/Documents/rotom/src/ros2_ws/src/rotom_moveit_config', 'symlink_install': True, 'test_result_base': None}
[1.061s] INFO:colcon.colcon_core.executor:Executing jobs using 'parallel' executor
[1.064s] DEBUG:colcon.colcon_parallel_executor.executor.parallel:run_until_complete
[1.065s] INFO:colcon.colcon_ros.task.ament_python.build:Building ROS package in '/home/caden/Documents/rotom/src/ros2_ws/src/rotom_description' with build type 'ament_python'
[1.065s] Level 1:colcon.colcon_core.shell:create_environment_hook('rotom_description', 'ament_prefix_path')
[1.071s] INFO:colcon.colcon_core.plugin_system:Skipping extension 'colcon_core.shell.bat': Not used on non-Windows systems
[1.072s] INFO:colcon.colcon_core.shell:Creating environment hook '/home/caden/Documents/rotom/src/ros2_ws/install/rotom_description/share/rotom_description/hook/ament_prefix_path.ps1'
[1.074s] INFO:colcon.colcon_core.shell:Creating environment descriptor '/home/caden/Documents/rotom/src/ros2_ws/install/rotom_description/share/rotom_description/hook/ament_prefix_path.dsv'
[1.075s] INFO:colcon.colcon_core.shell:Creating environment hook '/home/caden/Documents/rotom/src/ros2_ws/install/rotom_description/share/rotom_description/hook/ament_prefix_path.sh'
[1.077s] INFO:colcon.colcon_core.shell:Skip shell extension 'powershell' for command environment: Not usable outside of PowerShell
[1.077s] DEBUG:colcon.colcon_core.shell:Skip shell extension 'dsv' for command environment
[1.084s] INFO:colcon.colcon_ros.task.ament_python.build:Building ROS package in '/home/caden/Documents/rotom/src/ros2_ws/src/rotom_control' with build type 'ament_python'
[1.085s] Level 1:colcon.colcon_core.shell:create_environment_hook('rotom_control', 'ament_prefix_path')
[1.086s] INFO:colcon.colcon_core.shell:Creating environment hook '/home/caden/Documents/rotom/src/ros2_ws/install/rotom_control/share/rotom_control/hook/ament_prefix_path.ps1'
[1.087s] INFO:colcon.colcon_core.shell:Creating environment descriptor '/home/caden/Documents/rotom/src/ros2_ws/install/rotom_control/share/rotom_control/hook/ament_prefix_path.dsv'
[1.089s] INFO:colcon.colcon_core.shell:Creating environment hook '/home/caden/Documents/rotom/src/ros2_ws/install/rotom_control/share/rotom_control/hook/ament_prefix_path.sh'
[1.090s] INFO:colcon.colcon_core.shell:Skip shell extension 'powershell' for command environment: Not usable outside of PowerShell
[1.091s] DEBUG:colcon.colcon_core.shell:Skip shell extension 'dsv' for command environment
[1.812s] INFO:colcon.colcon_core.task.python.build:Building Python package in '/home/caden/Documents/rotom/src/ros2_ws/src/rotom_description'
[1.813s] INFO:colcon.colcon_core.shell:Skip shell extension 'powershell' for command environment: Not usable outside of PowerShell
[1.813s] DEBUG:colcon.colcon_core.shell:Skip shell extension 'dsv' for command environment
[2.532s] INFO:colcon.colcon_core.task.python.build:Building Python package in '/home/caden/Documents/rotom/src/ros2_ws/src/rotom_control'
[2.533s] INFO:colcon.colcon_core.shell:Skip shell extension 'powershell' for command environment: Not usable outside of PowerShell
[2.533s] DEBUG:colcon.colcon_core.shell:Skip shell extension 'dsv' for command environment
[3.530s] DEBUG:colcon.colcon_core.event_handler.log_command:Invoking command in '/home/caden/Documents/rotom/src/ros2_ws/build/rotom_description': PIXI_PROMPT=(rotom) PYTHONPATH=/home/caden/Documents/rotom/src/ros2_ws/build/rotom_description/prefix_override:/usr/lib/python3/dist-packages/colcon_core/task/python/colcon_distutils_commands:/home/caden/Documents/rotom/src/ros2_ws/install/rotom_description/lib/python3.10/site-packages:${PYTHONPATH} /usr/bin/python3 -W ignore:setup.py install is deprecated -W ignore:easy_install command is deprecated setup.py develop --editable --build-directory /home/caden/Documents/rotom/src/ros2_ws/build/rotom_description/build --no-deps symlink_data
[3.539s] DEBUG:colcon.colcon_core.event_handler.log_command:Invoking command in '/home/caden/Documents/rotom/src/ros2_ws/build/rotom_control': PIXI_PROMPT=(rotom) PYTHONPATH=/home/caden/Documents/rotom/src/ros2_ws/build/rotom_control/prefix_override:/usr/lib/python3/dist-packages/colcon_core/task/python/colcon_distutils_commands:/home/caden/Documents/rotom/src/ros2_ws/install/rotom_control/lib/python3.10/site-packages:${PYTHONPATH} /usr/bin/python3 -W ignore:setup.py install is deprecated -W ignore:easy_install command is deprecated setup.py develop --editable --build-directory /home/caden/Documents/rotom/src/ros2_ws/build/rotom_control/build --no-deps symlink_data
[4.833s] Level 1:colcon.colcon_core.shell:create_environment_hook('rotom_control', 'pythonpath_develop')
[4.834s] INFO:colcon.colcon_core.shell:Creating environment hook '/home/caden/Documents/rotom/src/ros2_ws/build/rotom_control/share/rotom_control/hook/pythonpath_develop.ps1'
[4.836s] INFO:colcon.colcon_core.shell:Creating environment descriptor '/home/caden/Documents/rotom/src/ros2_ws/build/rotom_control/share/rotom_control/hook/pythonpath_develop.dsv'
[4.837s] INFO:colcon.colcon_core.shell:Creating environment hook '/home/caden/Documents/rotom/src/ros2_ws/build/rotom_control/share/rotom_control/hook/pythonpath_develop.sh'
[4.841s] DEBUG:colcon.colcon_core.event_handler.log_command:Invoked command in '/home/caden/Documents/rotom/src/ros2_ws/build/rotom_control' returned '0': PIXI_PROMPT=(rotom) PYTHONPATH=/home/caden/Documents/rotom/src/ros2_ws/build/rotom_control/prefix_override:/usr/lib/python3/dist-packages/colcon_core/task/python/colcon_distutils_commands:/home/caden/Documents/rotom/src/ros2_ws/install/rotom_control/lib/python3.10/site-packages:${PYTHONPATH} /usr/bin/python3 -W ignore:setup.py install is deprecated -W ignore:easy_install command is deprecated setup.py develop --editable --build-directory /home/caden/Documents/rotom/src/ros2_ws/build/rotom_control/build --no-deps symlink_data
[4.849s] Level 1:colcon.colcon_core.environment:checking '/home/caden/Documents/rotom/src/ros2_ws/install/rotom_control' for CMake module files
[4.850s] Level 1:colcon.colcon_core.environment:checking '/home/caden/Documents/rotom/src/ros2_ws/install/rotom_control' for CMake config files
[4.852s] Level 1:colcon.colcon_core.environment:checking '/home/caden/Documents/rotom/src/ros2_ws/install/rotom_control/lib'
[4.853s] Level 1:colcon.colcon_core.environment:checking '/home/caden/Documents/rotom/src/ros2_ws/install/rotom_control/bin'
[4.853s] Level 1:colcon.colcon_core.environment:checking '/home/caden/Documents/rotom/src/ros2_ws/install/rotom_control/lib/pkgconfig/rotom_control.pc'
[4.853s] Level 1:colcon.colcon_core.environment:checking '/home/caden/Documents/rotom/src/ros2_ws/install/rotom_control/lib/python3.10/site-packages'
[4.854s] Level 1:colcon.colcon_core.shell:create_environment_hook('rotom_control', 'pythonpath')
[4.854s] INFO:colcon.colcon_core.shell:Creating environment hook '/home/caden/Documents/rotom/src/ros2_ws/install/rotom_control/share/rotom_control/hook/pythonpath.ps1'
[4.856s] INFO:colcon.colcon_core.shell:Creating environment descriptor '/home/caden/Documents/rotom/src/ros2_ws/install/rotom_control/share/rotom_control/hook/pythonpath.dsv'
[4.857s] INFO:colcon.colcon_core.shell:Creating environment hook '/home/caden/Documents/rotom/src/ros2_ws/install/rotom_control/share/rotom_control/hook/pythonpath.sh'
[4.859s] Level 1:colcon.colcon_core.environment:checking '/home/caden/Documents/rotom/src/ros2_ws/install/rotom_control/bin'
[4.860s] Level 1:colcon.colcon_core.environment:create_environment_scripts_only(rotom_control)
[4.861s] INFO:colcon.colcon_core.shell:Creating package script '/home/caden/Documents/rotom/src/ros2_ws/install/rotom_control/share/rotom_control/package.ps1'
[4.863s] INFO:colcon.colcon_core.shell:Creating package descriptor '/home/caden/Documents/rotom/src/ros2_ws/install/rotom_control/share/rotom_control/package.dsv'
[4.864s] INFO:colcon.colcon_core.shell:Creating package script '/home/caden/Documents/rotom/src/ros2_ws/install/rotom_control/share/rotom_control/package.sh'
[4.866s] INFO:colcon.colcon_core.shell:Creating package script '/home/caden/Documents/rotom/src/ros2_ws/install/rotom_control/share/rotom_control/package.bash'
[4.868s] INFO:colcon.colcon_core.shell:Creating package script '/home/caden/Documents/rotom/src/ros2_ws/install/rotom_control/share/rotom_control/package.zsh'
[4.870s] Level 1:colcon.colcon_core.environment:create_file_with_runtime_dependencies(/home/caden/Documents/rotom/src/ros2_ws/install/rotom_control/share/colcon-core/packages/rotom_control)
[4.880s] Level 1:colcon.colcon_core.shell:create_environment_hook('rotom_description', 'pythonpath_develop')
[4.881s] INFO:colcon.colcon_core.shell:Creating environment hook '/home/caden/Documents/rotom/src/ros2_ws/build/rotom_description/share/rotom_description/hook/pythonpath_develop.ps1'
[4.882s] DEBUG:colcon.colcon_core.event_handler.log_command:Invoked command in '/home/caden/Documents/rotom/src/ros2_ws/build/rotom_description' returned '0': PIXI_PROMPT=(rotom) PYTHONPATH=/home/caden/Documents/rotom/src/ros2_ws/build/rotom_description/prefix_override:/usr/lib/python3/dist-packages/colcon_core/task/python/colcon_distutils_commands:/home/caden/Documents/rotom/src/ros2_ws/install/rotom_description/lib/python3.10/site-packages:${PYTHONPATH} /usr/bin/python3 -W ignore:setup.py install is deprecated -W ignore:easy_install command is deprecated setup.py develop --editable --build-directory /home/caden/Documents/rotom/src/ros2_ws/build/rotom_description/build --no-deps symlink_data
[4.884s] INFO:colcon.colcon_core.shell:Creating environment descriptor '/home/caden/Documents/rotom/src/ros2_ws/build/rotom_description/share/rotom_description/hook/pythonpath_develop.dsv'
[4.885s] INFO:colcon.colcon_core.shell:Creating environment hook '/home/caden/Documents/rotom/src/ros2_ws/build/rotom_description/share/rotom_description/hook/pythonpath_develop.sh'
[4.887s] Level 1:colcon.colcon_core.environment:checking '/home/caden/Documents/rotom/src/ros2_ws/install/rotom_description' for CMake module files
[4.888s] Level 1:colcon.colcon_core.environment:checking '/home/caden/Documents/rotom/src/ros2_ws/install/rotom_description' for CMake config files
[4.892s] Level 1:colcon.colcon_core.environment:checking '/home/caden/Documents/rotom/src/ros2_ws/install/rotom_description/lib'
[4.892s] Level 1:colcon.colcon_core.environment:checking '/home/caden/Documents/rotom/src/ros2_ws/install/rotom_description/bin'
[4.892s] Level 1:colcon.colcon_core.environment:checking '/home/caden/Documents/rotom/src/ros2_ws/install/rotom_description/lib/pkgconfig/rotom_description.pc'
[4.893s] Level 1:colcon.colcon_core.environment:checking '/home/caden/Documents/rotom/src/ros2_ws/install/rotom_description/lib/python3.10/site-packages'
[4.893s] Level 1:colcon.colcon_core.shell:create_environment_hook('rotom_description', 'pythonpath')
[4.894s] INFO:colcon.colcon_core.shell:Creating environment hook '/home/caden/Documents/rotom/src/ros2_ws/install/rotom_description/share/rotom_description/hook/pythonpath.ps1'
[4.895s] INFO:colcon.colcon_core.shell:Creating environment descriptor '/home/caden/Documents/rotom/src/ros2_ws/install/rotom_description/share/rotom_description/hook/pythonpath.dsv'
[4.897s] INFO:colcon.colcon_core.shell:Creating environment hook '/home/caden/Documents/rotom/src/ros2_ws/install/rotom_description/share/rotom_description/hook/pythonpath.sh'
[4.899s] Level 1:colcon.colcon_core.environment:checking '/home/caden/Documents/rotom/src/ros2_ws/install/rotom_description/bin'
[4.899s] Level 1:colcon.colcon_core.environment:create_environment_scripts_only(rotom_description)
[4.900s] INFO:colcon.colcon_core.shell:Creating package script '/home/caden/Documents/rotom/src/ros2_ws/install/rotom_description/share/rotom_description/package.ps1'
[4.901s] INFO:colcon.colcon_core.shell:Creating package descriptor '/home/caden/Documents/rotom/src/ros2_ws/install/rotom_description/share/rotom_description/package.dsv'
[4.902s] INFO:colcon.colcon_core.shell:Creating package script '/home/caden/Documents/rotom/src/ros2_ws/install/rotom_description/share/rotom_description/package.sh'
[4.904s] INFO:colcon.colcon_core.shell:Creating package script '/home/caden/Documents/rotom/src/ros2_ws/install/rotom_description/share/rotom_description/package.bash'
[4.905s] INFO:colcon.colcon_core.shell:Creating package script '/home/caden/Documents/rotom/src/ros2_ws/install/rotom_description/share/rotom_description/package.zsh'
[4.906s] Level 1:colcon.colcon_core.environment:create_file_with_runtime_dependencies(/home/caden/Documents/rotom/src/ros2_ws/install/rotom_description/share/colcon-core/packages/rotom_description)
[4.907s] INFO:colcon.colcon_ros.task.ament_cmake.build:Building ROS package in '/home/caden/Documents/rotom/src/ros2_ws/src/rotom_moveit_config' with build type 'ament_cmake'
[4.908s] INFO:colcon.colcon_cmake.task.cmake.build:Building CMake package in '/home/caden/Documents/rotom/src/ros2_ws/src/rotom_moveit_config'
[4.909s] INFO:colcon.colcon_core.shell:Skip shell extension 'powershell' for command environment: Not usable outside of PowerShell
[4.909s] DEBUG:colcon.colcon_core.shell:Skip shell extension 'dsv' for command environment
[4.948s] DEBUG:colcon.colcon_core.event_handler.log_command:Invoking command in '/home/caden/Documents/rotom/src/ros2_ws/build/rotom_moveit_config': AMENT_PREFIX_PATH=/home/caden/Documents/rotom/src/ros2_ws/install/rotom_description:/home/caden/Documents/rotom/src/ros2_ws/install/rotom_moveit_config:/home/caden/Documents/rotom/src/ros2_ws/install/rotom_control:/opt/ros/humble CMAKE_PREFIX_PATH=${CMAKE_PREFIX_PATH}:/home/caden/Documents/rotom/src/ros2_ws/install/rotom_description:/home/caden/Documents/rotom/src/ros2_ws/install/rotom_control:/opt/ros/humble PIXI_PROMPT=(rotom) /usr/bin/cmake /home/caden/Documents/rotom/src/ros2_ws/src/rotom_moveit_config -DPython3_EXECUTABLE=/usr/bin/python3 -DAMENT_CMAKE_SYMLINK_INSTALL=1 -DCMAKE_INSTALL_PREFIX=/home/caden/Documents/rotom/src/ros2_ws/install/rotom_moveit_config
[6.574s] DEBUG:colcon.colcon_core.event_handler.log_command:Invoked command in '/home/caden/Documents/rotom/src/ros2_ws/build/rotom_moveit_config' returned '0': AMENT_PREFIX_PATH=/home/caden/Documents/rotom/src/ros2_ws/install/rotom_description:/home/caden/Documents/rotom/src/ros2_ws/install/rotom_moveit_config:/home/caden/Documents/rotom/src/ros2_ws/install/rotom_control:/opt/ros/humble CMAKE_PREFIX_PATH=${CMAKE_PREFIX_PATH}:/home/caden/Documents/rotom/src/ros2_ws/install/rotom_description:/home/caden/Documents/rotom/src/ros2_ws/install/rotom_control:/opt/ros/humble PIXI_PROMPT=(rotom) /usr/bin/cmake /home/caden/Documents/rotom/src/ros2_ws/src/rotom_moveit_config -DPython3_EXECUTABLE=/usr/bin/python3 -DAMENT_CMAKE_SYMLINK_INSTALL=1 -DCMAKE_INSTALL_PREFIX=/home/caden/Documents/rotom/src/ros2_ws/install/rotom_moveit_config
[6.581s] DEBUG:colcon.colcon_core.event_handler.log_command:Invoking command in '/home/caden/Documents/rotom/src/ros2_ws/build/rotom_moveit_config': AMENT_PREFIX_PATH=/home/caden/Documents/rotom/src/ros2_ws/install/rotom_description:/home/caden/Documents/rotom/src/ros2_ws/install/rotom_moveit_config:/home/caden/Documents/rotom/src/ros2_ws/install/rotom_control:/opt/ros/humble CMAKE_PREFIX_PATH=${CMAKE_PREFIX_PATH}:/home/caden/Documents/rotom/src/ros2_ws/install/rotom_description:/home/caden/Documents/rotom/src/ros2_ws/install/rotom_control:/opt/ros/humble PIXI_PROMPT=(rotom) /usr/bin/cmake --build /home/caden/Documents/rotom/src/ros2_ws/build/rotom_moveit_config -- -j6 -l6
[6.663s] DEBUG:colcon.colcon_core.event_handler.log_command:Invoked command in '/home/caden/Documents/rotom/src/ros2_ws/build/rotom_moveit_config' returned '0': AMENT_PREFIX_PATH=/home/caden/Documents/rotom/src/ros2_ws/install/rotom_description:/home/caden/Documents/rotom/src/ros2_ws/install/rotom_moveit_config:/home/caden/Documents/rotom/src/ros2_ws/install/rotom_control:/opt/ros/humble CMAKE_PREFIX_PATH=${CMAKE_PREFIX_PATH}:/home/caden/Documents/rotom/src/ros2_ws/install/rotom_description:/home/caden/Documents/rotom/src/ros2_ws/install/rotom_control:/opt/ros/humble PIXI_PROMPT=(rotom) /usr/bin/cmake --build /home/caden/Documents/rotom/src/ros2_ws/build/rotom_moveit_config -- -j6 -l6
[6.685s] DEBUG:colcon.colcon_core.event_handler.log_command:Invoking command in '/home/caden/Documents/rotom/src/ros2_ws/build/rotom_moveit_config': AMENT_PREFIX_PATH=/home/caden/Documents/rotom/src/ros2_ws/install/rotom_description:/home/caden/Documents/rotom/src/ros2_ws/install/rotom_moveit_config:/home/caden/Documents/rotom/src/ros2_ws/install/rotom_control:/opt/ros/humble CMAKE_PREFIX_PATH=${CMAKE_PREFIX_PATH}:/home/caden/Documents/rotom/src/ros2_ws/install/rotom_description:/home/caden/Documents/rotom/src/ros2_ws/install/rotom_control:/opt/ros/humble PIXI_PROMPT=(rotom) /usr/bin/cmake --install /home/caden/Documents/rotom/src/ros2_ws/build/rotom_moveit_config
[7.496s] Level 1:colcon.colcon_core.environment:create_environment_scripts_only(rotom_moveit_config)
[7.498s] Level 1:colcon.colcon_core.environment:checking '/home/caden/Documents/rotom/src/ros2_ws/install/rotom_moveit_config' for CMake module files
[7.500s] DEBUG:colcon.colcon_core.event_handler.log_command:Invoked command in '/home/caden/Documents/rotom/src/ros2_ws/build/rotom_moveit_config' returned '0': AMENT_PREFIX_PATH=/home/caden/Documents/rotom/src/ros2_ws/install/rotom_description:/home/caden/Documents/rotom/src/ros2_ws/install/rotom_moveit_config:/home/caden/Documents/rotom/src/ros2_ws/install/rotom_control:/opt/ros/humble CMAKE_PREFIX_PATH=${CMAKE_PREFIX_PATH}:/home/caden/Documents/rotom/src/ros2_ws/install/rotom_description:/home/caden/Documents/rotom/src/ros2_ws/install/rotom_control:/opt/ros/humble PIXI_PROMPT=(rotom) /usr/bin/cmake --install /home/caden/Documents/rotom/src/ros2_ws/build/rotom_moveit_config
[7.502s] Level 1:colcon.colcon_core.environment:checking '/home/caden/Documents/rotom/src/ros2_ws/install/rotom_moveit_config' for CMake config files
[7.504s] Level 1:colcon.colcon_core.shell:create_environment_hook('rotom_moveit_config', 'cmake_prefix_path')
[7.505s] INFO:colcon.colcon_core.shell:Creating environment hook '/home/caden/Documents/rotom/src/ros2_ws/install/rotom_moveit_config/share/rotom_moveit_config/hook/cmake_prefix_path.ps1'
[7.508s] INFO:colcon.colcon_core.shell:Creating environment descriptor '/home/caden/Documents/rotom/src/ros2_ws/install/rotom_moveit_config/share/rotom_moveit_config/hook/cmake_prefix_path.dsv'
[7.510s] INFO:colcon.colcon_core.shell:Creating environment hook '/home/caden/Documents/rotom/src/ros2_ws/install/rotom_moveit_config/share/rotom_moveit_config/hook/cmake_prefix_path.sh'
[7.512s] Level 1:colcon.colcon_core.environment:checking '/home/caden/Documents/rotom/src/ros2_ws/install/rotom_moveit_config/bin'
[7.513s] Level 1:colcon.colcon_core.environment:checking '/home/caden/Documents/rotom/src/ros2_ws/install/rotom_moveit_config/lib/pkgconfig/rotom_moveit_config.pc'
[7.514s] Level 1:colcon.colcon_core.environment:checking '/home/caden/Documents/rotom/src/ros2_ws/install/rotom_moveit_config/lib/python3.10/site-packages'
[7.515s] Level 1:colcon.colcon_core.environment:checking '/home/caden/Documents/rotom/src/ros2_ws/install/rotom_moveit_config/bin'
[7.516s] INFO:colcon.colcon_core.shell:Creating package script '/home/caden/Documents/rotom/src/ros2_ws/install/rotom_moveit_config/share/rotom_moveit_config/package.ps1'
[7.518s] INFO:colcon.colcon_core.shell:Creating package descriptor '/home/caden/Documents/rotom/src/ros2_ws/install/rotom_moveit_config/share/rotom_moveit_config/package.dsv'
[7.520s] INFO:colcon.colcon_core.shell:Creating package script '/home/caden/Documents/rotom/src/ros2_ws/install/rotom_moveit_config/share/rotom_moveit_config/package.sh'
[7.521s] INFO:colcon.colcon_core.shell:Creating package script '/home/caden/Documents/rotom/src/ros2_ws/install/rotom_moveit_config/share/rotom_moveit_config/package.bash'
[7.522s] INFO:colcon.colcon_core.shell:Creating package script '/home/caden/Documents/rotom/src/ros2_ws/install/rotom_moveit_config/share/rotom_moveit_config/package.zsh'
[7.523s] Level 1:colcon.colcon_core.environment:create_file_with_runtime_dependencies(/home/caden/Documents/rotom/src/ros2_ws/install/rotom_moveit_config/share/colcon-core/packages/rotom_moveit_config)
[7.526s] Level 1:colcon.colcon_core.environment:create_environment_scripts_only(rotom_moveit_config)
[7.527s] Level 1:colcon.colcon_core.environment:checking '/home/caden/Documents/rotom/src/ros2_ws/install/rotom_moveit_config' for CMake module files
[7.529s] Level 1:colcon.colcon_core.environment:checking '/home/caden/Documents/rotom/src/ros2_ws/install/rotom_moveit_config' for CMake config files
[7.530s] Level 1:colcon.colcon_core.shell:create_environment_hook('rotom_moveit_config', 'cmake_prefix_path')
[7.531s] INFO:colcon.colcon_core.shell:Creating environment hook '/home/caden/Documents/rotom/src/ros2_ws/install/rotom_moveit_config/share/rotom_moveit_config/hook/cmake_prefix_path.ps1'
[7.533s] INFO:colcon.colcon_core.shell:Creating environment descriptor '/home/caden/Documents/rotom/src/ros2_ws/install/rotom_moveit_config/share/rotom_moveit_config/hook/cmake_prefix_path.dsv'
[7.534s] INFO:colcon.colcon_core.shell:Creating environment hook '/home/caden/Documents/rotom/src/ros2_ws/install/rotom_moveit_config/share/rotom_moveit_config/hook/cmake_prefix_path.sh'
[7.538s] Level 1:colcon.colcon_core.environment:checking '/home/caden/Documents/rotom/src/ros2_ws/install/rotom_moveit_config/bin'
[7.538s] Level 1:colcon.colcon_core.environment:checking '/home/caden/Documents/rotom/src/ros2_ws/install/rotom_moveit_config/lib/pkgconfig/rotom_moveit_config.pc'
[7.539s] Level 1:colcon.colcon_core.environment:checking '/home/caden/Documents/rotom/src/ros2_ws/install/rotom_moveit_config/lib/python3.10/site-packages'
[7.541s] Level 1:colcon.colcon_core.environment:checking '/home/caden/Documents/rotom/src/ros2_ws/install/rotom_moveit_config/bin'
[7.542s] INFO:colcon.colcon_core.shell:Creating package script '/home/caden/Documents/rotom/src/ros2_ws/install/rotom_moveit_config/share/rotom_moveit_config/package.ps1'
[7.545s] INFO:colcon.colcon_core.shell:Creating package descriptor '/home/caden/Documents/rotom/src/ros2_ws/install/rotom_moveit_config/share/rotom_moveit_config/package.dsv'
[7.547s] INFO:colcon.colcon_core.shell:Creating package script '/home/caden/Documents/rotom/src/ros2_ws/install/rotom_moveit_config/share/rotom_moveit_config/package.sh'
[7.548s] INFO:colcon.colcon_core.shell:Creating package script '/home/caden/Documents/rotom/src/ros2_ws/install/rotom_moveit_config/share/rotom_moveit_config/package.bash'
[7.550s] INFO:colcon.colcon_core.shell:Creating package script '/home/caden/Documents/rotom/src/ros2_ws/install/rotom_moveit_config/share/rotom_moveit_config/package.zsh'
[7.551s] Level 1:colcon.colcon_core.environment:create_file_with_runtime_dependencies(/home/caden/Documents/rotom/src/ros2_ws/install/rotom_moveit_config/share/colcon-core/packages/rotom_moveit_config)
[7.552s] DEBUG:colcon.colcon_parallel_executor.executor.parallel:closing loop
[7.554s] DEBUG:colcon.colcon_parallel_executor.executor.parallel:loop closed
[7.554s] DEBUG:colcon.colcon_parallel_executor.executor.parallel:run_until_complete finished with '0'
[7.555s] DEBUG:colcon.colcon_core.event_reactor:joining thread
[7.575s] INFO:colcon.colcon_core.plugin_system:Skipping extension 'colcon_notification.desktop_notification.terminal_notifier': Not used on non-Darwin systems
[7.576s] INFO:colcon.colcon_core.plugin_system:Skipping extension 'colcon_notification.desktop_notification.win32': Not used on non-Windows systems
[7.576s] INFO:colcon.colcon_notification.desktop_notification:Sending desktop notification using 'notify2'
[7.616s] DEBUG:colcon.colcon_core.event_reactor:joined thread
[7.618s] INFO:colcon.colcon_core.shell:Creating prefix script '/home/caden/Documents/rotom/src/ros2_ws/install/local_setup.ps1'
[7.625s] INFO:colcon.colcon_core.shell:Creating prefix util module '/home/caden/Documents/rotom/src/ros2_ws/install/_local_setup_util_ps1.py'
[7.630s] INFO:colcon.colcon_core.shell:Creating prefix chain script '/home/caden/Documents/rotom/src/ros2_ws/install/setup.ps1'
[7.635s] INFO:colcon.colcon_core.shell:Creating prefix script '/home/caden/Documents/rotom/src/ros2_ws/install/local_setup.sh'
[7.637s] INFO:colcon.colcon_core.shell:Creating prefix util module '/home/caden/Documents/rotom/src/ros2_ws/install/_local_setup_util_sh.py'
[7.639s] INFO:colcon.colcon_core.shell:Creating prefix chain script '/home/caden/Documents/rotom/src/ros2_ws/install/setup.sh'
[7.643s] INFO:colcon.colcon_core.shell:Creating prefix script '/home/caden/Documents/rotom/src/ros2_ws/install/local_setup.bash'
[7.645s] INFO:colcon.colcon_core.shell:Creating prefix chain script '/home/caden/Documents/rotom/src/ros2_ws/install/setup.bash'
[7.649s] INFO:colcon.colcon_core.shell:Creating prefix script '/home/caden/Documents/rotom/src/ros2_ws/install/local_setup.zsh'
[7.650s] INFO:colcon.colcon_core.shell:Creating prefix chain script '/home/caden/Documents/rotom/src/ros2_ws/install/setup.zsh'
