[1.593s] Invoking command in '/home/caden/Documents/rotom/src/ros2_ws/build/rotom_vision': PYTHONPATH=/home/caden/Documents/rotom/src/ros2_ws/build/rotom_vision/prefix_override:/usr/lib/python3/dist-packages/colcon_core/task/python/colcon_distutils_commands:/home/caden/Documents/rotom/src/ros2_ws/install/rotom_vision/lib/python3.10/site-packages:${PYTHONPATH} /usr/bin/python3 -W ignore:setup.py install is deprecated -W ignore:easy_install command is deprecated setup.py develop --uninstall --editable --build-directory /home/caden/Documents/rotom/src/ros2_ws/build/rotom_vision/build
[2.234s] running develop
[2.710s] Removing /home/caden/Documents/rotom/src/ros2_ws/install/rotom_vision/lib/python3.10/site-packages/rotom-vision.egg-link (link to .)
[2.791s] Invoked command in '/home/caden/Documents/rotom/src/ros2_ws/build/rotom_vision' returned '0': PYTHONPATH=/home/caden/Documents/rotom/src/ros2_ws/build/rotom_vision/prefix_override:/usr/lib/python3/dist-packages/colcon_core/task/python/colcon_distutils_commands:/home/caden/Documents/rotom/src/ros2_ws/install/rotom_vision/lib/python3.10/site-packages:${PYTHONPATH} /usr/bin/python3 -W ignore:setup.py install is deprecated -W ignore:easy_install command is deprecated setup.py develop --uninstall --editable --build-directory /home/caden/Documents/rotom/src/ros2_ws/build/rotom_vision/build
[2.794s] Invoking command in '/home/caden/Documents/rotom/src/ros2_ws/src/rotom_vision': PYTHONPATH=/home/caden/Documents/rotom/src/ros2_ws/build/rotom_vision/prefix_override:/usr/lib/python3/dist-packages/colcon_core/task/python/colcon_distutils_commands:/home/caden/Documents/rotom/src/ros2_ws/install/rotom_vision/lib/python3.10/site-packages:${PYTHONPATH} /usr/bin/python3 -W ignore:setup.py install is deprecated -W ignore:easy_install command is deprecated setup.py egg_info --egg-base ../../build/rotom_vision build --build-base /home/caden/Documents/rotom/src/ros2_ws/build/rotom_vision/build install --record /home/caden/Documents/rotom/src/ros2_ws/build/rotom_vision/install.log --single-version-externally-managed install_data --force
[3.401s] running egg_info
[3.402s] writing ../../build/rotom_vision/rotom_vision.egg-info/PKG-INFO
[3.403s] writing dependency_links to ../../build/rotom_vision/rotom_vision.egg-info/dependency_links.txt
[3.403s] writing entry points to ../../build/rotom_vision/rotom_vision.egg-info/entry_points.txt
[3.404s] writing requirements to ../../build/rotom_vision/rotom_vision.egg-info/requires.txt
[3.404s] writing top-level names to ../../build/rotom_vision/rotom_vision.egg-info/top_level.txt
[3.409s] reading manifest file '../../build/rotom_vision/rotom_vision.egg-info/SOURCES.txt'
[3.410s] writing manifest file '../../build/rotom_vision/rotom_vision.egg-info/SOURCES.txt'
[3.411s] running build
[3.411s] running build_py
[3.411s] creating /home/caden/Documents/rotom/src/ros2_ws/build/rotom_vision/build
[3.412s] creating /home/caden/Documents/rotom/src/ros2_ws/build/rotom_vision/build/lib
[3.412s] creating /home/caden/Documents/rotom/src/ros2_ws/build/rotom_vision/build/lib/rotom_vision
[3.412s] copying rotom_vision/marker_follower_node.py -> /home/caden/Documents/rotom/src/ros2_ws/build/rotom_vision/build/lib/rotom_vision
[3.412s] copying rotom_vision/__init__.py -> /home/caden/Documents/rotom/src/ros2_ws/build/rotom_vision/build/lib/rotom_vision
[3.413s] copying rotom_vision/stereo_splitter_node.py -> /home/caden/Documents/rotom/src/ros2_ws/build/rotom_vision/build/lib/rotom_vision
[3.413s] copying rotom_vision/aruco_tracker_node.py -> /home/caden/Documents/rotom/src/ros2_ws/build/rotom_vision/build/lib/rotom_vision
[3.413s] copying rotom_vision/math_utils.py -> /home/caden/Documents/rotom/src/ros2_ws/build/rotom_vision/build/lib/rotom_vision
[3.414s] running install
[3.414s] running install_lib
[3.416s] creating /home/caden/Documents/rotom/src/ros2_ws/install/rotom_vision/lib/python3.10/site-packages/rotom_vision
[3.416s] copying /home/caden/Documents/rotom/src/ros2_ws/build/rotom_vision/build/lib/rotom_vision/marker_follower_node.py -> /home/caden/Documents/rotom/src/ros2_ws/install/rotom_vision/lib/python3.10/site-packages/rotom_vision
[3.417s] copying /home/caden/Documents/rotom/src/ros2_ws/build/rotom_vision/build/lib/rotom_vision/__init__.py -> /home/caden/Documents/rotom/src/ros2_ws/install/rotom_vision/lib/python3.10/site-packages/rotom_vision
[3.417s] copying /home/caden/Documents/rotom/src/ros2_ws/build/rotom_vision/build/lib/rotom_vision/stereo_splitter_node.py -> /home/caden/Documents/rotom/src/ros2_ws/install/rotom_vision/lib/python3.10/site-packages/rotom_vision
[3.417s] copying /home/caden/Documents/rotom/src/ros2_ws/build/rotom_vision/build/lib/rotom_vision/aruco_tracker_node.py -> /home/caden/Documents/rotom/src/ros2_ws/install/rotom_vision/lib/python3.10/site-packages/rotom_vision
[3.417s] copying /home/caden/Documents/rotom/src/ros2_ws/build/rotom_vision/build/lib/rotom_vision/math_utils.py -> /home/caden/Documents/rotom/src/ros2_ws/install/rotom_vision/lib/python3.10/site-packages/rotom_vision
[3.419s] byte-compiling /home/caden/Documents/rotom/src/ros2_ws/install/rotom_vision/lib/python3.10/site-packages/rotom_vision/marker_follower_node.py to marker_follower_node.cpython-310.pyc
[3.422s] byte-compiling /home/caden/Documents/rotom/src/ros2_ws/install/rotom_vision/lib/python3.10/site-packages/rotom_vision/__init__.py to __init__.cpython-310.pyc
[3.423s] byte-compiling /home/caden/Documents/rotom/src/ros2_ws/install/rotom_vision/lib/python3.10/site-packages/rotom_vision/stereo_splitter_node.py to stereo_splitter_node.cpython-310.pyc
[3.426s] byte-compiling /home/caden/Documents/rotom/src/ros2_ws/install/rotom_vision/lib/python3.10/site-packages/rotom_vision/aruco_tracker_node.py to aruco_tracker_node.cpython-310.pyc
[3.429s] byte-compiling /home/caden/Documents/rotom/src/ros2_ws/install/rotom_vision/lib/python3.10/site-packages/rotom_vision/math_utils.py to math_utils.cpython-310.pyc
[3.431s] running install_data
[3.431s] copying resource/rotom_vision -> /home/caden/Documents/rotom/src/ros2_ws/install/rotom_vision/share/ament_index/resource_index/packages
[3.432s] copying package.xml -> /home/caden/Documents/rotom/src/ros2_ws/install/rotom_vision/share/rotom_vision
[3.432s] copying launch/vision_pipeline.launch.py -> /home/caden/Documents/rotom/src/ros2_ws/install/rotom_vision/share/rotom_vision/launch
[3.433s] copying config/vision_pipeline.yaml -> /home/caden/Documents/rotom/src/ros2_ws/install/rotom_vision/share/rotom_vision/config
[3.433s] running install_egg_info
[3.437s] Copying ../../build/rotom_vision/rotom_vision.egg-info to /home/caden/Documents/rotom/src/ros2_ws/install/rotom_vision/lib/python3.10/site-packages/rotom_vision-0.0.1-py3.10.egg-info
[3.439s] running install_scripts
[3.487s] Installing aruco_tracker script to /home/caden/Documents/rotom/src/ros2_ws/install/rotom_vision/lib/rotom_vision
[3.487s] Installing marker_follower script to /home/caden/Documents/rotom/src/ros2_ws/install/rotom_vision/lib/rotom_vision
[3.487s] Installing stereo_splitter script to /home/caden/Documents/rotom/src/ros2_ws/install/rotom_vision/lib/rotom_vision
[3.488s] writing list of installed files to '/home/caden/Documents/rotom/src/ros2_ws/build/rotom_vision/install.log'
[3.562s] Invoked command in '/home/caden/Documents/rotom/src/ros2_ws/src/rotom_vision' returned '0': PYTHONPATH=/home/caden/Documents/rotom/src/ros2_ws/build/rotom_vision/prefix_override:/usr/lib/python3/dist-packages/colcon_core/task/python/colcon_distutils_commands:/home/caden/Documents/rotom/src/ros2_ws/install/rotom_vision/lib/python3.10/site-packages:${PYTHONPATH} /usr/bin/python3 -W ignore:setup.py install is deprecated -W ignore:easy_install command is deprecated setup.py egg_info --egg-base ../../build/rotom_vision build --build-base /home/caden/Documents/rotom/src/ros2_ws/build/rotom_vision/build install --record /home/caden/Documents/rotom/src/ros2_ws/build/rotom_vision/install.log --single-version-externally-managed install_data --force
