running egg_info
writing ../../build/rotom_description/rotom_description.egg-info/PKG-INFO
writing dependency_links to ../../build/rotom_description/rotom_description.egg-info/dependency_links.txt
writing entry points to ../../build/rotom_description/rotom_description.egg-info/entry_points.txt
writing requirements to ../../build/rotom_description/rotom_description.egg-info/requires.txt
writing top-level names to ../../build/rotom_description/rotom_description.egg-info/top_level.txt
reading manifest file '../../build/rotom_description/rotom_description.egg-info/SOURCES.txt'
writing manifest file '../../build/rotom_description/rotom_description.egg-info/SOURCES.txt'
running build
running build_py
running install
running install_lib
running install_data
copying urdf/rotom.urdf.xacro -> /home/caden/Documents/rotom/src/ros2_ws/install/rotom_description/share/rotom_description/urdf
copying rviz/view_robot.rviz -> /home/caden/Documents/rotom/src/ros2_ws/install/rotom_description/share/rotom_description/rviz
running install_egg_info
removing '/home/caden/Documents/rotom/src/ros2_ws/install/rotom_description/lib/python3.10/site-packages/rotom_description-0.0.0-py3.10.egg-info' (and everything under it)
Copying ../../build/rotom_description/rotom_description.egg-info to /home/caden/Documents/rotom/src/ros2_ws/install/rotom_description/lib/python3.10/site-packages/rotom_description-0.0.0-py3.10.egg-info
running install_scripts
writing list of installed files to '/home/caden/Documents/rotom/src/ros2_ws/build/rotom_description/install.log'
