running egg_info
creating ../../build/rotom_description/rotom_description.egg-info
writing ../../build/rotom_description/rotom_description.egg-info/PKG-INFO
writing dependency_links to ../../build/rotom_description/rotom_description.egg-info/dependency_links.txt
writing entry points to ../../build/rotom_description/rotom_description.egg-info/entry_points.txt
writing requirements to ../../build/rotom_description/rotom_description.egg-info/requires.txt
writing top-level names to ../../build/rotom_description/rotom_description.egg-info/top_level.txt
writing manifest file '../../build/rotom_description/rotom_description.egg-info/SOURCES.txt'
reading manifest file '../../build/rotom_description/rotom_description.egg-info/SOURCES.txt'
writing manifest file '../../build/rotom_description/rotom_description.egg-info/SOURCES.txt'
running build
running build_py
creating /home/caden/Documents/rotom/src/ros2_ws/build/rotom_description/build
creating /home/caden/Documents/rotom/src/ros2_ws/build/rotom_description/build/lib
creating /home/caden/Documents/rotom/src/ros2_ws/build/rotom_description/build/lib/rotom_description
copying rotom_description/__init__.py -> /home/caden/Documents/rotom/src/ros2_ws/build/rotom_description/build/lib/rotom_description
running install
running install_lib
creating /home/caden/Documents/rotom/src/ros2_ws/install/rotom_description/lib/python3.10/site-packages/rotom_description
copying /home/caden/Documents/rotom/src/ros2_ws/build/rotom_description/build/lib/rotom_description/__init__.py -> /home/caden/Documents/rotom/src/ros2_ws/install/rotom_description/lib/python3.10/site-packages/rotom_description
byte-compiling /home/caden/Documents/rotom/src/ros2_ws/install/rotom_description/lib/python3.10/site-packages/rotom_description/__init__.py to __init__.cpython-310.pyc
running install_data
creating /home/caden/Documents/rotom/src/ros2_ws/install/rotom_description/share/ament_index
creating /home/caden/Documents/rotom/src/ros2_ws/install/rotom_description/share/ament_index/resource_index
creating /home/caden/Documents/rotom/src/ros2_ws/install/rotom_description/share/ament_index/resource_index/packages
copying resource/rotom_description -> /home/caden/Documents/rotom/src/ros2_ws/install/rotom_description/share/ament_index/resource_index/packages
copying package.xml -> /home/caden/Documents/rotom/src/ros2_ws/install/rotom_description/share/rotom_description
creating /home/caden/Documents/rotom/src/ros2_ws/install/rotom_description/share/rotom_description/launch
copying launch/view_robot.launch.py -> /home/caden/Documents/rotom/src/ros2_ws/install/rotom_description/share/rotom_description/launch
creating /home/caden/Documents/rotom/src/ros2_ws/install/rotom_description/share/rotom_description/urdf
copying urdf/rotom.urdf -> /home/caden/Documents/rotom/src/ros2_ws/install/rotom_description/share/rotom_description/urdf
running install_egg_info
Copying ../../build/rotom_description/rotom_description.egg-info to /home/caden/Documents/rotom/src/ros2_ws/install/rotom_description/lib/python3.10/site-packages/rotom_description-0.0.0-py3.10.egg-info
running install_scripts
writing list of installed files to '/home/caden/Documents/rotom/src/ros2_ws/build/rotom_description/install.log'
