[1.408s] Invoking command in '/home/caden/Documents/rotom/src/ros2_ws/src/rotom_description': CONDA_PROMPT_MODIFIER=(rotom) PYTHONPATH=/home/caden/Documents/rotom/src/ros2_ws/build/rotom_description/prefix_override:/usr/lib/python3/dist-packages/colcon_core/task/python/colcon_distutils_commands:/home/caden/Documents/rotom/src/ros2_ws/install/rotom_description/lib/python3.10/site-packages:${PYTHONPATH} /usr/bin/python3 -W ignore:setup.py install is deprecated -W ignore:easy_install command is deprecated setup.py egg_info --egg-base ../../build/rotom_description build --build-base /home/caden/Documents/rotom/src/ros2_ws/build/rotom_description/build install --record /home/caden/Documents/rotom/src/ros2_ws/build/rotom_description/install.log --single-version-externally-managed install_data
[1.912s] running egg_info
[1.913s] creating ../../build/rotom_description/rotom_description.egg-info
[1.914s] writing ../../build/rotom_description/rotom_description.egg-info/PKG-INFO
[1.914s] writing dependency_links to ../../build/rotom_description/rotom_description.egg-info/dependency_links.txt
[1.915s] writing entry points to ../../build/rotom_description/rotom_description.egg-info/entry_points.txt
[1.915s] writing requirements to ../../build/rotom_description/rotom_description.egg-info/requires.txt
[1.915s] writing top-level names to ../../build/rotom_description/rotom_description.egg-info/top_level.txt
[1.915s] writing manifest file '../../build/rotom_description/rotom_description.egg-info/SOURCES.txt'
[1.919s] reading manifest file '../../build/rotom_description/rotom_description.egg-info/SOURCES.txt'
[1.920s] writing manifest file '../../build/rotom_description/rotom_description.egg-info/SOURCES.txt'
[1.921s] running build
[1.921s] running build_py
[1.921s] creating /home/caden/Documents/rotom/src/ros2_ws/build/rotom_description/build
[1.921s] creating /home/caden/Documents/rotom/src/ros2_ws/build/rotom_description/build/lib
[1.922s] creating /home/caden/Documents/rotom/src/ros2_ws/build/rotom_description/build/lib/rotom_description
[1.922s] copying rotom_description/__init__.py -> /home/caden/Documents/rotom/src/ros2_ws/build/rotom_description/build/lib/rotom_description
[1.922s] running install
[1.922s] running install_lib
[1.924s] creating /home/caden/Documents/rotom/src/ros2_ws/install/rotom_description/lib/python3.10/site-packages/rotom_description
[1.924s] copying /home/caden/Documents/rotom/src/ros2_ws/build/rotom_description/build/lib/rotom_description/__init__.py -> /home/caden/Documents/rotom/src/ros2_ws/install/rotom_description/lib/python3.10/site-packages/rotom_description
[1.925s] byte-compiling /home/caden/Documents/rotom/src/ros2_ws/install/rotom_description/lib/python3.10/site-packages/rotom_description/__init__.py to __init__.cpython-310.pyc
[1.926s] running install_data
[1.926s] creating /home/caden/Documents/rotom/src/ros2_ws/install/rotom_description/share/ament_index
[1.926s] creating /home/caden/Documents/rotom/src/ros2_ws/install/rotom_description/share/ament_index/resource_index
[1.926s] creating /home/caden/Documents/rotom/src/ros2_ws/install/rotom_description/share/ament_index/resource_index/packages
[1.926s] copying resource/rotom_description -> /home/caden/Documents/rotom/src/ros2_ws/install/rotom_description/share/ament_index/resource_index/packages
[1.927s] copying package.xml -> /home/caden/Documents/rotom/src/ros2_ws/install/rotom_description/share/rotom_description
[1.927s] creating /home/caden/Documents/rotom/src/ros2_ws/install/rotom_description/share/rotom_description/launch
[1.927s] copying launch/view_robot.launch.py -> /home/caden/Documents/rotom/src/ros2_ws/install/rotom_description/share/rotom_description/launch
[1.927s] creating /home/caden/Documents/rotom/src/ros2_ws/install/rotom_description/share/rotom_description/urdf
[1.927s] copying urdf/rotom.urdf -> /home/caden/Documents/rotom/src/ros2_ws/install/rotom_description/share/rotom_description/urdf
[1.927s] running install_egg_info
[1.933s] Copying ../../build/rotom_description/rotom_description.egg-info to /home/caden/Documents/rotom/src/ros2_ws/install/rotom_description/lib/python3.10/site-packages/rotom_description-0.0.0-py3.10.egg-info
[1.935s] running install_scripts
[1.981s] writing list of installed files to '/home/caden/Documents/rotom/src/ros2_ws/build/rotom_description/install.log'
[2.055s] Invoked command in '/home/caden/Documents/rotom/src/ros2_ws/src/rotom_description' returned '0': CONDA_PROMPT_MODIFIER=(rotom) PYTHONPATH=/home/caden/Documents/rotom/src/ros2_ws/build/rotom_description/prefix_override:/usr/lib/python3/dist-packages/colcon_core/task/python/colcon_distutils_commands:/home/caden/Documents/rotom/src/ros2_ws/install/rotom_description/lib/python3.10/site-packages:${PYTHONPATH} /usr/bin/python3 -W ignore:setup.py install is deprecated -W ignore:easy_install command is deprecated setup.py egg_info --egg-base ../../build/rotom_description build --build-base /home/caden/Documents/rotom/src/ros2_ws/build/rotom_description/build install --record /home/caden/Documents/rotom/src/ros2_ws/build/rotom_description/install.log --single-version-externally-managed install_data
