[1.362s] Invoking command in '/home/caden/Documents/rotom/src/ros2_ws/build/rotom_vision': PYTHONPATH=/home/caden/Documents/rotom/src/ros2_ws/build/rotom_vision/prefix_override:/usr/lib/python3/dist-packages/colcon_core/task/python/colcon_distutils_commands:/home/caden/Documents/rotom/src/ros2_ws/install/rotom_vision/lib/python3.10/site-packages:${PYTHONPATH} /usr/bin/python3 -W ignore:setup.py install is deprecated -W ignore:easy_install command is deprecated setup.py develop --uninstall --editable --build-directory /home/caden/Documents/rotom/src/ros2_ws/build/rotom_vision/build
[1.880s] running develop
[2.259s] Removing /home/caden/Documents/rotom/src/ros2_ws/install/rotom_vision/lib/python3.10/site-packages/rotom-vision.egg-link (link to .)
[2.330s] Invoked command in '/home/caden/Documents/rotom/src/ros2_ws/build/rotom_vision' returned '0': PYTHONPATH=/home/caden/Documents/rotom/src/ros2_ws/build/rotom_vision/prefix_override:/usr/lib/python3/dist-packages/colcon_core/task/python/colcon_distutils_commands:/home/caden/Documents/rotom/src/ros2_ws/install/rotom_vision/lib/python3.10/site-packages:${PYTHONPATH} /usr/bin/python3 -W ignore:setup.py install is deprecated -W ignore:easy_install command is deprecated setup.py develop --uninstall --editable --build-directory /home/caden/Documents/rotom/src/ros2_ws/build/rotom_vision/build
[2.332s] Invoking command in '/home/caden/Documents/rotom/src/ros2_ws/src/rotom_vision': PYTHONPATH=/home/caden/Documents/rotom/src/ros2_ws/build/rotom_vision/prefix_override:/usr/lib/python3/dist-packages/colcon_core/task/python/colcon_distutils_commands:/home/caden/Documents/rotom/src/ros2_ws/install/rotom_vision/lib/python3.10/site-packages:${PYTHONPATH} /usr/bin/python3 -W ignore:setup.py install is deprecated -W ignore:easy_install command is deprecated setup.py egg_info --egg-base ../../build/rotom_vision build --build-base /home/caden/Documents/rotom/src/ros2_ws/build/rotom_vision/build install --record /home/caden/Documents/rotom/src/ros2_ws/build/rotom_vision/install.log --single-version-externally-managed install_data --force
[2.826s] running egg_info
[2.827s] writing ../../build/rotom_vision/rotom_vision.egg-info/PKG-INFO
[2.827s] writing dependency_links to ../../build/rotom_vision/rotom_vision.egg-info/dependency_links.txt
[2.828s] writing entry points to ../../build/rotom_vision/rotom_vision.egg-info/entry_points.txt
[2.828s] writing requirements to ../../build/rotom_vision/rotom_vision.egg-info/requires.txt
[2.828s] writing top-level names to ../../build/rotom_vision/rotom_vision.egg-info/top_level.txt
[2.832s] reading manifest file '../../build/rotom_vision/rotom_vision.egg-info/SOURCES.txt'
[2.833s] writing manifest file '../../build/rotom_vision/rotom_vision.egg-info/SOURCES.txt'
[2.834s] running build
[2.834s] running build_py
[2.834s] creating /home/caden/Documents/rotom/src/ros2_ws/build/rotom_vision/build
[2.834s] creating /home/caden/Documents/rotom/src/ros2_ws/build/rotom_vision/build/lib
[2.834s] creating /home/caden/Documents/rotom/src/ros2_ws/build/rotom_vision/build/lib/rotom_vision
[2.835s] copying rotom_vision/marker_follower_node.py -> /home/caden/Documents/rotom/src/ros2_ws/build/rotom_vision/build/lib/rotom_vision
[2.835s] copying rotom_vision/__init__.py -> /home/caden/Documents/rotom/src/ros2_ws/build/rotom_vision/build/lib/rotom_vision
[2.835s] copying rotom_vision/stereo_splitter_node.py -> /home/caden/Documents/rotom/src/ros2_ws/build/rotom_vision/build/lib/rotom_vision
[2.836s] copying rotom_vision/aruco_tracker_node.py -> /home/caden/Documents/rotom/src/ros2_ws/build/rotom_vision/build/lib/rotom_vision
[2.836s] copying rotom_vision/math_utils.py -> /home/caden/Documents/rotom/src/ros2_ws/build/rotom_vision/build/lib/rotom_vision
[2.836s] copying rotom_vision/visual_servo_node.py -> /home/caden/Documents/rotom/src/ros2_ws/build/rotom_vision/build/lib/rotom_vision
[2.836s] running install
[2.836s] running install_lib
[2.838s] creating /home/caden/Documents/rotom/src/ros2_ws/install/rotom_vision/lib/python3.10/site-packages/rotom_vision
[2.838s] copying /home/caden/Documents/rotom/src/ros2_ws/build/rotom_vision/build/lib/rotom_vision/marker_follower_node.py -> /home/caden/Documents/rotom/src/ros2_ws/install/rotom_vision/lib/python3.10/site-packages/rotom_vision
[2.839s] copying /home/caden/Documents/rotom/src/ros2_ws/build/rotom_vision/build/lib/rotom_vision/__init__.py -> /home/caden/Documents/rotom/src/ros2_ws/install/rotom_vision/lib/python3.10/site-packages/rotom_vision
[2.839s] copying /home/caden/Documents/rotom/src/ros2_ws/build/rotom_vision/build/lib/rotom_vision/stereo_splitter_node.py -> /home/caden/Documents/rotom/src/ros2_ws/install/rotom_vision/lib/python3.10/site-packages/rotom_vision
[2.839s] copying /home/caden/Documents/rotom/src/ros2_ws/build/rotom_vision/build/lib/rotom_vision/aruco_tracker_node.py -> /home/caden/Documents/rotom/src/ros2_ws/install/rotom_vision/lib/python3.10/site-packages/rotom_vision
[2.840s] copying /home/caden/Documents/rotom/src/ros2_ws/build/rotom_vision/build/lib/rotom_vision/math_utils.py -> /home/caden/Documents/rotom/src/ros2_ws/install/rotom_vision/lib/python3.10/site-packages/rotom_vision
[2.840s] copying /home/caden/Documents/rotom/src/ros2_ws/build/rotom_vision/build/lib/rotom_vision/visual_servo_node.py -> /home/caden/Documents/rotom/src/ros2_ws/install/rotom_vision/lib/python3.10/site-packages/rotom_vision
[2.841s] byte-compiling /home/caden/Documents/rotom/src/ros2_ws/install/rotom_vision/lib/python3.10/site-packages/rotom_vision/marker_follower_node.py to marker_follower_node.cpython-310.pyc
[2.844s] byte-compiling /home/caden/Documents/rotom/src/ros2_ws/install/rotom_vision/lib/python3.10/site-packages/rotom_vision/__init__.py to __init__.cpython-310.pyc
[2.844s] byte-compiling /home/caden/Documents/rotom/src/ros2_ws/install/rotom_vision/lib/python3.10/site-packages/rotom_vision/stereo_splitter_node.py to stereo_splitter_node.cpython-310.pyc
[2.848s] byte-compiling /home/caden/Documents/rotom/src/ros2_ws/install/rotom_vision/lib/python3.10/site-packages/rotom_vision/aruco_tracker_node.py to aruco_tracker_node.cpython-310.pyc
[2.850s] byte-compiling /home/caden/Documents/rotom/src/ros2_ws/install/rotom_vision/lib/python3.10/site-packages/rotom_vision/math_utils.py to math_utils.cpython-310.pyc
[2.852s] byte-compiling /home/caden/Documents/rotom/src/ros2_ws/install/rotom_vision/lib/python3.10/site-packages/rotom_vision/visual_servo_node.py to visual_servo_node.cpython-310.pyc
[2.855s] running install_data
[2.855s] copying resource/rotom_vision -> /home/caden/Documents/rotom/src/ros2_ws/install/rotom_vision/share/ament_index/resource_index/packages
[2.856s] copying package.xml -> /home/caden/Documents/rotom/src/ros2_ws/install/rotom_vision/share/rotom_vision
[2.856s] copying launch/vision_pipeline.launch.py -> /home/caden/Documents/rotom/src/ros2_ws/install/rotom_vision/share/rotom_vision/launch
[2.856s] copying config/vision_pipeline.yaml -> /home/caden/Documents/rotom/src/ros2_ws/install/rotom_vision/share/rotom_vision/config
[2.857s] copying config/camera_calibration.yaml -> /home/caden/Documents/rotom/src/ros2_ws/install/rotom_vision/share/rotom_vision/config
[2.857s] running install_egg_info
[2.860s] Copying ../../build/rotom_vision/rotom_vision.egg-info to /home/caden/Documents/rotom/src/ros2_ws/install/rotom_vision/lib/python3.10/site-packages/rotom_vision-0.0.1-py3.10.egg-info
[2.862s] running install_scripts
[2.901s] Installing aruco_tracker script to /home/caden/Documents/rotom/src/ros2_ws/install/rotom_vision/lib/rotom_vision
[2.902s] Installing marker_follower script to /home/caden/Documents/rotom/src/ros2_ws/install/rotom_vision/lib/rotom_vision
[2.902s] Installing stereo_splitter script to /home/caden/Documents/rotom/src/ros2_ws/install/rotom_vision/lib/rotom_vision
[2.902s] Installing visual_servo script to /home/caden/Documents/rotom/src/ros2_ws/install/rotom_vision/lib/rotom_vision
[2.902s] writing list of installed files to '/home/caden/Documents/rotom/src/ros2_ws/build/rotom_vision/install.log'
[2.966s] Invoked command in '/home/caden/Documents/rotom/src/ros2_ws/src/rotom_vision' returned '0': PYTHONPATH=/home/caden/Documents/rotom/src/ros2_ws/build/rotom_vision/prefix_override:/usr/lib/python3/dist-packages/colcon_core/task/python/colcon_distutils_commands:/home/caden/Documents/rotom/src/ros2_ws/install/rotom_vision/lib/python3.10/site-packages:${PYTHONPATH} /usr/bin/python3 -W ignore:setup.py install is deprecated -W ignore:easy_install command is deprecated setup.py egg_info --egg-base ../../build/rotom_vision build --build-base /home/caden/Documents/rotom/src/ros2_ws/build/rotom_vision/build install --record /home/caden/Documents/rotom/src/ros2_ws/build/rotom_vision/install.log --single-version-externally-managed install_data --force
