running develop
running egg_info
creating rotom_vision.egg-info
writing rotom_vision.egg-info/PKG-INFO
writing dependency_links to rotom_vision.egg-info/dependency_links.txt
writing entry points to rotom_vision.egg-info/entry_points.txt
writing requirements to rotom_vision.egg-info/requires.txt
writing top-level names to rotom_vision.egg-info/top_level.txt
writing manifest file 'rotom_vision.egg-info/SOURCES.txt'
reading manifest file 'rotom_vision.egg-info/SOURCES.txt'
writing manifest file 'rotom_vision.egg-info/SOURCES.txt'
running build_ext
Creating /home/caden/Documents/rotom/src/ros2_ws/install/rotom_vision/lib/python3.10/site-packages/rotom-vision.egg-link (link to .)
Installing aruco_tracker script to /home/caden/Documents/rotom/src/ros2_ws/install/rotom_vision/lib/rotom_vision
Installing marker_follower script to /home/caden/Documents/rotom/src/ros2_ws/install/rotom_vision/lib/rotom_vision
Installing stereo_splitter script to /home/caden/Documents/rotom/src/ros2_ws/install/rotom_vision/lib/rotom_vision
Installing visual_servo script to /home/caden/Documents/rotom/src/ros2_ws/install/rotom_vision/lib/rotom_vision

Installed /home/caden/Documents/rotom/src/ros2_ws/build/rotom_vision
running symlink_data
creating /home/caden/Documents/rotom/src/ros2_ws/install/rotom_vision/share/ament_index
creating /home/caden/Documents/rotom/src/ros2_ws/install/rotom_vision/share/ament_index/resource_index
creating /home/caden/Documents/rotom/src/ros2_ws/install/rotom_vision/share/ament_index/resource_index/packages
symbolically linking /home/caden/Documents/rotom/src/ros2_ws/build/rotom_vision/resource/rotom_vision -> /home/caden/Documents/rotom/src/ros2_ws/install/rotom_vision/share/ament_index/resource_index/packages
symbolically linking /home/caden/Documents/rotom/src/ros2_ws/build/rotom_vision/package.xml -> /home/caden/Documents/rotom/src/ros2_ws/install/rotom_vision/share/rotom_vision
creating /home/caden/Documents/rotom/src/ros2_ws/install/rotom_vision/share/rotom_vision/launch
symbolically linking /home/caden/Documents/rotom/src/ros2_ws/build/rotom_vision/launch/vision_pipeline.launch.py -> /home/caden/Documents/rotom/src/ros2_ws/install/rotom_vision/share/rotom_vision/launch
creating /home/caden/Documents/rotom/src/ros2_ws/install/rotom_vision/share/rotom_vision/config
symbolically linking /home/caden/Documents/rotom/src/ros2_ws/build/rotom_vision/config/vision_pipeline.yaml -> /home/caden/Documents/rotom/src/ros2_ws/install/rotom_vision/share/rotom_vision/config
