[2.660s] Invoking command in '/home/caden/Documents/rotom/src/ros2_ws/build/rotom_vision': PIXI_PROMPT=(rotom) PYTHONPATH=/home/caden/Documents/rotom/src/ros2_ws/build/rotom_vision/prefix_override:/usr/lib/python3/dist-packages/colcon_core/task/python/colcon_distutils_commands:/home/caden/Documents/rotom/src/ros2_ws/install/rotom_vision/lib/python3.10/site-packages:${PYTHONPATH} /usr/bin/python3 -W ignore:setup.py install is deprecated -W ignore:easy_install command is deprecated setup.py develop --editable --build-directory /home/caden/Documents/rotom/src/ros2_ws/build/rotom_vision/build --no-deps symlink_data
[3.218s] running develop
[3.626s] running egg_info
[3.627s] creating rotom_vision.egg-info
[3.627s] writing rotom_vision.egg-info/PKG-INFO
[3.627s] writing dependency_links to rotom_vision.egg-info/dependency_links.txt
[3.627s] writing entry points to rotom_vision.egg-info/entry_points.txt
[3.627s] writing requirements to rotom_vision.egg-info/requires.txt
[3.627s] writing top-level names to rotom_vision.egg-info/top_level.txt
[3.627s] writing manifest file 'rotom_vision.egg-info/SOURCES.txt'
[3.628s] reading manifest file 'rotom_vision.egg-info/SOURCES.txt'
[3.629s] writing manifest file 'rotom_vision.egg-info/SOURCES.txt'
[3.632s] running build_ext
[3.632s] Creating /home/caden/Documents/rotom/src/ros2_ws/install/rotom_vision/lib/python3.10/site-packages/rotom-vision.egg-link (link to .)
[3.634s] Installing aruco_tracker script to /home/caden/Documents/rotom/src/ros2_ws/install/rotom_vision/lib/rotom_vision
[3.636s] Installing marker_follower script to /home/caden/Documents/rotom/src/ros2_ws/install/rotom_vision/lib/rotom_vision
[3.636s] Installing stereo_splitter script to /home/caden/Documents/rotom/src/ros2_ws/install/rotom_vision/lib/rotom_vision
[3.637s] Installing visual_servo script to /home/caden/Documents/rotom/src/ros2_ws/install/rotom_vision/lib/rotom_vision
[3.637s] 
[3.638s] Installed /home/caden/Documents/rotom/src/ros2_ws/build/rotom_vision
[3.638s] running symlink_data
[3.638s] creating /home/caden/Documents/rotom/src/ros2_ws/install/rotom_vision/share/ament_index
[3.638s] creating /home/caden/Documents/rotom/src/ros2_ws/install/rotom_vision/share/ament_index/resource_index
[3.638s] creating /home/caden/Documents/rotom/src/ros2_ws/install/rotom_vision/share/ament_index/resource_index/packages
[3.638s] symbolically linking /home/caden/Documents/rotom/src/ros2_ws/build/rotom_vision/resource/rotom_vision -> /home/caden/Documents/rotom/src/ros2_ws/install/rotom_vision/share/ament_index/resource_index/packages
[3.638s] symbolically linking /home/caden/Documents/rotom/src/ros2_ws/build/rotom_vision/package.xml -> /home/caden/Documents/rotom/src/ros2_ws/install/rotom_vision/share/rotom_vision
[3.638s] creating /home/caden/Documents/rotom/src/ros2_ws/install/rotom_vision/share/rotom_vision/launch
[3.638s] symbolically linking /home/caden/Documents/rotom/src/ros2_ws/build/rotom_vision/launch/vision_pipeline.launch.py -> /home/caden/Documents/rotom/src/ros2_ws/install/rotom_vision/share/rotom_vision/launch
[3.639s] creating /home/caden/Documents/rotom/src/ros2_ws/install/rotom_vision/share/rotom_vision/config
[3.639s] symbolically linking /home/caden/Documents/rotom/src/ros2_ws/build/rotom_vision/config/vision_pipeline.yaml -> /home/caden/Documents/rotom/src/ros2_ws/install/rotom_vision/share/rotom_vision/config
[3.730s] Invoked command in '/home/caden/Documents/rotom/src/ros2_ws/build/rotom_vision' returned '0': PIXI_PROMPT=(rotom) PYTHONPATH=/home/caden/Documents/rotom/src/ros2_ws/build/rotom_vision/prefix_override:/usr/lib/python3/dist-packages/colcon_core/task/python/colcon_distutils_commands:/home/caden/Documents/rotom/src/ros2_ws/install/rotom_vision/lib/python3.10/site-packages:${PYTHONPATH} /usr/bin/python3 -W ignore:setup.py install is deprecated -W ignore:easy_install command is deprecated setup.py develop --editable --build-directory /home/caden/Documents/rotom/src/ros2_ws/build/rotom_vision/build --no-deps symlink_data
