[1.457s] Invoking command in '/home/caden/Documents/rotom/src/ros2_ws/build/rotom_description': PIXI_PROMPT=(rotom) PS1=(rotom) \[\e]0;\u@\h: \w\a\]${debian_chroot:+($debian_chroot)}\[\033[01;32m\]\u@\h\[\033[00m\]:\[\033[01;34m\]\w\[\033[00m\]\$ PYTHONPATH=/home/caden/Documents/rotom/src/ros2_ws/build/rotom_description/prefix_override:/usr/lib/python3/dist-packages/colcon_core/task/python/colcon_distutils_commands:/home/caden/Documents/rotom/src/ros2_ws/install/rotom_description/lib/python3.10/site-packages:${PYTHONPATH} /usr/bin/python3 -W ignore:setup.py install is deprecated -W ignore:easy_install command is deprecated setup.py develop --editable --build-directory /home/caden/Documents/rotom/src/ros2_ws/build/rotom_description/build --no-deps symlink_data
[2.056s] running develop
[2.499s] running egg_info
[2.499s] creating rotom_description.egg-info
[2.500s] writing rotom_description.egg-info/PKG-INFO
[2.500s] writing dependency_links to rotom_description.egg-info/dependency_links.txt
[2.501s] writing entry points to rotom_description.egg-info/entry_points.txt
[2.501s] writing requirements to rotom_description.egg-info/requires.txt
[2.501s] writing top-level names to rotom_description.egg-info/top_level.txt
[2.502s] writing manifest file 'rotom_description.egg-info/SOURCES.txt'
[2.506s] reading manifest file 'rotom_description.egg-info/SOURCES.txt'
[2.508s] writing manifest file 'rotom_description.egg-info/SOURCES.txt'
[2.517s] running build_ext
[2.519s] Creating /home/caden/Documents/rotom/src/ros2_ws/install/rotom_description/lib/python3.10/site-packages/rotom-description.egg-link (link to .)
[2.519s] 
[2.519s] Installed /home/caden/Documents/rotom/src/ros2_ws/build/rotom_description
[2.519s] running symlink_data
[2.519s] creating /home/caden/Documents/rotom/src/ros2_ws/install/rotom_description/share/ament_index
[2.519s] creating /home/caden/Documents/rotom/src/ros2_ws/install/rotom_description/share/ament_index/resource_index
[2.520s] creating /home/caden/Documents/rotom/src/ros2_ws/install/rotom_description/share/ament_index/resource_index/packages
[2.520s] symbolically linking /home/caden/Documents/rotom/src/ros2_ws/build/rotom_description/resource/rotom_description -> /home/caden/Documents/rotom/src/ros2_ws/install/rotom_description/share/ament_index/resource_index/packages
[2.520s] symbolically linking /home/caden/Documents/rotom/src/ros2_ws/build/rotom_description/package.xml -> /home/caden/Documents/rotom/src/ros2_ws/install/rotom_description/share/rotom_description
[2.520s] creating /home/caden/Documents/rotom/src/ros2_ws/install/rotom_description/share/rotom_description/launch
[2.521s] symbolically linking /home/caden/Documents/rotom/src/ros2_ws/build/rotom_description/launch/view_robot.launch.py -> /home/caden/Documents/rotom/src/ros2_ws/install/rotom_description/share/rotom_description/launch
[2.521s] creating /home/caden/Documents/rotom/src/ros2_ws/install/rotom_description/share/rotom_description/urdf
[2.521s] symbolically linking /home/caden/Documents/rotom/src/ros2_ws/build/rotom_description/urdf/rotom.urdf.xacro -> /home/caden/Documents/rotom/src/ros2_ws/install/rotom_description/share/rotom_description/urdf
[2.521s] creating /home/caden/Documents/rotom/src/ros2_ws/install/rotom_description/share/rotom_description/rviz
[2.521s] symbolically linking /home/caden/Documents/rotom/src/ros2_ws/build/rotom_description/rviz/view_robot.rviz -> /home/caden/Documents/rotom/src/ros2_ws/install/rotom_description/share/rotom_description/rviz
[2.521s] creating /home/caden/Documents/rotom/src/ros2_ws/install/rotom_description/share/rotom_description/meshes
[2.521s] creating /home/caden/Documents/rotom/src/ros2_ws/install/rotom_description/share/rotom_description/meshes/visual
[2.521s] symbolically linking /home/caden/Documents/rotom/src/ros2_ws/build/rotom_description/meshes/visual/flick2claw.stl -> /home/caden/Documents/rotom/src/ros2_ws/install/rotom_description/share/rotom_description/meshes/visual
[2.522s] symbolically linking /home/caden/Documents/rotom/src/ros2_ws/build/rotom_description/meshes/visual/elbow2wrist.stl -> /home/caden/Documents/rotom/src/ros2_ws/install/rotom_description/share/rotom_description/meshes/visual
[2.522s] symbolically linking /home/caden/Documents/rotom/src/ros2_ws/build/rotom_description/meshes/visual/wrist2flick.stl -> /home/caden/Documents/rotom/src/ros2_ws/install/rotom_description/share/rotom_description/meshes/visual
[2.522s] symbolically linking /home/caden/Documents/rotom/src/ros2_ws/build/rotom_description/meshes/visual/origin2base.stl -> /home/caden/Documents/rotom/src/ros2_ws/install/rotom_description/share/rotom_description/meshes/visual
[2.522s] symbolically linking /home/caden/Documents/rotom/src/ros2_ws/build/rotom_description/meshes/visual/base2shoulder.stl -> /home/caden/Documents/rotom/src/ros2_ws/install/rotom_description/share/rotom_description/meshes/visual
[2.522s] symbolically linking /home/caden/Documents/rotom/src/ros2_ws/build/rotom_description/meshes/visual/EE.stl -> /home/caden/Documents/rotom/src/ros2_ws/install/rotom_description/share/rotom_description/meshes/visual
[2.522s] symbolically linking /home/caden/Documents/rotom/src/ros2_ws/build/rotom_description/meshes/visual/shoulder2elbow.stl -> /home/caden/Documents/rotom/src/ros2_ws/install/rotom_description/share/rotom_description/meshes/visual
[2.522s] creating /home/caden/Documents/rotom/src/ros2_ws/install/rotom_description/share/rotom_description/meshes/collision
[2.610s] Invoked command in '/home/caden/Documents/rotom/src/ros2_ws/build/rotom_description' returned '0': PIXI_PROMPT=(rotom) PS1=(rotom) \[\e]0;\u@\h: \w\a\]${debian_chroot:+($debian_chroot)}\[\033[01;32m\]\u@\h\[\033[00m\]:\[\033[01;34m\]\w\[\033[00m\]\$ PYTHONPATH=/home/caden/Documents/rotom/src/ros2_ws/build/rotom_description/prefix_override:/usr/lib/python3/dist-packages/colcon_core/task/python/colcon_distutils_commands:/home/caden/Documents/rotom/src/ros2_ws/install/rotom_description/lib/python3.10/site-packages:${PYTHONPATH} /usr/bin/python3 -W ignore:setup.py install is deprecated -W ignore:easy_install command is deprecated setup.py develop --editable --build-directory /home/caden/Documents/rotom/src/ros2_ws/build/rotom_description/build --no-deps symlink_data
