[0.026s] Invoking command in '/home/caden/Documents/rotom/src/ros2_ws/build/rotom_moveit_config': AMENT_PREFIX_PATH=/home/caden/Documents/rotom/src/ros2_ws/install/rotom_description:/home/caden/Documents/rotom/src/ros2_ws/install/rotom_vision:/home/caden/Documents/rotom/src/ros2_ws/install/rotom_moveit_config:/home/caden/Documents/rotom/src/ros2_ws/install/rotom_control:/opt/ros/humble CMAKE_PREFIX_PATH=${CMAKE_PREFIX_PATH}:/home/caden/Documents/rotom/src/ros2_ws/install/rotom_vision:/home/caden/Documents/rotom/src/ros2_ws/install/rotom_description:/home/caden/Documents/rotom/src/ros2_ws/install/rotom_control:/opt/ros/humble PIXI_PROMPT=(rotom) PYTHONPATH=/home/caden/Documents/rotom/src/ros2_ws/build/rotom_description:/home/caden/Documents/rotom/src/ros2_ws/install/rotom_description/lib/python3.10/site-packages:/home/caden/Documents/rotom/src/ros2_ws/install/rotom_vision/lib/python3.10/site-packages:/home/caden/Documents/rotom/src/ros2_ws/build/rotom_control:/home/caden/Documents/rotom/src/ros2_ws/install/rotom_control/lib/python3.10/site-packages:/opt/ros/humble/lib/python3.10/site-packages:/opt/ros/humble/local/lib/python3.10/dist-packages /usr/bin/cmake /home/caden/Documents/rotom/src/ros2_ws/src/rotom_moveit_config -DPython3_EXECUTABLE=/usr/bin/python3 -DAMENT_CMAKE_SYMLINK_INSTALL=1 -DCMAKE_INSTALL_PREFIX=/home/caden/Documents/rotom/src/ros2_ws/install/rotom_moveit_config
[0.252s] -- The C compiler identification is GNU 11.4.0
[0.396s] -- The CXX compiler identification is GNU 11.4.0
[0.419s] -- Detecting C compiler ABI info
[0.548s] -- Detecting C compiler ABI info - done
[0.576s] -- Check for working C compiler: /usr/bin/cc - skipped
[0.577s] -- Detecting C compile features
[0.577s] -- Detecting C compile features - done
[0.592s] -- Detecting CXX compiler ABI info
[0.748s] -- Detecting CXX compiler ABI info - done
[0.769s] -- Check for working CXX compiler: /usr/bin/c++ - skipped
[0.770s] -- Detecting CXX compile features
[0.771s] -- Detecting CXX compile features - done
[0.789s] -- Found ament_cmake: 1.3.12 (/opt/ros/humble/share/ament_cmake/cmake)
[1.122s] -- Found Python3: /usr/bin/python3 (found version "3.10.12") found components: Interpreter 
[1.276s] -- Override CMake install command with custom implementation using symlinks instead of copying resources
[1.551s] -- Configuring done
[1.560s] -- Generating done
[1.565s] -- Build files have been written to: /home/caden/Documents/rotom/src/ros2_ws/build/rotom_moveit_config
[1.579s] Invoked command in '/home/caden/Documents/rotom/src/ros2_ws/build/rotom_moveit_config' returned '0': AMENT_PREFIX_PATH=/home/caden/Documents/rotom/src/ros2_ws/install/rotom_description:/home/caden/Documents/rotom/src/ros2_ws/install/rotom_vision:/home/caden/Documents/rotom/src/ros2_ws/install/rotom_moveit_config:/home/caden/Documents/rotom/src/ros2_ws/install/rotom_control:/opt/ros/humble CMAKE_PREFIX_PATH=${CMAKE_PREFIX_PATH}:/home/caden/Documents/rotom/src/ros2_ws/install/rotom_vision:/home/caden/Documents/rotom/src/ros2_ws/install/rotom_description:/home/caden/Documents/rotom/src/ros2_ws/install/rotom_control:/opt/ros/humble PIXI_PROMPT=(rotom) PYTHONPATH=/home/caden/Documents/rotom/src/ros2_ws/build/rotom_description:/home/caden/Documents/rotom/src/ros2_ws/install/rotom_description/lib/python3.10/site-packages:/home/caden/Documents/rotom/src/ros2_ws/install/rotom_vision/lib/python3.10/site-packages:/home/caden/Documents/rotom/src/ros2_ws/build/rotom_control:/home/caden/Documents/rotom/src/ros2_ws/install/rotom_control/lib/python3.10/site-packages:/opt/ros/humble/lib/python3.10/site-packages:/opt/ros/humble/local/lib/python3.10/dist-packages /usr/bin/cmake /home/caden/Documents/rotom/src/ros2_ws/src/rotom_moveit_config -DPython3_EXECUTABLE=/usr/bin/python3 -DAMENT_CMAKE_SYMLINK_INSTALL=1 -DCMAKE_INSTALL_PREFIX=/home/caden/Documents/rotom/src/ros2_ws/install/rotom_moveit_config
[1.586s] Invoking command in '/home/caden/Documents/rotom/src/ros2_ws/build/rotom_moveit_config': AMENT_PREFIX_PATH=/home/caden/Documents/rotom/src/ros2_ws/install/rotom_description:/home/caden/Documents/rotom/src/ros2_ws/install/rotom_vision:/home/caden/Documents/rotom/src/ros2_ws/install/rotom_moveit_config:/home/caden/Documents/rotom/src/ros2_ws/install/rotom_control:/opt/ros/humble CMAKE_PREFIX_PATH=${CMAKE_PREFIX_PATH}:/home/caden/Documents/rotom/src/ros2_ws/install/rotom_vision:/home/caden/Documents/rotom/src/ros2_ws/install/rotom_description:/home/caden/Documents/rotom/src/ros2_ws/install/rotom_control:/opt/ros/humble PIXI_PROMPT=(rotom) PYTHONPATH=/home/caden/Documents/rotom/src/ros2_ws/build/rotom_description:/home/caden/Documents/rotom/src/ros2_ws/install/rotom_description/lib/python3.10/site-packages:/home/caden/Documents/rotom/src/ros2_ws/install/rotom_vision/lib/python3.10/site-packages:/home/caden/Documents/rotom/src/ros2_ws/build/rotom_control:/home/caden/Documents/rotom/src/ros2_ws/install/rotom_control/lib/python3.10/site-packages:/opt/ros/humble/lib/python3.10/site-packages:/opt/ros/humble/local/lib/python3.10/dist-packages /usr/bin/cmake --build /home/caden/Documents/rotom/src/ros2_ws/build/rotom_moveit_config -- -j6 -l6
[1.660s] Invoked command in '/home/caden/Documents/rotom/src/ros2_ws/build/rotom_moveit_config' returned '0': AMENT_PREFIX_PATH=/home/caden/Documents/rotom/src/ros2_ws/install/rotom_description:/home/caden/Documents/rotom/src/ros2_ws/install/rotom_vision:/home/caden/Documents/rotom/src/ros2_ws/install/rotom_moveit_config:/home/caden/Documents/rotom/src/ros2_ws/install/rotom_control:/opt/ros/humble CMAKE_PREFIX_PATH=${CMAKE_PREFIX_PATH}:/home/caden/Documents/rotom/src/ros2_ws/install/rotom_vision:/home/caden/Documents/rotom/src/ros2_ws/install/rotom_description:/home/caden/Documents/rotom/src/ros2_ws/install/rotom_control:/opt/ros/humble PIXI_PROMPT=(rotom) PYTHONPATH=/home/caden/Documents/rotom/src/ros2_ws/build/rotom_description:/home/caden/Documents/rotom/src/ros2_ws/install/rotom_description/lib/python3.10/site-packages:/home/caden/Documents/rotom/src/ros2_ws/install/rotom_vision/lib/python3.10/site-packages:/home/caden/Documents/rotom/src/ros2_ws/build/rotom_control:/home/caden/Documents/rotom/src/ros2_ws/install/rotom_control/lib/python3.10/site-packages:/opt/ros/humble/lib/python3.10/site-packages:/opt/ros/humble/local/lib/python3.10/dist-packages /usr/bin/cmake --build /home/caden/Documents/rotom/src/ros2_ws/build/rotom_moveit_config -- -j6 -l6
[1.687s] Invoking command in '/home/caden/Documents/rotom/src/ros2_ws/build/rotom_moveit_config': AMENT_PREFIX_PATH=/home/caden/Documents/rotom/src/ros2_ws/install/rotom_description:/home/caden/Documents/rotom/src/ros2_ws/install/rotom_vision:/home/caden/Documents/rotom/src/ros2_ws/install/rotom_moveit_config:/home/caden/Documents/rotom/src/ros2_ws/install/rotom_control:/opt/ros/humble CMAKE_PREFIX_PATH=${CMAKE_PREFIX_PATH}:/home/caden/Documents/rotom/src/ros2_ws/install/rotom_vision:/home/caden/Documents/rotom/src/ros2_ws/install/rotom_description:/home/caden/Documents/rotom/src/ros2_ws/install/rotom_control:/opt/ros/humble PIXI_PROMPT=(rotom) PYTHONPATH=/home/caden/Documents/rotom/src/ros2_ws/build/rotom_description:/home/caden/Documents/rotom/src/ros2_ws/install/rotom_description/lib/python3.10/site-packages:/home/caden/Documents/rotom/src/ros2_ws/install/rotom_vision/lib/python3.10/site-packages:/home/caden/Documents/rotom/src/ros2_ws/build/rotom_control:/home/caden/Documents/rotom/src/ros2_ws/install/rotom_control/lib/python3.10/site-packages:/opt/ros/humble/lib/python3.10/site-packages:/opt/ros/humble/local/lib/python3.10/dist-packages /usr/bin/cmake --install /home/caden/Documents/rotom/src/ros2_ws/build/rotom_moveit_config
[1.699s] -- Install configuration: ""
[1.700s] -- Execute custom install script
[1.701s] -- Symlinking: /home/caden/Documents/rotom/src/ros2_ws/install/rotom_moveit_config/share/ament_index/resource_index/package_run_dependencies/rotom_moveit_config
[1.719s] -- Symlinking: /home/caden/Documents/rotom/src/ros2_ws/install/rotom_moveit_config/share/ament_index/resource_index/parent_prefix_path/rotom_moveit_config
[1.739s] -- Symlinking: /home/caden/Documents/rotom/src/ros2_ws/install/rotom_moveit_config/share/rotom_moveit_config/environment/ament_prefix_path.sh
[1.759s] -- Symlinking: /home/caden/Documents/rotom/src/ros2_ws/install/rotom_moveit_config/share/rotom_moveit_config/environment/ament_prefix_path.dsv
[1.784s] -- Symlinking: /home/caden/Documents/rotom/src/ros2_ws/install/rotom_moveit_config/share/rotom_moveit_config/environment/path.sh
[1.801s] -- Symlinking: /home/caden/Documents/rotom/src/ros2_ws/install/rotom_moveit_config/share/rotom_moveit_config/environment/path.dsv
[1.818s] -- Symlinking: /home/caden/Documents/rotom/src/ros2_ws/install/rotom_moveit_config/share/rotom_moveit_config/local_setup.bash
[1.835s] -- Symlinking: /home/caden/Documents/rotom/src/ros2_ws/install/rotom_moveit_config/share/rotom_moveit_config/local_setup.sh
[1.853s] -- Symlinking: /home/caden/Documents/rotom/src/ros2_ws/install/rotom_moveit_config/share/rotom_moveit_config/local_setup.zsh
[1.871s] -- Symlinking: /home/caden/Documents/rotom/src/ros2_ws/install/rotom_moveit_config/share/rotom_moveit_config/local_setup.dsv
[1.892s] -- Symlinking: /home/caden/Documents/rotom/src/ros2_ws/install/rotom_moveit_config/share/rotom_moveit_config/package.dsv
[1.909s] -- Symlinking: /home/caden/Documents/rotom/src/ros2_ws/install/rotom_moveit_config/share/ament_index/resource_index/packages/rotom_moveit_config
[1.925s] -- Symlinking: /home/caden/Documents/rotom/src/ros2_ws/install/rotom_moveit_config/share/rotom_moveit_config/cmake/rotom_moveit_configConfig.cmake
[1.941s] -- Symlinking: /home/caden/Documents/rotom/src/ros2_ws/install/rotom_moveit_config/share/rotom_moveit_config/cmake/rotom_moveit_configConfig-version.cmake
[1.957s] -- Symlinking: /home/caden/Documents/rotom/src/ros2_ws/install/rotom_moveit_config/share/rotom_moveit_config/package.xml
[1.983s] -- Symlinking: /home/caden/Documents/rotom/src/ros2_ws/install/rotom_moveit_config/share/rotom_moveit_config/launch/__pycache__/demo.launch.cpython-310.pyc
[2.007s] -- Symlinking: /home/caden/Documents/rotom/src/ros2_ws/install/rotom_moveit_config/share/rotom_moveit_config/launch/__pycache__/move_group.launch.cpython-310.pyc
[2.025s] -- Symlinking: /home/caden/Documents/rotom/src/ros2_ws/install/rotom_moveit_config/share/rotom_moveit_config/launch/__pycache__/moveit_rviz.launch.cpython-310.pyc
[2.042s] -- Symlinking: /home/caden/Documents/rotom/src/ros2_ws/install/rotom_moveit_config/share/rotom_moveit_config/launch/demo.launch.py
[2.060s] -- Symlinking: /home/caden/Documents/rotom/src/ros2_ws/install/rotom_moveit_config/share/rotom_moveit_config/launch/move_group.launch.py
[2.080s] -- Symlinking: /home/caden/Documents/rotom/src/ros2_ws/install/rotom_moveit_config/share/rotom_moveit_config/launch/moveit_rviz.launch.py
[2.100s] -- Symlinking: /home/caden/Documents/rotom/src/ros2_ws/install/rotom_moveit_config/share/rotom_moveit_config/launch/rsp.launch.py
[2.117s] -- Symlinking: /home/caden/Documents/rotom/src/ros2_ws/install/rotom_moveit_config/share/rotom_moveit_config/launch/setup_assistant.launch.py
[2.133s] -- Symlinking: /home/caden/Documents/rotom/src/ros2_ws/install/rotom_moveit_config/share/rotom_moveit_config/launch/spawn_controllers.launch.py
[2.149s] -- Symlinking: /home/caden/Documents/rotom/src/ros2_ws/install/rotom_moveit_config/share/rotom_moveit_config/launch/static_virtual_joint_tfs.launch.py
[2.167s] -- Symlinking: /home/caden/Documents/rotom/src/ros2_ws/install/rotom_moveit_config/share/rotom_moveit_config/launch/warehouse_db.launch.py
[2.195s] -- Symlinking: /home/caden/Documents/rotom/src/ros2_ws/install/rotom_moveit_config/share/rotom_moveit_config/config/initial_positions.yaml
[2.214s] -- Symlinking: /home/caden/Documents/rotom/src/ros2_ws/install/rotom_moveit_config/share/rotom_moveit_config/config/joint_limits.yaml
[2.232s] -- Symlinking: /home/caden/Documents/rotom/src/ros2_ws/install/rotom_moveit_config/share/rotom_moveit_config/config/kinematics.yaml
[2.250s] -- Symlinking: /home/caden/Documents/rotom/src/ros2_ws/install/rotom_moveit_config/share/rotom_moveit_config/config/moveit.rviz
[2.267s] -- Symlinking: /home/caden/Documents/rotom/src/ros2_ws/install/rotom_moveit_config/share/rotom_moveit_config/config/moveit_controllers.yaml
[2.289s] -- Symlinking: /home/caden/Documents/rotom/src/ros2_ws/install/rotom_moveit_config/share/rotom_moveit_config/config/pilz_cartesian_limits.yaml
[2.307s] -- Symlinking: /home/caden/Documents/rotom/src/ros2_ws/install/rotom_moveit_config/share/rotom_moveit_config/config/ros2_controllers.yaml
[2.324s] -- Symlinking: /home/caden/Documents/rotom/src/ros2_ws/install/rotom_moveit_config/share/rotom_moveit_config/config/rotom.ros2_control.xacro
[2.342s] -- Symlinking: /home/caden/Documents/rotom/src/ros2_ws/install/rotom_moveit_config/share/rotom_moveit_config/config/rotom.srdf
[2.359s] -- Symlinking: /home/caden/Documents/rotom/src/ros2_ws/install/rotom_moveit_config/share/rotom_moveit_config/config/rotom.urdf.xacro
[2.383s] -- Symlinking: /home/caden/Documents/rotom/src/ros2_ws/install/rotom_moveit_config/share/rotom_moveit_config/.setup_assistant
[2.408s] Invoked command in '/home/caden/Documents/rotom/src/ros2_ws/build/rotom_moveit_config' returned '0': AMENT_PREFIX_PATH=/home/caden/Documents/rotom/src/ros2_ws/install/rotom_description:/home/caden/Documents/rotom/src/ros2_ws/install/rotom_vision:/home/caden/Documents/rotom/src/ros2_ws/install/rotom_moveit_config:/home/caden/Documents/rotom/src/ros2_ws/install/rotom_control:/opt/ros/humble CMAKE_PREFIX_PATH=${CMAKE_PREFIX_PATH}:/home/caden/Documents/rotom/src/ros2_ws/install/rotom_vision:/home/caden/Documents/rotom/src/ros2_ws/install/rotom_description:/home/caden/Documents/rotom/src/ros2_ws/install/rotom_control:/opt/ros/humble PIXI_PROMPT=(rotom) PYTHONPATH=/home/caden/Documents/rotom/src/ros2_ws/build/rotom_description:/home/caden/Documents/rotom/src/ros2_ws/install/rotom_description/lib/python3.10/site-packages:/home/caden/Documents/rotom/src/ros2_ws/install/rotom_vision/lib/python3.10/site-packages:/home/caden/Documents/rotom/src/ros2_ws/build/rotom_control:/home/caden/Documents/rotom/src/ros2_ws/install/rotom_control/lib/python3.10/site-packages:/opt/ros/humble/lib/python3.10/site-packages:/opt/ros/humble/local/lib/python3.10/dist-packages /usr/bin/cmake --install /home/caden/Documents/rotom/src/ros2_ws/build/rotom_moveit_config
