running develop
Removing /home/caden/Documents/rotom/src/ros2_ws/install/rotom_description/lib/python3.10/site-packages/rotom-description.egg-link (link to .)
running egg_info
writing ../../build/rotom_description/rotom_description.egg-info/PKG-INFO
writing dependency_links to ../../build/rotom_description/rotom_description.egg-info/dependency_links.txt
writing entry points to ../../build/rotom_description/rotom_description.egg-info/entry_points.txt
writing requirements to ../../build/rotom_description/rotom_description.egg-info/requires.txt
writing top-level names to ../../build/rotom_description/rotom_description.egg-info/top_level.txt
reading manifest file '../../build/rotom_description/rotom_description.egg-info/SOURCES.txt'
writing manifest file '../../build/rotom_description/rotom_description.egg-info/SOURCES.txt'
running build
running build_py
creating /home/caden/Documents/rotom/src/ros2_ws/build/rotom_description/build
creating /home/caden/Documents/rotom/src/ros2_ws/build/rotom_description/build/lib
creating /home/caden/Documents/rotom/src/ros2_ws/build/rotom_description/build/lib/rotom_description
copying rotom_description/__init__.py -> /home/caden/Documents/rotom/src/ros2_ws/build/rotom_description/build/lib/rotom_description
running install
running install_lib
creating /home/caden/Documents/rotom/src/ros2_ws/install/rotom_description/lib/python3.10/site-packages/rotom_description
copying /home/caden/Documents/rotom/src/ros2_ws/build/rotom_description/build/lib/rotom_description/__init__.py -> /home/caden/Documents/rotom/src/ros2_ws/install/rotom_description/lib/python3.10/site-packages/rotom_description
byte-compiling /home/caden/Documents/rotom/src/ros2_ws/install/rotom_description/lib/python3.10/site-packages/rotom_description/__init__.py to __init__.cpython-310.pyc
running install_data
copying resource/rotom_description -> /home/caden/Documents/rotom/src/ros2_ws/install/rotom_description/share/ament_index/resource_index/packages
copying package.xml -> /home/caden/Documents/rotom/src/ros2_ws/install/rotom_description/share/rotom_description
copying launch/view_robot.launch.py -> /home/caden/Documents/rotom/src/ros2_ws/install/rotom_description/share/rotom_description/launch
copying urdf/rotom.urdf.xacro -> /home/caden/Documents/rotom/src/ros2_ws/install/rotom_description/share/rotom_description/urdf
copying rviz/view_robot.rviz -> /home/caden/Documents/rotom/src/ros2_ws/install/rotom_description/share/rotom_description/rviz
copying meshes/visual/flick2claw.stl -> /home/caden/Documents/rotom/src/ros2_ws/install/rotom_description/share/rotom_description/meshes/visual
copying meshes/visual/elbow2wrist.stl -> /home/caden/Documents/rotom/src/ros2_ws/install/rotom_description/share/rotom_description/meshes/visual
copying meshes/visual/wrist2flick.stl -> /home/caden/Documents/rotom/src/ros2_ws/install/rotom_description/share/rotom_description/meshes/visual
copying meshes/visual/origin2base.stl -> /home/caden/Documents/rotom/src/ros2_ws/install/rotom_description/share/rotom_description/meshes/visual
copying meshes/visual/base2shoulder.stl -> /home/caden/Documents/rotom/src/ros2_ws/install/rotom_description/share/rotom_description/meshes/visual
copying meshes/visual/EE.stl -> /home/caden/Documents/rotom/src/ros2_ws/install/rotom_description/share/rotom_description/meshes/visual
copying meshes/visual/shoulder2elbow.stl -> /home/caden/Documents/rotom/src/ros2_ws/install/rotom_description/share/rotom_description/meshes/visual
running install_egg_info
Copying ../../build/rotom_description/rotom_description.egg-info to /home/caden/Documents/rotom/src/ros2_ws/install/rotom_description/lib/python3.10/site-packages/rotom_description-0.0.0-py3.10.egg-info
running install_scripts
writing list of installed files to '/home/caden/Documents/rotom/src/ros2_ws/build/rotom_description/install.log'
