[2.604s] Invoking command in '/home/caden/Documents/rotom/src/ros2_ws/build/rotom_description': PYTHONPATH=/home/caden/Documents/rotom/src/ros2_ws/build/rotom_description/prefix_override:/usr/lib/python3/dist-packages/colcon_core/task/python/colcon_distutils_commands:/home/caden/Documents/rotom/src/ros2_ws/install/rotom_description/lib/python3.10/site-packages:${PYTHONPATH} /usr/bin/python3 -W ignore:setup.py install is deprecated -W ignore:easy_install command is deprecated setup.py develop --uninstall --editable --build-directory /home/caden/Documents/rotom/src/ros2_ws/build/rotom_description/build
[3.343s] running develop
[3.864s] Removing /home/caden/Documents/rotom/src/ros2_ws/install/rotom_description/lib/python3.10/site-packages/rotom-description.egg-link (link to .)
[3.988s] Invoked command in '/home/caden/Documents/rotom/src/ros2_ws/build/rotom_description' returned '0': PYTHONPATH=/home/caden/Documents/rotom/src/ros2_ws/build/rotom_description/prefix_override:/usr/lib/python3/dist-packages/colcon_core/task/python/colcon_distutils_commands:/home/caden/Documents/rotom/src/ros2_ws/install/rotom_description/lib/python3.10/site-packages:${PYTHONPATH} /usr/bin/python3 -W ignore:setup.py install is deprecated -W ignore:easy_install command is deprecated setup.py develop --uninstall --editable --build-directory /home/caden/Documents/rotom/src/ros2_ws/build/rotom_description/build
[3.989s] Invoking command in '/home/caden/Documents/rotom/src/ros2_ws/src/rotom_description': PYTHONPATH=/home/caden/Documents/rotom/src/ros2_ws/build/rotom_description/prefix_override:/usr/lib/python3/dist-packages/colcon_core/task/python/colcon_distutils_commands:/home/caden/Documents/rotom/src/ros2_ws/install/rotom_description/lib/python3.10/site-packages:${PYTHONPATH} /usr/bin/python3 -W ignore:setup.py install is deprecated -W ignore:easy_install command is deprecated setup.py egg_info --egg-base ../../build/rotom_description build --build-base /home/caden/Documents/rotom/src/ros2_ws/build/rotom_description/build install --record /home/caden/Documents/rotom/src/ros2_ws/build/rotom_description/install.log --single-version-externally-managed install_data --force
[4.674s] running egg_info
[4.676s] writing ../../build/rotom_description/rotom_description.egg-info/PKG-INFO
[4.677s] writing dependency_links to ../../build/rotom_description/rotom_description.egg-info/dependency_links.txt
[4.677s] writing entry points to ../../build/rotom_description/rotom_description.egg-info/entry_points.txt
[4.678s] writing requirements to ../../build/rotom_description/rotom_description.egg-info/requires.txt
[4.678s] writing top-level names to ../../build/rotom_description/rotom_description.egg-info/top_level.txt
[4.682s] reading manifest file '../../build/rotom_description/rotom_description.egg-info/SOURCES.txt'
[4.685s] writing manifest file '../../build/rotom_description/rotom_description.egg-info/SOURCES.txt'
[4.686s] running build
[4.687s] running build_py
[4.687s] creating /home/caden/Documents/rotom/src/ros2_ws/build/rotom_description/build
[4.687s] creating /home/caden/Documents/rotom/src/ros2_ws/build/rotom_description/build/lib
[4.687s] creating /home/caden/Documents/rotom/src/ros2_ws/build/rotom_description/build/lib/rotom_description
[4.688s] copying rotom_description/__init__.py -> /home/caden/Documents/rotom/src/ros2_ws/build/rotom_description/build/lib/rotom_description
[4.688s] running install
[4.689s] running install_lib
[4.690s] creating /home/caden/Documents/rotom/src/ros2_ws/install/rotom_description/lib/python3.10/site-packages/rotom_description
[4.690s] copying /home/caden/Documents/rotom/src/ros2_ws/build/rotom_description/build/lib/rotom_description/__init__.py -> /home/caden/Documents/rotom/src/ros2_ws/install/rotom_description/lib/python3.10/site-packages/rotom_description
[4.690s] byte-compiling /home/caden/Documents/rotom/src/ros2_ws/install/rotom_description/lib/python3.10/site-packages/rotom_description/__init__.py to __init__.cpython-310.pyc
[4.691s] running install_data
[4.691s] copying resource/rotom_description -> /home/caden/Documents/rotom/src/ros2_ws/install/rotom_description/share/ament_index/resource_index/packages
[4.692s] copying package.xml -> /home/caden/Documents/rotom/src/ros2_ws/install/rotom_description/share/rotom_description
[4.693s] copying launch/view_robot.launch.py -> /home/caden/Documents/rotom/src/ros2_ws/install/rotom_description/share/rotom_description/launch
[4.695s] copying urdf/rotom.urdf.xacro -> /home/caden/Documents/rotom/src/ros2_ws/install/rotom_description/share/rotom_description/urdf
[4.696s] copying rviz/view_robot.rviz -> /home/caden/Documents/rotom/src/ros2_ws/install/rotom_description/share/rotom_description/rviz
[4.696s] copying meshes/visual/flick2claw.stl -> /home/caden/Documents/rotom/src/ros2_ws/install/rotom_description/share/rotom_description/meshes/visual
[4.704s] copying meshes/visual/elbow2wrist.stl -> /home/caden/Documents/rotom/src/ros2_ws/install/rotom_description/share/rotom_description/meshes/visual
[4.710s] copying meshes/visual/wrist2flick.stl -> /home/caden/Documents/rotom/src/ros2_ws/install/rotom_description/share/rotom_description/meshes/visual
[4.715s] copying meshes/visual/origin2base.stl -> /home/caden/Documents/rotom/src/ros2_ws/install/rotom_description/share/rotom_description/meshes/visual
[4.718s] copying meshes/visual/base2shoulder.stl -> /home/caden/Documents/rotom/src/ros2_ws/install/rotom_description/share/rotom_description/meshes/visual
[4.720s] copying meshes/visual/EE.stl -> /home/caden/Documents/rotom/src/ros2_ws/install/rotom_description/share/rotom_description/meshes/visual
[4.727s] copying meshes/visual/shoulder2elbow.stl -> /home/caden/Documents/rotom/src/ros2_ws/install/rotom_description/share/rotom_description/meshes/visual
[4.735s] running install_egg_info
[4.743s] Copying ../../build/rotom_description/rotom_description.egg-info to /home/caden/Documents/rotom/src/ros2_ws/install/rotom_description/lib/python3.10/site-packages/rotom_description-0.0.0-py3.10.egg-info
[4.747s] running install_scripts
[4.798s] writing list of installed files to '/home/caden/Documents/rotom/src/ros2_ws/build/rotom_description/install.log'
[4.884s] Invoked command in '/home/caden/Documents/rotom/src/ros2_ws/src/rotom_description' returned '0': PYTHONPATH=/home/caden/Documents/rotom/src/ros2_ws/build/rotom_description/prefix_override:/usr/lib/python3/dist-packages/colcon_core/task/python/colcon_distutils_commands:/home/caden/Documents/rotom/src/ros2_ws/install/rotom_description/lib/python3.10/site-packages:${PYTHONPATH} /usr/bin/python3 -W ignore:setup.py install is deprecated -W ignore:easy_install command is deprecated setup.py egg_info --egg-base ../../build/rotom_description build --build-base /home/caden/Documents/rotom/src/ros2_ws/build/rotom_description/build install --record /home/caden/Documents/rotom/src/ros2_ws/build/rotom_description/install.log --single-version-externally-managed install_data --force
