[1.534s] Invoking command in '/home/caden/Documents/rotom/src/ros2_ws/src/rotom_description': CONDA_PROMPT_MODIFIER=(rotom) PYTHONPATH=/home/caden/Documents/rotom/src/ros2_ws/build/rotom_description/prefix_override:/usr/lib/python3/dist-packages/colcon_core/task/python/colcon_distutils_commands:/home/caden/Documents/rotom/src/ros2_ws/install/rotom_description/lib/python3.10/site-packages:${PYTHONPATH} /usr/bin/python3 -W ignore:setup.py install is deprecated -W ignore:easy_install command is deprecated setup.py egg_info --egg-base ../../build/rotom_description build --build-base /home/caden/Documents/rotom/src/ros2_ws/build/rotom_description/build install --record /home/caden/Documents/rotom/src/ros2_ws/build/rotom_description/install.log --single-version-externally-managed install_data
[2.059s] running egg_info
[2.060s] writing ../../build/rotom_description/rotom_description.egg-info/PKG-INFO
[2.061s] writing dependency_links to ../../build/rotom_description/rotom_description.egg-info/dependency_links.txt
[2.061s] writing entry points to ../../build/rotom_description/rotom_description.egg-info/entry_points.txt
[2.061s] writing requirements to ../../build/rotom_description/rotom_description.egg-info/requires.txt
[2.062s] writing top-level names to ../../build/rotom_description/rotom_description.egg-info/top_level.txt
[2.065s] reading manifest file '../../build/rotom_description/rotom_description.egg-info/SOURCES.txt'
[2.067s] writing manifest file '../../build/rotom_description/rotom_description.egg-info/SOURCES.txt'
[2.068s] running build
[2.068s] running build_py
[2.068s] running install
[2.069s] running install_lib
[2.072s] running install_data
[2.073s] creating /home/caden/Documents/rotom/src/ros2_ws/install/rotom_description/share/rotom_description/rviz
[2.073s] creating /home/caden/Documents/rotom/src/ros2_ws/install/rotom_description/share/rotom_description/meshes
[2.073s] creating /home/caden/Documents/rotom/src/ros2_ws/install/rotom_description/share/rotom_description/meshes/visual
[2.076s] copying meshes/visual/elbow2wrist.stl -> /home/caden/Documents/rotom/src/ros2_ws/install/rotom_description/share/rotom_description/meshes/visual
[2.082s] copying meshes/visual/wrist2flick.stl -> /home/caden/Documents/rotom/src/ros2_ws/install/rotom_description/share/rotom_description/meshes/visual
[2.085s] copying meshes/visual/origin2base.stl -> /home/caden/Documents/rotom/src/ros2_ws/install/rotom_description/share/rotom_description/meshes/visual
[2.088s] copying meshes/visual/base2shoulder.stl -> /home/caden/Documents/rotom/src/ros2_ws/install/rotom_description/share/rotom_description/meshes/visual
[2.091s] copying meshes/visual/EE.stl -> /home/caden/Documents/rotom/src/ros2_ws/install/rotom_description/share/rotom_description/meshes/visual
[2.098s] copying meshes/visual/shoulder2elbow.stl -> /home/caden/Documents/rotom/src/ros2_ws/install/rotom_description/share/rotom_description/meshes/visual
[2.106s] creating /home/caden/Documents/rotom/src/ros2_ws/install/rotom_description/share/rotom_description/meshes/collision
[2.106s] running install_egg_info
[2.116s] removing '/home/caden/Documents/rotom/src/ros2_ws/install/rotom_description/lib/python3.10/site-packages/rotom_description-0.0.0-py3.10.egg-info' (and everything under it)
[2.116s] Copying ../../build/rotom_description/rotom_description.egg-info to /home/caden/Documents/rotom/src/ros2_ws/install/rotom_description/lib/python3.10/site-packages/rotom_description-0.0.0-py3.10.egg-info
[2.118s] running install_scripts
[2.162s] writing list of installed files to '/home/caden/Documents/rotom/src/ros2_ws/build/rotom_description/install.log'
[2.236s] Invoked command in '/home/caden/Documents/rotom/src/ros2_ws/src/rotom_description' returned '0': CONDA_PROMPT_MODIFIER=(rotom) PYTHONPATH=/home/caden/Documents/rotom/src/ros2_ws/build/rotom_description/prefix_override:/usr/lib/python3/dist-packages/colcon_core/task/python/colcon_distutils_commands:/home/caden/Documents/rotom/src/ros2_ws/install/rotom_description/lib/python3.10/site-packages:${PYTHONPATH} /usr/bin/python3 -W ignore:setup.py install is deprecated -W ignore:easy_install command is deprecated setup.py egg_info --egg-base ../../build/rotom_description build --build-base /home/caden/Documents/rotom/src/ros2_ws/build/rotom_description/build install --record /home/caden/Documents/rotom/src/ros2_ws/build/rotom_description/install.log --single-version-externally-managed install_data
