[1.351s] Invoking command in '/home/caden/Documents/rotom/src/ros2_ws/build/rotom_vision': PYTHONPATH=/home/caden/Documents/rotom/src/ros2_ws/build/rotom_vision/prefix_override:/usr/lib/python3/dist-packages/colcon_core/task/python/colcon_distutils_commands:/home/caden/Documents/rotom/src/ros2_ws/install/rotom_vision/lib/python3.10/site-packages:${PYTHONPATH} /usr/bin/python3 -W ignore:setup.py install is deprecated -W ignore:easy_install command is deprecated setup.py develop --editable --build-directory /home/caden/Documents/rotom/src/ros2_ws/build/rotom_vision/build --no-deps symlink_data
[1.899s] running develop
[2.301s] running egg_info
[2.302s] writing rotom_vision.egg-info/PKG-INFO
[2.302s] writing dependency_links to rotom_vision.egg-info/dependency_links.txt
[2.302s] writing entry points to rotom_vision.egg-info/entry_points.txt
[2.303s] writing requirements to rotom_vision.egg-info/requires.txt
[2.303s] writing top-level names to rotom_vision.egg-info/top_level.txt
[2.306s] reading manifest file 'rotom_vision.egg-info/SOURCES.txt'
[2.308s] writing manifest file 'rotom_vision.egg-info/SOURCES.txt'
[2.310s] running build_ext
[2.311s] Creating /home/caden/Documents/rotom/src/ros2_ws/install/rotom_vision/lib/python3.10/site-packages/rotom-vision.egg-link (link to .)
[2.313s] Installing aruco_tracker script to /home/caden/Documents/rotom/src/ros2_ws/install/rotom_vision/lib/rotom_vision
[2.313s] Installing marker_follower script to /home/caden/Documents/rotom/src/ros2_ws/install/rotom_vision/lib/rotom_vision
[2.313s] Installing stereo_splitter script to /home/caden/Documents/rotom/src/ros2_ws/install/rotom_vision/lib/rotom_vision
[2.313s] Installing visual_servo script to /home/caden/Documents/rotom/src/ros2_ws/install/rotom_vision/lib/rotom_vision
[2.314s] 
[2.314s] Installed /home/caden/Documents/rotom/src/ros2_ws/build/rotom_vision
[2.314s] running symlink_data
[2.402s] Invoked command in '/home/caden/Documents/rotom/src/ros2_ws/build/rotom_vision' returned '0': PYTHONPATH=/home/caden/Documents/rotom/src/ros2_ws/build/rotom_vision/prefix_override:/usr/lib/python3/dist-packages/colcon_core/task/python/colcon_distutils_commands:/home/caden/Documents/rotom/src/ros2_ws/install/rotom_vision/lib/python3.10/site-packages:${PYTHONPATH} /usr/bin/python3 -W ignore:setup.py install is deprecated -W ignore:easy_install command is deprecated setup.py develop --editable --build-directory /home/caden/Documents/rotom/src/ros2_ws/build/rotom_vision/build --no-deps symlink_data
